#1 [internal] load local bake definitions
#1 reading from stdin 503B done
#1 DONE 0.0s

#2 [internal] load build definition from Dockerfile
#2 transferring dockerfile: 1.34kB done
#2 WARN: FromAsCasing: 'as' and 'FROM' keywords' casing do not match (line 1)
#2 DONE 0.0s

#3 [internal] load metadata for docker.io/rustlang/rust:nightly
#3 DONE 0.0s

#4 [internal] load metadata for docker.io/library/debian:sid-slim
#4 DONE 0.4s

#5 [internal] load .dockerignore
#5 transferring context: 66B done
#5 DONE 0.0s

#6 [builder  1/13] FROM docker.io/rustlang/rust:nightly
#6 DONE 0.0s

#7 [stage-1 1/9] FROM docker.io/library/debian:sid-slim@sha256:c0f1b3716686ee452f7c62c82d8aee5f79feccba7402e967b79658100d5bd6cf
#7 DONE 0.0s

#8 [internal] load build context
#8 transferring context: 35.27kB 0.0s done
#8 DONE 0.0s

#9 [builder  3/13] RUN apt-get update && apt-get install -y     python3-dev     python3-pip     pkg-config     && rm -rf /var/lib/apt/lists/*
#9 CACHED

#10 [builder  4/13] COPY Cargo.toml Cargo.lock ./
#10 CACHED

#11 [builder  5/13] RUN mkdir src && echo "fn main() {}" > src/main.rs
#11 CACHED

#12 [builder  6/13] RUN cargo build --release
#12 CACHED

#13 [builder  2/13] WORKDIR /app
#13 CACHED

#14 [builder  7/13] RUN rm -rf src
#14 CACHED

#15 [builder  8/13] COPY src ./src
#15 DONE 0.1s

#16 [builder  9/13] COPY migrations ./migrations
#16 DONE 0.0s

#17 [builder 10/13] COPY migrations_postgres ./migrations_postgres
#17 DONE 0.0s

#18 [builder 11/13] COPY static ./static
#18 DONE 0.0s

#19 [builder 12/13] RUN touch src/main.rs
#19 DONE 0.2s

#20 [builder 13/13] RUN cargo build --release
#20 0.236 warning: unused manifest key: dependencies.aws-types.aws-sdk-sesv2
#20 0.236 warning: unused manifest key: dependencies.aws-types.lettre
#20 1.104    Compiling freeradical v2.5.0 (/app)
#20 2.449 error[E0432]: unresolved import `aws_config::behavior_version`
#20 2.449  --> src/services/email_service.rs:9:17
#20 2.449   |
#20 2.449 9 | use aws_config::behavior_version::BehaviorVersion;
#20 2.449   |                 ^^^^^^^^^^^^^^^^ could not find `behavior_version` in `aws_config`
#20 2.449 
#20 2.449 error[E0433]: failed to resolve: use of unresolved module or unlinked crate `lettre`
#20 2.449  --> src/services/email_service.rs:6:5
#20 2.449   |
#20 2.449 6 | use lettre::{Message, SmtpTransport, Transport, transport::smtp::authentication::Credentials};
#20 2.449   |     ^^^^^^ use of unresolved module or unlinked crate `lettre`
#20 2.449   |
#20 2.449   = help: if you wanted to use a crate named `lettre`, use `cargo add lettre` to add it to your `Cargo.toml`
#20 2.449 
#20 2.449 error[E0432]: unresolved import `lettre`
#20 2.449  --> src/services/email_service.rs:6:5
#20 2.449   |
#20 2.449 6 | use lettre::{Message, SmtpTransport, Transport, transport::smtp::authentication::Credentials};
#20 2.449   |     ^^^^^^ use of unresolved module or unlinked crate `lettre`
#20 2.449   |
#20 2.449   = help: if you wanted to use a crate named `lettre`, use `cargo add lettre` to add it to your `Cargo.toml`
#20 2.449 
#20 2.452 error[E0432]: unresolved import `aws_sdk_sesv2`
#20 2.452  --> src/services/email_service.rs:7:5
#20 2.452   |
#20 2.452 7 | use aws_sdk_sesv2::Client as SesClient;
#20 2.452   |     ^^^^^^^^^^^^^ use of unresolved module or unlinked crate `aws_sdk_sesv2`
#20 2.452   |
#20 2.452 help: there is a crate or module with a similar name
#20 2.452   |
#20 2.452 7 - use aws_sdk_sesv2::Client as SesClient;
#20 2.452 7 + use aws_sdk_s3::Client as SesClient;
#20 2.452   |
#20 2.452 
#20 2.656 error[E0433]: failed to resolve: use of unresolved module or unlinked crate `lettre`
#20 2.656   --> src/services/email_service.rs:75:55
#20 2.656    |
#20 2.656 75 |             .from(self.from_email.parse().map_err(|e: lettre::address::AddressError| e.to_string())?)
#20 2.656    |                                                       ^^^^^^ use of unresolved module or unlinked crate `lettre`
#20 2.656    |
#20 2.656    = help: if you wanted to use a crate named `lettre`, use `cargo add lettre` to add it to your `Cargo.toml`
#20 2.656 
#20 2.670 error[E0433]: failed to resolve: use of unresolved module or unlinked crate `lettre`
#20 2.670   --> src/services/email_service.rs:76:40
#20 2.670    |
#20 2.670 76 |             .to(to.parse().map_err(|e: lettre::address::AddressError| e.to_string())?)
#20 2.670    |                                        ^^^^^^ use of unresolved module or unlinked crate `lettre`
#20 2.670    |
#20 2.670    = help: if you wanted to use a crate named `lettre`, use `cargo add lettre` to add it to your `Cargo.toml`
#20 2.670 
#20 2.708 error[E0433]: failed to resolve: use of unresolved module or unlinked crate `aws_sdk_sesv2`
#20 2.708    --> src/services/email_service.rs:115:41
#20 2.708     |
#20 2.708 115 |                     let email_content = aws_sdk_sesv2::types::EmailContent::builder()
#20 2.708     |                                         ^^^^^^^^^^^^^ use of unresolved module or unlinked crate `aws_sdk_sesv2`
#20 2.708     |
#20 2.708 help: there is a crate or module with a similar name
#20 2.708     |
#20 2.708 115 -                     let email_content = aws_sdk_sesv2::types::EmailContent::builder()
#20 2.708 115 +                     let email_content = aws_sdk_s3::types::EmailContent::builder()
#20 2.708     |
#20 2.708 
#20 3.041 error[E0433]: failed to resolve: use of unresolved module or unlinked crate `lettre`
#20 3.041   --> src/services/email_service.rs:78:21
#20 3.041    |
#20 3.041 78 |             .header(lettre::message::header::ContentType::TEXT_HTML)
#20 3.041    |                     ^^^^^^ use of unresolved module or unlinked crate `lettre`
#20 3.041    |
#20 3.041    = help: if you wanted to use a crate named `lettre`, use `cargo add lettre` to add it to your `Cargo.toml`
#20 3.041 help: consider importing one of these items
#20 3.041    |
#20 3.041  1 + use crate::services::content_calendar::ContentType;
#20 3.041    |
#20 3.041  1 + use actix_web::http::header::ContentType;
#20 3.041    |
#20 3.041 help: if you import `ContentType`, refer to it directly
#20 3.041    |
#20 3.041 78 -             .header(lettre::message::header::ContentType::TEXT_HTML)
#20 3.041 78 +             .header(ContentType::TEXT_HTML)
#20 3.041    |
#20 3.041 
#20 3.048 error[E0433]: failed to resolve: use of unresolved module or unlinked crate `aws_sdk_sesv2`
#20 3.048    --> src/services/email_service.rs:106:32
#20 3.048     |
#20 3.048 106 |                     let body = aws_sdk_sesv2::types::Body::builder()
#20 3.048     |                                ^^^^^^^^^^^^^ use of unresolved module or unlinked crate `aws_sdk_sesv2`
#20 3.048     |
#20 3.048 help: there is a crate or module with a similar name
#20 3.048     |
#20 3.048 106 -                     let body = aws_sdk_sesv2::types::Body::builder()
#20 3.048 106 +                     let body = aws_sdk_s3::types::Body::builder()
#20 3.048     |
#20 3.048 help: consider importing this struct
#20 3.048     |
#20 3.048   1 + use reqwest::Body;
#20 3.048     |
#20 3.048 help: if you import `Body`, refer to it directly
#20 3.048     |
#20 3.048 106 -                     let body = aws_sdk_sesv2::types::Body::builder()
#20 3.048 106 +                     let body = Body::builder()
#20 3.048     |
#20 3.048 
#20 3.057 error[E0433]: failed to resolve: use of unresolved module or unlinked crate `aws_sdk_sesv2`
#20 3.057    --> src/services/email_service.rs:107:31
#20 3.057     |
#20 3.057 107 | ...   .html(aws_sdk_sesv2::types::Content::builder().data(html_body).build().map_err(|e| e.to_string())?) // Fix: handle build error
#20 3.057     |             ^^^^^^^^^^^^^ use of unresolved module or unlinked crate `aws_sdk_sesv2`
#20 3.057     |
#20 3.057 help: there is a crate or module with a similar name
#20 3.057     |
#20 3.057 107 -                         .html(aws_sdk_sesv2::types::Content::builder().data(html_body).build().map_err(|e| e.to_string())?) // Fix: handle build error
#20 3.057 107 +                         .html(aws_sdk_s3::types::Content::builder().data(html_body).build().map_err(|e| e.to_string())?) // Fix: handle build error
#20 3.057     |
#20 3.057 help: consider importing this struct
#20 3.057     |
#20 3.057   1 + use utoipa::openapi::Content;
#20 3.057     |
#20 3.057 help: if you import `Content`, refer to it directly
#20 3.057     |
#20 3.057 107 -                         .html(aws_sdk_sesv2::types::Content::builder().data(html_body).build().map_err(|e| e.to_string())?) // Fix: handle build error
#20 3.057 107 +                         .html(Content::builder().data(html_body).build().map_err(|e| e.to_string())?) // Fix: handle build error
#20 3.057     |
#20 3.057 
#20 3.065 error[E0433]: failed to resolve: use of unresolved module or unlinked crate `aws_sdk_sesv2`
#20 3.065    --> src/services/email_service.rs:110:35
#20 3.065     |
#20 3.065 110 |                     let message = aws_sdk_sesv2::types::Message::builder()
#20 3.065     |                                   ^^^^^^^^^^^^^ use of unresolved module or unlinked crate `aws_sdk_sesv2`
#20 3.065     |
#20 3.065 help: there is a crate or module with a similar name
#20 3.065     |
#20 3.065 110 -                     let message = aws_sdk_sesv2::types::Message::builder()
#20 3.065 110 +                     let message = aws_sdk_s3::types::Message::builder()
#20 3.065     |
#20 3.065 help: consider importing this struct
#20 3.065     |
#20 3.065   1 + use aws_sdk_s3::primitives::event_stream::Message;
#20 3.065     |
#20 3.065 help: if you import `Message`, refer to it directly
#20 3.065     |
#20 3.065 110 -                     let message = aws_sdk_sesv2::types::Message::builder()
#20 3.065 110 +                     let message = Message::builder()
#20 3.065     |
#20 3.065 
#20 3.075 error[E0433]: failed to resolve: use of unresolved module or unlinked crate `aws_sdk_sesv2`
#20 3.075    --> src/services/email_service.rs:111:34
#20 3.075     |
#20 3.075 111 | ...   .subject(aws_sdk_sesv2::types::Content::builder().data(subject).build().map_err(|e| e.to_string())?) // Fix: handle build error
#20 3.075     |                ^^^^^^^^^^^^^ use of unresolved module or unlinked crate `aws_sdk_sesv2`
#20 3.075     |
#20 3.075 help: there is a crate or module with a similar name
#20 3.075     |
#20 3.075 111 -                         .subject(aws_sdk_sesv2::types::Content::builder().data(subject).build().map_err(|e| e.to_string())?) // Fix: handle build error
#20 3.075 111 +                         .subject(aws_sdk_s3::types::Content::builder().data(subject).build().map_err(|e| e.to_string())?) // Fix: handle build error
#20 3.075     |
#20 3.075 help: consider importing this struct
#20 3.075     |
#20 3.075   1 + use utoipa::openapi::Content;
#20 3.075     |
#20 3.075 help: if you import `Content`, refer to it directly
#20 3.075     |
#20 3.075 111 -                         .subject(aws_sdk_sesv2::types::Content::builder().data(subject).build().map_err(|e| e.to_string())?) // Fix: handle build error
#20 3.075 111 +                         .subject(Content::builder().data(subject).build().map_err(|e| e.to_string())?) // Fix: handle build error
#20 3.075     |
#20 3.075 
#20 3.084 error[E0433]: failed to resolve: use of unresolved module or unlinked crate `aws_sdk_sesv2`
#20 3.084    --> src/services/email_service.rs:119:32
#20 3.084     |
#20 3.084 119 |                     let dest = aws_sdk_sesv2::types::Destination::builder()
#20 3.084     |                                ^^^^^^^^^^^^^ use of unresolved module or unlinked crate `aws_sdk_sesv2`
#20 3.084     |
#20 3.084 help: there is a crate or module with a similar name
#20 3.084     |
#20 3.084 119 -                     let dest = aws_sdk_sesv2::types::Destination::builder()
#20 3.084 119 +                     let dest = aws_sdk_s3::types::Destination::builder()
#20 3.084     |
#20 3.084 help: consider importing this struct
#20 3.084     |
#20 3.084   1 + use aws_sdk_s3::types::Destination;
#20 3.084     |
#20 3.084 help: if you import `Destination`, refer to it directly
#20 3.084     |
#20 3.084 119 -                     let dest = aws_sdk_sesv2::types::Destination::builder()
#20 3.084 119 +                     let dest = Destination::builder()
#20 3.084     |
#20 3.084 
#20 3.174 warning: unused imports: `ConnectionManager` and `Pool`
#20 3.174  --> src/main.rs:6:20
#20 3.174   |
#20 3.174 6 | use diesel::r2d2::{ConnectionManager, Pool};
#20 3.174   |                    ^^^^^^^^^^^^^^^^^  ^^^^
#20 3.174   |
#20 3.174   = note: `#[warn(unused_imports)]` (part of `#[warn(unused)]`) on by default
#20 3.174 
#20 3.174 warning: unused import: `handlebars::Handlebars`
#20 3.174  --> src/main.rs:8:5
#20 3.174   |
#20 3.174 8 | use handlebars::Handlebars;
#20 3.174   |     ^^^^^^^^^^^^^^^^^^^^^^
#20 3.174 
#20 3.174 warning: unused import: `std::sync::Mutex`
#20 3.174  --> src/main.rs:9:5
#20 3.174   |
#20 3.174 9 | use std::sync::Mutex;
#20 3.174   |     ^^^^^^^^^^^^^^^^
#20 3.174 
#20 3.174 warning: unused import: `std::time::Duration`
#20 3.174   --> src/main.rs:10:5
#20 3.174    |
#20 3.174 10 | use std::time::Duration;
#20 3.174    |     ^^^^^^^^^^^^^^^^^^^
#20 3.174 
#20 3.174 warning: unused import: `crate::services::auth_service::Claims`
#20 3.174   --> src/controllers/page_controllers.rs:12:5
#20 3.174    |
#20 3.174 12 | use crate::services::auth_service::Claims;
#20 3.174    |     ^^^^^^^^^^^^^^^^^^^^^^^^^^^^^^^^^^^^^
#20 3.174 
#20 3.174 warning: unused import: `crate::models::PooledDatabaseConnection`
#20 3.174   --> src/controllers/product_controller.rs:38:9
#20 3.174    |
#20 3.174 38 |     use crate::models::PooledDatabaseConnection;
#20 3.174    |         ^^^^^^^^^^^^^^^^^^^^^^^^^^^^^^^^^^^^^^^
#20 3.174 
#20 3.174 warning: unused import: `crate::models::PooledDatabaseConnection`
#20 3.174   --> src/controllers/product_controller.rs:76:9
#20 3.174    |
#20 3.174 76 |     use crate::models::PooledDatabaseConnection;
#20 3.174    |         ^^^^^^^^^^^^^^^^^^^^^^^^^^^^^^^^^^^^^^^
#20 3.174 
#20 3.174 warning: unused import: `crate::models::PooledDatabaseConnection`
#20 3.174   --> src/controllers/product_controller.rs:98:9
#20 3.174    |
#20 3.174 98 |     use crate::models::PooledDatabaseConnection;
#20 3.174    |         ^^^^^^^^^^^^^^^^^^^^^^^^^^^^^^^^^^^^^^^
#20 3.174 
#20 3.174 warning: unnecessary trailing semicolon
#20 3.174    --> src/controllers/product_controller.rs:153:9
#20 3.174     |
#20 3.174 153 |         ;
#20 3.174     |         ^ help: remove this semicolon
#20 3.174     |
#20 3.174     = note: `#[warn(redundant_semicolons)]` (part of `#[warn(unused)]`) on by default
#20 3.174 
#20 3.174 warning: unused import: `crate::models::PooledDatabaseConnection`
#20 3.174    --> src/controllers/product_controller.rs:133:9
#20 3.174     |
#20 3.174 133 |     use crate::models::PooledDatabaseConnection;
#20 3.174     |         ^^^^^^^^^^^^^^^^^^^^^^^^^^^^^^^^^^^^^^^
#20 3.174 
#20 3.174 warning: unnecessary trailing semicolon
#20 3.174    --> src/controllers/product_controller.rs:189:9
#20 3.174     |
#20 3.174 189 |         ;
#20 3.174     |         ^ help: remove this semicolon
#20 3.174 
#20 3.174 warning: unused import: `crate::models::PooledDatabaseConnection`
#20 3.174    --> src/controllers/product_controller.rs:172:9
#20 3.174     |
#20 3.174 172 |     use crate::models::PooledDatabaseConnection;
#20 3.174     |         ^^^^^^^^^^^^^^^^^^^^^^^^^^^^^^^^^^^^^^^
#20 3.174 
#20 3.174 warning: unused import: `chrono::NaiveDateTime`
#20 3.174  --> src/controllers/order_controller.rs:5:5
#20 3.174   |
#20 3.174 5 | use chrono::NaiveDateTime;
#20 3.174   |     ^^^^^^^^^^^^^^^^^^^^^
#20 3.174 
#20 3.174 warning: unused import: `PooledDatabaseConnection`
#20 3.174  --> src/controllers/order_controller.rs:7:49
#20 3.174   |
#20 3.174 7 | use crate::models::{pool_handler, DatabasePool, PooledDatabaseConnection};
#20 3.174   |                                                 ^^^^^^^^^^^^^^^^^^^^^^^^
#20 3.174 
#20 3.174 warning: unused import: `OrderItem`
#20 3.174  --> src/controllers/order_controller.rs:8:45
#20 3.174   |
#20 3.174 8 | use crate::models::commerce_models::{Order, OrderItem, NewOrder, NewOrderItem, Product};
#20 3.174   |                                             ^^^^^^^^^
#20 3.174 
#20 3.175 warning: unused import: `std::fs`
#20 3.175  --> src/controllers/media_controller.rs:5:5
#20 3.175   |
#20 3.175 5 | use std::fs;
#20 3.175   |     ^^^^^^^
#20 3.175 
#20 3.175 warning: unused import: `std::io::Write`
#20 3.175  --> src/controllers/media_controller.rs:6:5
#20 3.175   |
#20 3.175 6 | use std::io::Write;
#20 3.175   |     ^^^^^^^^^^^^^^
#20 3.175 
#20 3.175 warning: unused import: `pool_handler`
#20 3.175  --> src/controllers/relationship_controller.rs:6:35
#20 3.175   |
#20 3.175 6 | use crate::models::{DatabasePool, pool_handler};
#20 3.175   |                                   ^^^^^^^^^^^^
#20 3.175 
#20 3.175 warning: unused import: `Serialize`
#20 3.175  --> src/controllers/webhook_controller.rs:2:26
#20 3.175   |
#20 3.175 2 | use serde::{Deserialize, Serialize};
#20 3.175   |                          ^^^^^^^^^
#20 3.175 
#20 3.175 warning: unused import: `web`
#20 3.175  --> src/controllers/backup_controller.rs:1:28
#20 3.175   |
#20 3.175 1 | use actix_web::{get, post, web, HttpResponse, Responder};
#20 3.175   |                            ^^^
#20 3.175 
#20 3.175 warning: unused import: `Serialize`
#20 3.175  --> src/controllers/payment_controller.rs:6:26
#20 3.175   |
#20 3.175 6 | use serde::{Deserialize, Serialize};
#20 3.175   |                          ^^^^^^^^^
#20 3.175 
#20 3.176 warning: unused import: `async_graphql::http`
#20 3.176  --> src/controllers/graphql_controller.rs:5:5
#20 3.176   |
#20 3.176 5 | use async_graphql::http;
#20 3.176   |     ^^^^^^^^^^^^^^^^^^^
#20 3.176 
#20 3.176 warning: unused import: `Serialize`
#20 3.176  --> src/controllers/graphql_controller.rs:7:26
#20 3.176   |
#20 3.176 7 | use serde::{Deserialize, Serialize};
#20 3.176   |                          ^^^^^^^^^
#20 3.176 
#20 3.176 warning: unused import: `pool_handler`
#20 3.176  --> src/controllers/search_controller.rs:3:35
#20 3.176   |
#20 3.176 3 | use crate::models::{DatabasePool, pool_handler};
#20 3.176   |                                   ^^^^^^^^^^^^
#20 3.176 
#20 3.176 warning: unused imports: `delete` and `put`
#20 3.176  --> src/controllers/i18n_controller.rs:1:58
#20 3.176   |
#20 3.176 1 | use actix_web::{web, HttpResponse, Responder, get, post, put, delete};
#20 3.176   |                                                          ^^^  ^^^^^^
#20 3.176 
#20 3.176 warning: unused import: `Language`
#20 3.176  --> src/controllers/i18n_controller.rs:5:58
#20 3.176   |
#20 3.176 5 | use crate::services::language_service::{LanguageService, Language, NewLanguage};
#20 3.176   |                                                          ^^^^^^^^
#20 3.176 
#20 3.177 warning: unused import: `post`
#20 3.177  --> src/controllers/oauth_controller.rs:1:52
#20 3.177   |
#20 3.177 1 | use actix_web::{web, HttpResponse, Responder, get, post};
#20 3.177   |                                                    ^^^^
#20 3.177 
#20 3.177 warning: unused import: `Serialize`
#20 3.177  --> src/controllers/oauth_controller.rs:2:26
#20 3.177   |
#20 3.177 2 | use serde::{Deserialize, Serialize};
#20 3.177   |                          ^^^^^^^^^
#20 3.177 
#20 3.177 warning: unused import: `User`
#20 3.177  --> src/controllers/oauth_callback_controller.rs:5:34
#20 3.177   |
#20 3.177 5 | use crate::models::user_models::{User, MutUser};
#20 3.177   |                                  ^^^^
#20 3.177 
#20 3.177 warning: unused import: `crate::models::Model`
#20 3.177  --> src/controllers/oauth_callback_controller.rs:6:5
#20 3.177   |
#20 3.177 6 | use crate::models::Model;
#20 3.177   |     ^^^^^^^^^^^^^^^^^^^^
#20 3.177 
#20 3.177 warning: unused import: `crate::models::PooledDatabaseConnection`
#20 3.177   --> src/controllers/oauth_callback_controller.rs:63:9
#20 3.177    |
#20 3.177 63 |     use crate::models::PooledDatabaseConnection;
#20 3.177    |         ^^^^^^^^^^^^^^^^^^^^^^^^^^^^^^^^^^^^^^^
#20 3.177 
#20 3.177 warning: unused import: `crate::models::PooledDatabaseConnection`
#20 3.177    --> src/controllers/oauth_callback_controller.rs:184:9
#20 3.177     |
#20 3.177 184 |     use crate::models::PooledDatabaseConnection;
#20 3.177     |         ^^^^^^^^^^^^^^^^^^^^^^^^^^^^^^^^^^^^^^^
#20 3.177 
#20 3.177 warning: unused import: `web`
#20 3.177  --> src/controllers/dashboard_controller.rs:1:47
#20 3.177   |
#20 3.177 1 | use actix_web::{get, HttpResponse, Responder, web};
#20 3.177   |                                               ^^^
#20 3.177 
#20 3.177 warning: unused import: `Deserialize`
#20 3.177  --> src/controllers/dashboard_controller.rs:2:24
#20 3.177   |
#20 3.177 2 | use serde::{Serialize, Deserialize};
#20 3.177   |                        ^^^^^^^^^^^
#20 3.177 
#20 3.178 warning: unused import: `UserContext`
#20 3.178  --> src/controllers/survey_controller.rs:3:60
#20 3.178   |
#20 3.178 3 | use crate::middleware::auth_middleware::{get_user_context, UserContext};
#20 3.178   |                                                            ^^^^^^^^^^^
#20 3.178 
#20 3.178 warning: unused import: `crate::schema::tenants`
#20 3.178  --> src/helpers/tenant_helper.rs:4:5
#20 3.178   |
#20 3.178 4 | use crate::schema::tenants;
#20 3.178   |     ^^^^^^^^^^^^^^^^^^^^^^
#20 3.178 
#20 3.178 warning: unused import: `std::time::Duration`
#20 3.178  --> src/services/cache_service.rs:2:5
#20 3.178   |
#20 3.178 2 | use std::time::Duration;
#20 3.178   |     ^^^^^^^^^^^^^^^^^^^
#20 3.178 
#20 3.178 warning: unused import: `chrono::NaiveDateTime`
#20 3.178  --> src/services/analytics_service.rs:2:5
#20 3.178   |
#20 3.178 2 | use chrono::NaiveDateTime;
#20 3.178   |     ^^^^^^^^^^^^^^^^^^^^^
#20 3.178 
#20 3.178 warning: unused imports: `Duration` and `Timelike`
#20 3.178   --> src/services/analytics_service.rs:83:27
#20 3.178    |
#20 3.178 83 |         use chrono::{Utc, Duration, Timelike};
#20 3.178    |                           ^^^^^^^^  ^^^^^^^^
#20 3.178 
#20 3.178 warning: unused import: `Timelike`
#20 3.178    --> src/services/analytics_service.rs:128:27
#20 3.178     |
#20 3.178 128 |         use chrono::{Utc, Timelike};
#20 3.178     |                           ^^^^^^^^
#20 3.178 
#20 3.178 warning: unused import: `actix_web::http::header::HeaderValue`
#20 3.178  --> src/services/auth_service.rs:1:5
#20 3.178   |
#20 3.178 1 | use actix_web::http::header::HeaderValue;
#20 3.178   |     ^^^^^^^^^^^^^^^^^^^^^^^^^^^^^^^^^^^^
#20 3.178 
#20 3.178 warning: unused imports: `PasswordHash` and `PasswordVerifier`
#20 3.178  --> src/services/auth_service.rs:4:33
#20 3.178   |
#20 3.178 4 | use password_hash::{SaltString, PasswordHash, PasswordVerifier};
#20 3.178   |                                 ^^^^^^^^^^^^  ^^^^^^^^^^^^^^^^
#20 3.178 
#20 3.178 warning: unused import: `diesel::prelude::*`
#20 3.178  --> src/services/auth_service.rs:5:5
#20 3.178   |
#20 3.178 5 | use diesel::prelude::*;
#20 3.178   |     ^^^^^^^^^^^^^^^^^^
#20 3.178 
#20 3.179 warning: unused import: `pool_handler`
#20 3.179   --> src/services/auth_service.rs:13:21
#20 3.179    |
#20 3.179 13 | use crate::models::{pool_handler, user_models, Model, DatabasePool};
#20 3.179    |                     ^^^^^^^^^^^^
#20 3.179 
#20 3.179 warning: unused imports: `page_revisions` and `pages`
#20 3.179  --> src/services/revision_service.rs:5:21
#20 3.179   |
#20 3.179 5 | use crate::schema::{pages, page_revisions};
#20 3.179   |                     ^^^^^  ^^^^^^^^^^^^^^
#20 3.179 
#20 3.179 warning: unused import: `chrono::Utc`
#20 3.179  --> src/services/inventory_service.rs:5:5
#20 3.179   |
#20 3.179 5 | use chrono::Utc;
#20 3.179   |     ^^^^^^^^^^^
#20 3.179 
#20 3.179 warning: unused import: `uuid::Uuid`
#20 3.179  --> src/services/inventory_service.rs:6:5
#20 3.179   |
#20 3.179 6 | use uuid::Uuid;
#20 3.179   |     ^^^^^^^^^^
#20 3.179 
#20 3.179 warning: unused import: `actix_web::web`
#20 3.179  --> src/services/ai_scope_service.rs:1:5
#20 3.179   |
#20 3.179 1 | use actix_web::web;
#20 3.179   |     ^^^^^^^^^^^^^^
#20 3.179 
#20 3.179 warning: unused import: `diesel::prelude::*`
#20 3.179  --> src/services/ai_scope_service.rs:2:5
#20 3.179   |
#20 3.179 2 | use diesel::prelude::*;
#20 3.179   |     ^^^^^^^^^^^^^^^^^^
#20 3.179 
#20 3.179 warning: unused import: `crate::models::DbPool`
#20 3.179  --> src/services/ai_scope_service.rs:4:5
#20 3.179   |
#20 3.179 4 | use crate::models::DbPool;
#20 3.179   |     ^^^^^^^^^^^^^^^^^^^^^
#20 3.179 
#20 3.180 warning: unused import: `HttpResponse`
#20 3.180  --> src/services/ai_authorization_service.rs:1:35
#20 3.180   |
#20 3.180 1 | use actix_web::{web, HttpRequest, HttpResponse};
#20 3.180   |                                   ^^^^^^^^^^^^
#20 3.180 
#20 3.180 warning: unused import: `diesel::prelude::*`
#20 3.180  --> src/services/ai_authorization_service.rs:3:5
#20 3.180   |
#20 3.180 3 | use diesel::prelude::*;
#20 3.180   |     ^^^^^^^^^^^^^^^^^^
#20 3.180 
#20 3.180 warning: unused import: `crate::schema::pages`
#20 3.180   --> src/services/ai_authorization_service.rs:92:9
#20 3.180    |
#20 3.180 92 |     use crate::schema::pages;
#20 3.180    |         ^^^^^^^^^^^^^^^^^^^^
#20 3.180 
#20 3.180 warning: unused import: `crate::schema::pages`
#20 3.180    --> src/services/ai_authorization_service.rs:127:9
#20 3.180     |
#20 3.180 127 |     use crate::schema::pages;
#20 3.180     |         ^^^^^^^^^^^^^^^^^^^^
#20 3.180 
#20 3.180 warning: unused import: `pgvector::Vector`
#20 3.180  --> src/services/semantic_search_service.rs:6:5
#20 3.180   |
#20 3.180 6 | use pgvector::Vector; 
#20 3.180   |     ^^^^^^^^^^^^^^^^
#20 3.180 
#20 3.180 warning: unused import: `crate::models::ai_provider_models::AIProviderConfig`
#20 3.180  --> src/services/semantic_search_service.rs:9:5
#20 3.180   |
#20 3.180 9 | use crate::models::ai_provider_models::AIProviderConfig;
#20 3.180   |     ^^^^^^^^^^^^^^^^^^^^^^^^^^^^^^^^^^^^^^^^^^^^^^^^^^^
#20 3.180 
#20 3.180 warning: unused imports: `ai_provider_configs` and `search_history`
#20 3.180   --> src/services/semantic_search_service.rs:10:21
#20 3.180    |
#20 3.180 10 | use crate::schema::{ai_provider_configs, content_embeddings, search_history};
#20 3.180    |                     ^^^^^^^^^^^^^^^^^^^                      ^^^^^^^^^^^^^^
#20 3.180 
#20 3.180 warning: unused import: `BigInt`
#20 3.180  --> src/services/recommendation_service.rs:4:25
#20 3.180   |
#20 3.180 4 | use diesel::sql_types::{BigInt, Text, Float4, Integer};
#20 3.180   |                         ^^^^^^
#20 3.180 
#20 3.180 warning: unused import: `pgvector::Vector`
#20 3.180  --> src/services/recommendation_service.rs:5:5
#20 3.180   |
#20 3.180 5 | use pgvector::Vector;
#20 3.180   |     ^^^^^^^^^^^^^^^^
#20 3.180 
#20 3.180 warning: unused import: `content_embeddings`
#20 3.180  --> src/services/recommendation_service.rs:8:28
#20 3.180   |
#20 3.180 8 | use crate::schema::{pages, content_embeddings};
#20 3.180   |                            ^^^^^^^^^^^^^^^^^^
#20 3.180 
#20 3.182 warning: unused import: `error`
#20 3.182  --> src/services/ai_command_executor.rs:2:17
#20 3.182   |
#20 3.182 2 | use log::{info, error};
#20 3.182   |                 ^^^^^
#20 3.182 
#20 3.182 warning: unused import: `error`
#20 3.182  --> src/services/ai_response_handler.rs:1:23
#20 3.182   |
#20 3.182 1 | use log::{info, warn, error};
#20 3.182   |                       ^^^^^
#20 3.182 
#20 3.182 warning: unused imports: `error` and `warn`
#20 3.182  --> src/services/workflow_orchestrator.rs:3:17
#20 3.182   |
#20 3.182 3 | use log::{info, warn, error};
#20 3.182   |                 ^^^^  ^^^^^
#20 3.182 
#20 3.184 warning: unused imports: `Duration` and `sleep`
#20 3.184  --> src/services/content_scheduler.rs:3:19
#20 3.184   |
#20 3.184 3 | use tokio::time::{sleep, Duration};
#20 3.184   |                   ^^^^^  ^^^^^^^^
#20 3.184 
#20 3.186 warning: unused import: `serde_json::Value`
#20 3.186  --> src/services/schema_markup.rs:2:5
#20 3.186   |
#20 3.186 2 | use serde_json::Value;
#20 3.186   |     ^^^^^^^^^^^^^^^^^
#20 3.186 
#20 3.186 warning: unused import: `std::collections::HashMap`
#20 3.186  --> src/services/link_builder.rs:3:5
#20 3.186   |
#20 3.186 3 | use std::collections::HashMap;
#20 3.186   |     ^^^^^^^^^^^^^^^^^^^^^^^^^
#20 3.186 
#20 3.187 warning: unused import: `std::collections::HashMap`
#20 3.187  --> src/services/competitor_analyzer.rs:3:5
#20 3.187   |
#20 3.187 3 | use std::collections::HashMap;
#20 3.187   |     ^^^^^^^^^^^^^^^^^^^^^^^^^
#20 3.187 
#20 3.189 warning: unused import: `std::collections::HashMap`
#20 3.189  --> src/services/inventory_analytics.rs:3:5
#20 3.189   |
#20 3.189 3 | use std::collections::HashMap;
#20 3.189   |     ^^^^^^^^^^^^^^^^^^^^^^^^^
#20 3.189 
#20 3.191 warning: unused import: `roles`
#20 3.191   --> src/services/permission_service.rs:77:37
#20 3.191    |
#20 3.191 77 |     use crate::schema::{user_roles, roles};
#20 3.191    |                                     ^^^^^
#20 3.191 
#20 3.191 warning: unused import: `crate::schema::pages`
#20 3.191    --> src/services/permission_service.rs:123:9
#20 3.191     |
#20 3.191 123 |     use crate::schema::pages;
#20 3.191     |         ^^^^^^^^^^^^^^^^^^^^
#20 3.191 
#20 3.191 warning: unused import: `Client`
#20 3.191  --> src/services/cache_service_v2.rs:4:52
#20 3.191   |
#20 3.191 4 | use redis::{cluster::ClusterClient, AsyncCommands, Client};
#20 3.191   |                                                    ^^^^^^
#20 3.191 
#20 3.191 warning: unused import: `HttpResponse`
#20 3.191  --> src/services/plugin_service/mod.rs:1:38
#20 3.191   |
#20 3.191 1 | use actix_web::{dev::ServiceRequest, HttpResponse};
#20 3.191   |                                      ^^^^^^^^^^^^
#20 3.191 
#20 3.191 warning: unused import: `body::BoxBody`
#20 3.191  --> src/services/plugin_service/middleware.rs:2:24
#20 3.191   |
#20 3.191 2 | use actix_web::{Error, body::BoxBody};
#20 3.191   |                        ^^^^^^^^^^^^^
#20 3.191 
#20 3.191 warning: unused import: `std::path::Path`
#20 3.191  --> src/services/template_service.rs:1:5
#20 3.191   |
#20 3.191 1 | use std::path::Path;
#20 3.191   |     ^^^^^^^^^^^^^^^
#20 3.191 
#20 3.191 warning: unused import: `Template`
#20 3.191  --> src/services/template_service.rs:4:37
#20 3.191   |
#20 3.191 4 | use liquid::{Parser, ParserBuilder, Template};
#20 3.191   |                                     ^^^^^^^^
#20 3.191 
#20 3.192 warning: unused imports: `Deserialize` and `Serialize`
#20 3.192  --> src/services/language_service.rs:2:13
#20 3.192   |
#20 3.192 2 | use serde::{Deserialize, Serialize};
#20 3.192   |             ^^^^^^^^^^^  ^^^^^^^^^
#20 3.192 
#20 3.192 warning: unused import: `diesel::prelude::*`
#20 3.192  --> src/services/analytics_service_v2.rs:1:5
#20 3.192   |
#20 3.192 1 | use diesel::prelude::*;
#20 3.192   |     ^^^^^^^^^^^^^^^^^^
#20 3.192 
#20 3.192 warning: unused import: `Deserialize`
#20 3.192  --> src/services/analytics_service_v2.rs:2:13
#20 3.192   |
#20 3.192 2 | use serde::{Deserialize, Serialize};
#20 3.192   |             ^^^^^^^^^^^
#20 3.192 
#20 3.193 warning: unused import: `crate::services::language_service::LanguageService`
#20 3.193  --> src/services/hreflang_service.rs:1:5
#20 3.193   |
#20 3.193 1 | use crate::services::language_service::LanguageService;
#20 3.193   |     ^^^^^^^^^^^^^^^^^^^^^^^^^^^^^^^^^^^^^^^^^^^^^^^^^^
#20 3.193 
#20 3.193 warning: unused import: `warn`
#20 3.193  --> src/services/email_service.rs:5:24
#20 3.193   |
#20 3.193 5 | use log::{info, error, warn};
#20 3.193   |                        ^^^^
#20 3.193 
#20 3.193 warning: unused import: `DirectorySourceOptions`
#20 3.193  --> src/services/email_template_service.rs:1:30
#20 3.193   |
#20 3.193 1 | use handlebars::{Handlebars, DirectorySourceOptions};
#20 3.193   |                              ^^^^^^^^^^^^^^^^^^^^^^
#20 3.193 
#20 3.193 warning: unused imports: `crm_segments` and `users`
#20 3.193  --> src/services/crm_service.rs:9:54
#20 3.193   |
#20 3.193 9 | use crate::schema::{crm_customers, crm_interactions, crm_segments, crm_tasks, crm_notes, users};
#20 3.193   |                                                      ^^^^^^^^^^^^                        ^^^^^
#20 3.193 
#20 3.193 warning: unused imports: `Deserialize` and `Serialize`
#20 3.193  --> src/models/config_models.rs:1:13
#20 3.193   |
#20 3.193 1 | use serde::{Deserialize, Serialize};
#20 3.193   |             ^^^^^^^^^^^  ^^^^^^^^^
#20 3.193 
#20 3.194 warning: unused import: `std::io::Write`
#20 3.194  --> src/models/status_enum.rs:8:5
#20 3.194   |
#20 3.194 8 | use std::io::Write;
#20 3.194   |     ^^^^^^^^^^^^^^
#20 3.194 
#20 3.196 warning: unused import: `diesel::serialize::ToSql`
#20 3.196  --> src/models/revision_models.rs:6:5
#20 3.196   |
#20 3.196 6 | use diesel::serialize::ToSql;
#20 3.196   |     ^^^^^^^^^^^^^^^^^^^^^^^^
#20 3.196 
#20 3.196 warning: unused import: `diesel::deserialize::FromSql`
#20 3.196  --> src/models/revision_models.rs:7:5
#20 3.196   |
#20 3.196 7 | use diesel::deserialize::FromSql;
#20 3.196   |     ^^^^^^^^^^^^^^^^^^^^^^^^^^^^
#20 3.196 
#20 3.197 warning: unused imports: `Jsonb` and `Numeric`
#20 3.197  --> src/models/inventory_models.rs:3:25
#20 3.197   |
#20 3.197 3 | use diesel::sql_types::{Jsonb, Numeric};
#20 3.197   |                         ^^^^^  ^^^^^^^
#20 3.197 
#20 3.201 warning: unused import: `PooledConnection`
#20 3.201   --> src/models/mod.rs:29:99
#20 3.201    |
#20 3.201 29 | use diesel::{PgConnection, query_builder::AsChangeset, r2d2::{ConnectionManager, Pool, PoolError, PooledConnection}};
#20 3.201    |                                                                                                   ^^^^^^^^^^^^^^^^
#20 3.201 
#20 3.232 warning: unused import: `pgvector::sql_types::Vector`
#20 3.232  --> src/sql_types.rs:1:9
#20 3.232   |
#20 3.232 1 | pub use pgvector::sql_types::Vector;
#20 3.232   |         ^^^^^^^^^^^^^^^^^^^^^^^^^^^
#20 3.232 
#20 3.233 warning: unused import: `crate::models::DatabasePool`
#20 3.233  --> src/graphql/query.rs:5:5
#20 3.233   |
#20 3.233 5 | use crate::models::DatabasePool;
#20 3.233   |     ^^^^^^^^^^^^^^^^^^^^^^^^^^^
#20 3.233 
#20 3.233 warning: unused import: `HttpResponse`
#20 3.233  --> src/middleware/rate_limit.rs:5:12
#20 3.233   |
#20 3.233 5 |     Error, HttpResponse,
#20 3.233   |            ^^^^^^^^^^^^
#20 3.233 
#20 3.233 warning: unused import: `get_user_context`
#20 3.233  --> src/middleware/mod.rs:5:43
#20 3.233   |
#20 3.233 5 | pub use auth_middleware::{AuthMiddleware, get_user_context};
#20 3.233   |                                           ^^^^^^^^^^^^^^^^
#20 3.233 
#20 3.233 warning: unused imports: `Claims`, `UserContext`, and `create_jwt_token`
#20 3.233  --> src/middleware/mod.rs:6:41
#20 3.233   |
#20 3.233 6 | pub use crate::services::auth_service::{Claims, UserContext, create_jwt_token};
#20 3.233   |                                         ^^^^^^  ^^^^^^^^^^^  ^^^^^^^^^^^^^^^^
#20 3.233 
#20 3.730 warning: use of deprecated type alias `diesel::dsl::count_distinct`
#20 3.730    --> src/services/analytics_service.rs:129:26
#20 3.730     |
#20 3.730 129 |         use diesel::dsl::count_distinct;
#20 3.730     |                          ^^^^^^^^^^^^^^
#20 3.730     |
#20 3.730     = note: `#[warn(deprecated)]` on by default
#20 3.730 
#20 3.730 warning: use of deprecated function `diesel::dsl::count_distinct`: Use `AggregateExpressionMethods::aggregate_distinct` instead
#20 3.730    --> src/services/analytics_service.rs:129:26
#20 3.730     |
#20 3.730 129 |         use diesel::dsl::count_distinct;
#20 3.730     |                          ^^^^^^^^^^^^^^
#20 3.730 
#20 3.730 warning: use of deprecated function `diesel::dsl::count_distinct`: Use `AggregateExpressionMethods::aggregate_distinct` instead
#20 3.730    --> src/services/analytics_service.rs:136:21
#20 3.730     |
#20 3.730 136 |             .select(count_distinct(dsl::user_id))
#20 3.730     |                     ^^^^^^^^^^^^^^
#20 3.730 
#20 3.735 warning: use of deprecated function `aws_config::from_env`: Use the `aws_config::defaults` function. If you don't care about future default behavior changes, you can continue to use this function by enabling the `behavior-version-latest` feature. Doing so will make this deprecation notice go away.
#20 3.735   --> src/services/storage_service.rs:78:34
#20 3.735    |
#20 3.735 78 |         let config = aws_config::from_env()
#20 3.735    |                                  ^^^^^^^^
#20 3.735 
#20 3.754 warning: use of deprecated function `base64::encode`: Use Engine::encode
#20 3.754    --> src/services/payment_service/square.rs:237:32
#20 3.754     |
#20 3.754 237 |         let expected = base64::encode(mac.finalize().into_bytes());
#20 3.754     |                                ^^^^^^
#20 3.754 
#20 3.766 warning: use of deprecated type alias `diesel::backend::RawValue`: Use `Backend::RawValue` directly
#20 3.766   --> src/models/status_enum.rs:34:41
#20 3.766    |
#20 3.766 34 |     fn from_sql(bytes: diesel::backend::RawValue<Pg>) -> deserialize::Result<Self> {
#20 3.766    |                                         ^^^^^^^^
#20 3.766 
#20 8.032 warning: use of deprecated method `actix_web::HttpResponseBuilder::set_header`: Replaced with `insert_header((key, value))`. Will be removed in v5.
#20 8.032   --> src/controllers/sitemap_controller.rs:64:26
#20 8.032    |
#20 8.032 64 |                         .set_header("Content-Encoding", "gzip")
#20 8.032    |                          ^^^^^^^^^^
#20 8.032 
#20 8.033 warning: use of deprecated method `actix_web::HttpResponseBuilder::set_header`: Replaced with `insert_header((key, value))`. Will be removed in v5.
#20 8.033   --> src/controllers/sitemap_controller.rs:65:26
#20 8.033    |
#20 8.033 65 |                         .set_header("X-Sitemap-Count", page_count.to_string())
#20 8.033    |                          ^^^^^^^^^^
#20 8.033 
#20 8.035 warning: use of deprecated method `actix_web::HttpResponseBuilder::set_header`: Replaced with `insert_header((key, value))`. Will be removed in v5.
#20 8.035   --> src/controllers/sitemap_controller.rs:71:30
#20 8.035    |
#20 8.035 71 | ...                   .set_header("X-Sitemap-Count", page_count.to_string())
#20 8.035    |                        ^^^^^^^^^^
#20 8.035 
#20 8.035 warning: use of deprecated method `actix_web::HttpResponseBuilder::set_header`: Replaced with `insert_header((key, value))`. Will be removed in v5.
#20 8.035   --> src/controllers/sitemap_controller.rs:79:22
#20 8.035    |
#20 8.035 79 |                     .set_header("X-Sitemap-Count", page_count.to_string())
#20 8.035    |                      ^^^^^^^^^^
#20 8.035 
#20 8.802 warning: variable does not need to be mutable
#20 8.802    --> src/services/ai_authorization_service.rs:133:13
#20 8.802     |
#20 8.802 133 |         let mut conn = pool.get().map_err(|_| diesel::result::Error::DatabaseError(
#20 8.802     |             ----^^^^
#20 8.802     |             |
#20 8.802     |             help: remove this `mut`
#20 8.802     |
#20 8.802     = note: `#[warn(unused_mut)]` (part of `#[warn(unused)]`) on by default
#20 8.802 
#20 9.091 warning: variable does not need to be mutable
#20 9.091   --> src/services/aeo_service.rs:79:13
#20 9.091    |
#20 9.091 79 |         let mut pairs = vec![
#20 9.091    |             ----^^^^^
#20 9.091    |             |
#20 9.091    |             help: remove this `mut`
#20 9.091 
#20 9.455 error[E0282]: type annotations needed
#20 9.455   --> src/services/email_service.rs:90:27
#20 9.455    |
#20 9.455 90 |                     match transport.send(&email) {
#20 9.455    |                           ^^^^^^^^^ cannot infer type
#20 9.455 
#20 9.456 error[E0282]: type annotations needed
#20 9.456   --> src/services/email_service.rs:97:33
#20 9.456    |
#20 9.456 97 | ...                   Err(e.to_string())
#20 9.456    |                           ^ cannot infer type
#20 9.456 
#20 9.456 error[E0282]: type annotations needed
#20 9.456    --> src/services/email_service.rs:107:105
#20 9.456     |
#20 9.456 107 | ...   .html(aws_sdk_sesv2::types::Content::builder().data(html_body).build().map_err(|e| e.to_string())?) // Fix: handle build error
#20 9.456     |                                                                                       ^  - type must be known at this point
#20 9.456     |
#20 9.456 help: consider giving this closure parameter an explicit type
#20 9.456     |
#20 9.456 107 |                         .html(aws_sdk_sesv2::types::Content::builder().data(html_body).build().map_err(|e: /* Type */| e.to_string())?) // Fix: handle build error
#20 9.456     |                                                                                                          ++++++++++++
#20 9.456 
#20 9.456 error[E0282]: type annotations needed
#20 9.456    --> src/services/email_service.rs:111:106
#20 9.456     |
#20 9.456 111 | ...   .subject(aws_sdk_sesv2::types::Content::builder().data(subject).build().map_err(|e| e.to_string())?) // Fix: handle build error
#20 9.456     |                                                                                        ^  - type must be known at this point
#20 9.456     |
#20 9.456 help: consider giving this closure parameter an explicit type
#20 9.456     |
#20 9.456 111 |                         .subject(aws_sdk_sesv2::types::Content::builder().data(subject).build().map_err(|e: /* Type */| e.to_string())?) // Fix: handle build error
#20 9.456     |                                                                                                           ++++++++++++
#20 9.456 
#20 9.456 error[E0282]: type annotations needed
#20 9.456    --> src/services/email_service.rs:123:27
#20 9.456     |
#20 9.456 123 |                     match client.send_email()
#20 9.456     |                           ^^^^^^ cannot infer type
#20 9.456 
#20 9.457 error[E0282]: type annotations needed
#20 9.457    --> src/services/email_service.rs:136:33
#20 9.457     |
#20 9.457 136 | ...                   Err(e.to_string())
#20 9.457     |                           ^ cannot infer type
#20 9.457 
#20 9.899 warning: use of deprecated associated function `handlebars::RenderError::new`: Use RenderErrorReason instead
#20 9.899   --> src/helpers/default.rs:17:29
#20 9.899    |
#20 9.899 17 |         .ok_or(RenderError::new(
#20 9.899    |                             ^^^
#20 9.899 
#20 9.900 warning: use of deprecated associated function `handlebars::RenderError::new`: Use RenderErrorReason instead
#20 9.900   --> src/helpers/default.rs:28:33
#20 9.900    |
#20 9.900 28 |             .ok_or(RenderError::new("No fields exist on this page."))?
#20 9.900    |                                 ^^^
#20 9.900 
#20 9.900 warning: use of deprecated associated function `handlebars::RenderError::new`: Use RenderErrorReason instead
#20 9.900   --> src/helpers/default.rs:30:33
#20 9.900    |
#20 9.900 30 |             .ok_or(RenderError::new(&format!(
#20 9.900    |                                 ^^^
#20 9.900 
#20 9.901 warning: use of deprecated associated function `handlebars::RenderError::new`: Use RenderErrorReason instead
#20 9.901   --> src/helpers/default.rs:61:33
#20 9.901    |
#20 9.901 61 |             .ok_or(RenderError::new(
#20 9.901    |                                 ^^^
#20 9.901 
#20 9.902 warning: use of deprecated associated function `handlebars::RenderError::new`: Use RenderErrorReason instead
#20 9.902   --> src/helpers/default.rs:70:37
#20 9.902    |
#20 9.902 70 |                 .ok_or(RenderError::new("No fields exist on this page."))?
#20 9.902    |                                     ^^^
#20 9.902 
#20 9.902 warning: use of deprecated associated function `handlebars::RenderError::new`: Use RenderErrorReason instead
#20 9.902   --> src/helpers/default.rs:72:37
#20 9.902    |
#20 9.902 72 |                 .ok_or(RenderError::new(&format!(
#20 9.902    |                                     ^^^
#20 9.902 
#20 9.925 warning: use of deprecated method `chrono::DateTime::<Tz>::date`: Use `date_naive()` instead
#20 9.925   --> src/services/analytics_service.rs:86:38
#20 9.925    |
#20 9.925 86 |         let today_start = Utc::now().date().and_hms(0, 0, 0).naive_utc();
#20 9.925    |                                      ^^^^
#20 9.925 
#20 9.945 warning: use of deprecated method `chrono::Date::<Tz>::and_hms`: Use and_hms_opt() instead
#20 9.945   --> src/services/analytics_service.rs:86:45
#20 9.945    |
#20 9.945 86 |         let today_start = Utc::now().date().and_hms(0, 0, 0).naive_utc();
#20 9.945    |                                             ^^^^^^^
#20 9.945 
#20 9.948 warning: use of deprecated method `chrono::DateTime::<Tz>::date`: Use `date_naive()` instead
#20 9.948    --> src/services/analytics_service.rs:132:38
#20 9.948     |
#20 9.948 132 |         let today_start = Utc::now().date().and_hms(0, 0, 0).naive_utc();
#20 9.948     |                                      ^^^^
#20 9.948 
#20 9.948 warning: use of deprecated method `chrono::Date::<Tz>::and_hms`: Use and_hms_opt() instead
#20 9.948    --> src/services/analytics_service.rs:132:45
#20 9.948     |
#20 9.948 132 |         let today_start = Utc::now().date().and_hms(0, 0, 0).naive_utc();
#20 9.948     |                                             ^^^^^^^
#20 9.948 
#20 12.51 warning: unused import: `diesel::prelude`
#20 12.51  --> src/controllers/i18n_controller.rs:2:5
#20 12.51   |
#20 12.51 2 | use diesel::prelude::*;
#20 12.51   |     ^^^^^^^^^^^^^^^
#20 12.51 
#20 12.51 warning: unused import: `Digest`
#20 12.51  --> src/services/webhook_service.rs:5:20
#20 12.51   |
#20 12.51 5 | use sha2::{Sha256, Digest};
#20 12.51   |                    ^^^^^^
#20 12.51 
#20 12.59 warning: variable `caption` is assigned to, but never used
#20 12.59    --> src/controllers/media_controller.rs:114:9
#20 12.59     |
#20 12.59 114 |     let mut caption = None;
#20 12.59     |         ^^^^^^^^^^^
#20 12.59     |
#20 12.59     = note: consider using `_caption` instead
#20 12.59     = note: `#[warn(unused_variables)]` (part of `#[warn(unused)]`) on by default
#20 12.59 
#20 12.59 warning: variable `folder` is assigned to, but never used
#20 12.59    --> src/controllers/media_controller.rs:115:9
#20 12.59     |
#20 12.59 115 |     let mut folder = None;
#20 12.59     |         ^^^^^^^^^^
#20 12.59     |
#20 12.59     = note: consider using `_folder` instead
#20 12.59 
#20 12.59 warning: value assigned to `caption` is never read
#20 12.59    --> src/controllers/media_controller.rs:171:21
#20 12.59     |
#20 12.59 171 |                     caption = Some(value);
#20 12.59     |                     ^^^^^^^
#20 12.59     |
#20 12.59     = help: maybe it is overwritten before being read?
#20 12.59     = note: `#[warn(unused_assignments)]` (part of `#[warn(unused)]`) on by default
#20 12.59 
#20 12.59 warning: value assigned to `folder` is never read
#20 12.59    --> src/controllers/media_controller.rs:182:21
#20 12.59     |
#20 12.59 182 |                     folder = Some(value);
#20 12.59     |                     ^^^^^^
#20 12.59     |
#20 12.59     = help: maybe it is overwritten before being read?
#20 12.59 
#20 12.61 warning: unused variable: `req`
#20 12.61   --> src/controllers/theme_controller.rs:13:5
#20 12.61    |
#20 12.61 13 |     req: HttpRequest,
#20 12.61    |     ^^^ help: if this is intentional, prefix it with an underscore: `_req`
#20 12.61 
#20 12.66 warning: unused variable: `pool`
#20 12.66   --> src/controllers/relationship_controller.rs:34:5
#20 12.66    |
#20 12.66 34 |     pool: web::Data<DatabasePool>
#20 12.66    |     ^^^^ help: if this is intentional, prefix it with an underscore: `_pool`
#20 12.66 
#20 12.66 warning: unused variable: `pool`
#20 12.66   --> src/controllers/relationship_controller.rs:52:5
#20 12.66    |
#20 12.66 52 |     pool: web::Data<DatabasePool>
#20 12.66    |     ^^^^ help: if this is intentional, prefix it with an underscore: `_pool`
#20 12.66 
#20 12.66 warning: unused variable: `id`
#20 12.66   --> src/controllers/relationship_controller.rs:67:5
#20 12.66    |
#20 12.66 67 |     id: web::Path<i64>,
#20 12.66    |     ^^ help: if this is intentional, prefix it with an underscore: `_id`
#20 12.66 
#20 12.66 warning: unused variable: `pool`
#20 12.66   --> src/controllers/relationship_controller.rs:68:5
#20 12.66    |
#20 12.66 68 |     pool: web::Data<DatabasePool>
#20 12.66    |     ^^^^ help: if this is intentional, prefix it with an underscore: `_pool`
#20 12.66 
#20 12.76 warning: unused variable: `e`
#20 12.76    --> src/services/crm_service.rs:179:15
#20 12.76     |
#20 12.76 179 |     .map_err(|e| CustomHttpError::NotFound("Customer not found".to_string()))?;
#20 12.76     |               ^ help: if this is intentional, prefix it with an underscore: `_e`
#20 12.76 
#20 12.85 warning: unused variable: `uuid_str`
#20 12.85    --> src/controllers/oauth_callback_controller.rs:101:21
#20 12.85     |
#20 12.85 101 |         if let Some(uuid_str) = user_uuid_option {
#20 12.85     |                     ^^^^^^^^ help: if this is intentional, prefix it with an underscore: `_uuid_str`
#20 12.85 
#20 12.93 warning: unused variable: `user_ctx`
#20 12.93    --> src/controllers/tenant_controller.rs:214:9
#20 12.93     |
#20 12.93 214 |     let user_ctx = match get_user_context(&req) {
#20 12.93     |         ^^^^^^^^ help: if this is intentional, prefix it with an underscore: `_user_ctx`
#20 12.93 
#20 12.97 warning: unused variable: `page_url`
#20 12.97   --> src/services/analytics_service.rs:44:9
#20 12.97    |
#20 12.97 44 |         page_url: String,
#20 12.97    |         ^^^^^^^^ help: if this is intentional, prefix it with an underscore: `_page_url`
#20 12.97 
#20 12.97 warning: unused variable: `page_uuid`
#20 12.97   --> src/services/analytics_service.rs:45:9
#20 12.97    |
#20 12.97 45 |         page_uuid: Option<String>,
#20 12.97    |         ^^^^^^^^^ help: if this is intentional, prefix it with an underscore: `_page_uuid`
#20 12.97 
#20 12.97 warning: unused variable: `page_url`
#20 12.97   --> src/services/analytics_service.rs:68:27
#20 12.97    |
#20 12.97 68 |     pub fn get_page_views(page_url: &str) -> i64 {
#20 12.97    |                           ^^^^^^^^ help: if this is intentional, prefix it with an underscore: `_page_url`
#20 12.97 
#20 13.03 warning: unused variable: `reason`
#20 13.03    --> src/services/inventory_service.rs:128:9
#20 13.03     |
#20 13.03 128 |     let reason = payload.reason.clone();
#20 13.03     |         ^^^^^^ help: if this is intentional, prefix it with an underscore: `_reason`
#20 13.03 
#20 13.04 warning: unused variable: `team_role`
#20 13.04   --> src/services/ai_scope_service.rs:70:25
#20 13.04    |
#20 13.04 70 |             if let Some(team_role) = &user.team_role {
#20 13.04    |                         ^^^^^^^^^ help: if this is intentional, prefix it with an underscore: `_team_role`
#20 13.04 
#20 13.06 warning: unused variable: `payload`
#20 13.06    --> src/services/ai_provider_service.rs:137:5
#20 13.06     |
#20 13.06 137 |     payload: web::Json<UpdateProviderRequest>,
#20 13.06     |     ^^^^^^^ help: if this is intentional, prefix it with an underscore: `_payload`
#20 13.06 
#20 13.15 warning: variable does not need to be mutable
#20 13.15   --> src/services/ai_authorization_service.rs:94:9
#20 13.15    |
#20 13.15 94 |     let mut conn = pool.get().map_err(|_| diesel::result::Error::DatabaseError(
#20 13.15    |         ----^^^^
#20 13.15    |         |
#20 13.15    |         help: remove this `mut`
#20 13.15 
#20 13.15 warning: unused variable: `conn`
#20 13.15   --> src/services/ai_authorization_service.rs:94:9
#20 13.15    |
#20 13.15 94 |     let mut conn = pool.get().map_err(|_| diesel::result::Error::DatabaseError(
#20 13.15    |         ^^^^^^^^ help: if this is intentional, prefix it with an underscore: `_conn`
#20 13.15 
#20 13.15 warning: unused variable: `conn`
#20 13.15    --> src/services/ai_authorization_service.rs:133:13
#20 13.15     |
#20 13.15 133 |         let mut conn = pool.get().map_err(|_| diesel::result::Error::DatabaseError(
#20 13.15     |             ^^^^^^^^ help: if this is intentional, prefix it with an underscore: `_conn`
#20 13.15 
#20 13.15 warning: unused variable: `page_id`
#20 13.15    --> src/services/ai_authorization_service.rs:124:5
#20 13.15     |
#20 13.15 124 |     page_id: i64,
#20 13.15     |     ^^^^^^^ help: if this is intentional, prefix it with an underscore: `_page_id`
#20 13.15 
#20 13.15 warning: unused variable: `user_id`
#20 13.15    --> src/services/ai_authorization_service.rs:129:9
#20 13.15     |
#20 13.15 129 |     let user_id = user.user_id;
#20 13.15     |         ^^^^^^^ help: if this is intentional, prefix it with an underscore: `_user_id`
#20 13.15 
#20 13.42 warning: unused variable: `parameters`
#20 13.42    --> src/services/mcp_client.rs:131:9
#20 13.42     |
#20 13.42 131 |         parameters: serde_json::Value
#20 13.42     |         ^^^^^^^^^^ help: if this is intentional, prefix it with an underscore: `_parameters`
#20 13.42 
#20 14.10 warning: unused variable: `api_key`
#20 14.10    --> src/services/command_router.rs:101:13
#20 14.10     |
#20 14.10 101 |         let api_key = self.key_manager
#20 14.10     |             ^^^^^^^ help: if this is intentional, prefix it with an underscore: `_api_key`
#20 14.10 
#20 14.10 warning: unused variable: `prompt`
#20 14.10    --> src/services/command_router.rs:111:13
#20 14.10     |
#20 14.10 111 |         let prompt = format!(
#20 14.10     |             ^^^^^^ help: if this is intentional, prefix it with an underscore: `_prompt`
#20 14.10 
#20 14.10 warning: unused variable: `api_key`
#20 14.10    --> src/services/command_router.rs:155:13
#20 14.10     |
#20 14.10 155 |         let api_key = self.key_manager
#20 14.10     |             ^^^^^^^ help: if this is intentional, prefix it with an underscore: `_api_key`
#20 14.10 
#20 14.11 warning: unused variable: `api_key`
#20 14.11    --> src/services/command_router.rs:206:13
#20 14.11     |
#20 14.11 206 |         let api_key = self.key_manager
#20 14.11     |             ^^^^^^^ help: if this is intentional, prefix it with an underscore: `_api_key`
#20 14.11 
#20 14.11 warning: unused variable: `api_key`
#20 14.11    --> src/services/command_router.rs:257:13
#20 14.11     |
#20 14.11 257 |         let api_key = self.key_manager
#20 14.11     |             ^^^^^^^ help: if this is intentional, prefix it with an underscore: `_api_key`
#20 14.11 
#20 14.11 warning: unused variable: `api_key`
#20 14.11    --> src/services/command_router.rs:303:13
#20 14.11     |
#20 14.11 303 |         let api_key = self.key_manager
#20 14.11     |             ^^^^^^^ help: if this is intentional, prefix it with an underscore: `_api_key`
#20 14.11 
#20 14.45 warning: unused variable: `domain`
#20 14.45   --> src/services/geo_service.rs:32:9
#20 14.45    |
#20 14.45 32 |         domain: &str,
#20 14.45    |         ^^^^^^ help: if this is intentional, prefix it with an underscore: `_domain`
#20 14.45 
#20 14.45 warning: unused variable: `content`
#20 14.45   --> src/services/geo_service.rs:60:42
#20 14.45    |
#20 14.45 60 |     async fn extract_attributions(&self, content: &str) -> Result<Vec<SourceAttribution>, String> {
#20 14.45    |                                          ^^^^^^^ help: if this is intentional, prefix it with an underscore: `_content`
#20 14.45 
#20 14.49 warning: unused variable: `content`
#20 14.49   --> src/services/seo_meta_generator.rs:47:36
#20 14.49    |
#20 14.49 47 |     async fn generate_title(&self, content: &str, keyword: &str) -> Result<String, String> {
#20 14.49    |                                    ^^^^^^^ help: if this is intentional, prefix it with an underscore: `_content`
#20 14.49 
#20 14.49 warning: unused variable: `content`
#20 14.49   --> src/services/seo_meta_generator.rs:54:42
#20 14.49    |
#20 14.49 54 |     async fn generate_description(&self, content: &str, keyword: &str) -> Result<String, String> {
#20 14.49    |                                          ^^^^^^^ help: if this is intentional, prefix it with an underscore: `_content`
#20 14.49 
#20 14.49 warning: unused variable: `content`
#20 14.49   --> src/services/seo_meta_generator.rs:61:38
#20 14.49    |
#20 14.49 61 |     async fn extract_keywords(&self, content: &str) -> Result<Vec<String>, String> {
#20 14.49    |                                      ^^^^^^^ help: if this is intentional, prefix it with an underscore: `_content`
#20 14.49 
#20 14.53 warning: unused variable: `content`
#20 14.53   --> src/services/content_quality.rs:81:34
#20 14.53    |
#20 14.53 81 |     fn syllables_per_word(&self, content: &str) -> f64 {
#20 14.53    |                                  ^^^^^^^ help: if this is intentional, prefix it with an underscore: `_content`
#20 14.53 
#20 14.56 warning: unused variable: `words`
#20 14.56    --> src/services/link_builder.rs:165:13
#20 14.56     |
#20 14.56 165 |         let words: Vec<&str> = content.split_whitespace().collect();
#20 14.56     |             ^^^^^ help: if this is intentional, prefix it with an underscore: `_words`
#20 14.56 
#20 14.80 warning: unused variable: `total`
#20 14.80    --> src/services/content_calendar.rs:163:13
#20 14.80     |
#20 14.80 163 |         let total = schedule.len() as f64;
#20 14.80     |             ^^^^^ help: if this is intentional, prefix it with an underscore: `_total`
#20 14.80 
#20 14.83 warning: unused variable: `keyword`
#20 14.83   --> src/services/rank_tracker.rs:66:34
#20 14.83    |
#20 14.83 66 |     async fn get_rankings(&self, keyword: &str, url: &str) -> Result<Vec<RankingSnapshot>, String> {
#20 14.83    |                                  ^^^^^^^ help: if this is intentional, prefix it with an underscore: `_keyword`
#20 14.83 
#20 15.14 warning: unused variable: `product_name`
#20 15.14   --> src/services/wishlist.rs:49:9
#20 15.14    |
#20 15.14 49 |         product_name: String,
#20 15.14    |         ^^^^^^^^^^^^ help: if this is intentional, prefix it with an underscore: `_product_name`
#20 15.14 
#20 15.14 warning: unused variable: `price`
#20 15.14   --> src/services/wishlist.rs:50:9
#20 15.14    |
#20 15.14 50 |         price: f64,
#20 15.14    |         ^^^^^ help: if this is intentional, prefix it with an underscore: `_price`
#20 15.14 
#20 15.33 warning: unused variable: `required_permission`
#20 15.33   --> src/services/permission_service.rs:74:5
#20 15.33    |
#20 15.33 74 |     required_permission: &str,
#20 15.33    |     ^^^^^^^^^^^^^^^^^^^ help: if this is intentional, prefix it with an underscore: `_required_permission`
#20 15.33 
#20 15.40 warning: unused variable: `quality`
#20 15.40   --> src/services/image_service.rs:92:44
#20 15.40    |
#20 15.40 92 | pub fn convert_to_webp(img: &DynamicImage, quality: u8) -> Result<Vec<u8>, String> {
#20 15.40    |                                            ^^^^^^^ help: if this is intentional, prefix it with an underscore: `_quality`
#20 15.40 
#20 15.41 warning: unused variable: `content_type`
#20 15.41   --> src/services/plugin_service/mod.rs:28:37
#20 15.41    |
#20 15.41 28 |     async fn on_save_content(&self, content_type: &str, data: &serde_json::Value) -> Result<(), String> {
#20 15.41    |                                     ^^^^^^^^^^^^ help: if this is intentional, prefix it with an underscore: `_content_type`
#20 15.41 
#20 15.41 warning: unused variable: `data`
#20 15.41   --> src/services/plugin_service/mod.rs:28:57
#20 15.41    |
#20 15.41 28 |     async fn on_save_content(&self, content_type: &str, data: &serde_json::Value) -> Result<(), String> {
#20 15.41    |                                                         ^^^^ help: if this is intentional, prefix it with an underscore: `_data`
#20 15.41 
#20 15.72 warning: unused variable: `payload`
#20 15.72    --> src/services/payment_service/paypal.rs:242:40
#20 15.72     |
#20 15.72 242 |     fn verify_webhook_signature(&self, payload: &[u8], signature: &str) -> Result<bool, String> {
#20 15.72     |                                        ^^^^^^^ help: if this is intentional, prefix it with an underscore: `_payload`
#20 15.72 
#20 15.93 warning: variable does not need to be mutable
#20 15.93   --> src/services/encryption_service.rs:79:23
#20 15.93    |
#20 15.93 79 |     let (nonce_bytes, mut ciphertext) = combined.split_at(NONCE_LEN);
#20 15.93    |                       ----^^^^^^^^^^
#20 15.93    |                       |
#20 15.93    |                       help: remove this `mut`
#20 15.93 
#20 15.95 warning: unused variable: `session_id`
#20 15.95   --> src/services/analytics_service_v2.rs:24:9
#20 15.95    |
#20 15.95 24 |         session_id: String,
#20 15.95    |         ^^^^^^^^^^ help: if this is intentional, prefix it with an underscore: `_session_id`
#20 15.95 
#20 15.95 warning: unused variable: `user_agent`
#20 15.95   --> src/services/analytics_service_v2.rs:26:9
#20 15.95    |
#20 15.95 26 |         user_agent: String,
#20 15.95    |         ^^^^^^^^^^ help: if this is intentional, prefix it with an underscore: `_user_agent`
#20 15.95 
#20 15.95 warning: unused variable: `referer`
#20 15.95   --> src/services/analytics_service_v2.rs:27:9
#20 15.95    |
#20 15.95 27 |         referer: Option<String>
#20 15.95    |         ^^^^^^^ help: if this is intentional, prefix it with an underscore: `_referer`
#20 15.95 
#20 15.95 warning: unused variable: `page_uuid`
#20 15.95   --> src/services/analytics_service_v2.rs:36:9
#20 15.95    |
#20 15.95 36 |         page_uuid: Option<String>,
#20 15.95    |         ^^^^^^^^^ help: if this is intentional, prefix it with an underscore: `_page_uuid`
#20 15.95 
#20 15.95 warning: unused variable: `metadata`
#20 15.95   --> src/services/analytics_service_v2.rs:37:9
#20 15.95    |
#20 15.95 37 |         metadata: Option<serde_json::Value>
#20 15.95    |         ^^^^^^^^ help: if this is intentional, prefix it with an underscore: `_metadata`
#20 15.95 
#20 15.95 warning: unused variable: `page_uuid`
#20 15.95   --> src/services/analytics_service_v2.rs:44:9
#20 15.95    |
#20 15.95 44 |         page_uuid: &str,
#20 15.95    |         ^^^^^^^^^ help: if this is intentional, prefix it with an underscore: `_page_uuid`
#20 15.95 
#20 15.95 warning: unused variable: `from_date`
#20 15.95   --> src/services/analytics_service_v2.rs:45:9
#20 15.95    |
#20 15.95 45 |         from_date: NaiveDateTime,
#20 15.95    |         ^^^^^^^^^ help: if this is intentional, prefix it with an underscore: `_from_date`
#20 15.95 
#20 15.95 warning: unused variable: `to_date`
#20 15.95   --> src/services/analytics_service_v2.rs:46:9
#20 15.95    |
#20 15.95 46 |         to_date: NaiveDateTime
#20 15.95    |         ^^^^^^^ help: if this is intentional, prefix it with an underscore: `_to_date`
#20 15.95 
#20 15.97 warning: unused variable: `current_lang`
#20 15.97  --> src/services/hreflang_service.rs:6:5
#20 15.97   |
#20 15.97 6 |     current_lang: &str,  
#20 15.97   |     ^^^^^^^^^^^^ help: if this is intentional, prefix it with an underscore: `_current_lang`
#20 15.97 
#20 16.46 warning: variable does not need to be mutable
#20 16.46    --> src/models/page_models.rs:279:13
#20 16.46     |
#20 16.46 279 |         let mut page_dto: PageModuleDTO = filtered_page.into();
#20 16.46     |             ----^^^^^^^^
#20 16.46     |             |
#20 16.46     |             help: remove this `mut`
#20 16.46 
#20 16.46 warning: unused variable: `module_dto`
#20 16.46    --> src/models/page_models.rs:274:13
#20 16.46     |
#20 16.46 274 |         let module_dto = FieldsDTO {
#20 16.46     |             ^^^^^^^^^^ help: if this is intentional, prefix it with an underscore: `_module_dto`
#20 16.46 
#20 18.42 warning: unused variable: `pool`
#20 18.42   --> src/models/db_connection.rs:43:33
#20 18.42    |
#20 18.42 43 | pub fn get_database_type_string(pool: &DatabasePool) -> &'static str {
#20 18.42    |                                 ^^^^ help: if this is intentional, prefix it with an underscore: `_pool`
#20 18.42 
#20 19.44 warning: unused variable: `ctx`
#20 19.44   --> src/graphql/query.rs:12:26
#20 19.44    |
#20 19.44 12 |     async fn page(&self, ctx: &Context<'_>, uuid: String) -> Result<Option<GqlPage>> {
#20 19.44    |                          ^^^ help: if this is intentional, prefix it with an underscore: `_ctx`
#20 19.44 
#20 19.44 warning: unused variable: `ctx`
#20 19.44   --> src/graphql/query.rs:31:9
#20 19.44    |
#20 19.44 31 |         ctx: &Context<'_>,
#20 19.44    |         ^^^ help: if this is intentional, prefix it with an underscore: `_ctx`
#20 19.44 
#20 19.44 warning: unused variable: `page`
#20 19.44   --> src/graphql/query.rs:34:13
#20 19.44    |
#20 19.44 34 |         let page = pagination.as_ref().and_then(|p| p.page).unwrap_or(1);
#20 19.44    |             ^^^^ help: if this is intentional, prefix it with an underscore: `_page`
#20 19.44 
#20 19.44 warning: unused variable: `per_page`
#20 19.44   --> src/graphql/query.rs:35:13
#20 19.44    |
#20 19.44 35 |         let per_page = pagination.as_ref().and_then(|p| p.per_page).unwrap_or(20);
#20 19.44    |             ^^^^^^^^ help: if this is intentional, prefix it with an underscore: `_per_page`
#20 19.44 
#20 19.45 warning: unused variable: `ctx`
#20 19.45   --> src/graphql/query.rs:64:9
#20 19.45    |
#20 19.45 64 |         ctx: &Context<'_>,
#20 19.45    |         ^^^ help: if this is intentional, prefix it with an underscore: `_ctx`
#20 19.45 
#20 19.45 warning: unused variable: `resources`
#20 19.45   --> src/graphql/query.rs:66:9
#20 19.45    |
#20 19.45 66 |         resources: Option<Vec<String>>
#20 19.45    |         ^^^^^^^^^ help: if this is intentional, prefix it with an underscore: `_resources`
#20 19.45 
#20 19.45 warning: unused variable: `ctx`
#20 19.45   --> src/graphql/query.rs:82:9
#20 19.45    |
#20 19.45 82 |         ctx: &Context<'_>,
#20 19.45    |         ^^^ help: if this is intentional, prefix it with an underscore: `_ctx`
#20 19.45 
#20 19.45 warning: unused variable: `ctx`
#20 19.45    --> src/graphql/query.rs:100:9
#20 19.45     |
#20 19.45 100 |         ctx: &Context<'_>,
#20 19.45     |         ^^^ help: if this is intentional, prefix it with an underscore: `_ctx`
#20 19.45 
#20 19.45 warning: unused variable: `pagination`
#20 19.45    --> src/graphql/query.rs:101:9
#20 19.45     |
#20 19.45 101 |         pagination: Option<PaginationInput>
#20 19.45     |         ^^^^^^^^^^ help: if this is intentional, prefix it with an underscore: `_pagination`
#20 19.45 
#20 19.46 warning: unused variable: `ctx`
#20 19.46   --> src/graphql/mutation.rs:13:9
#20 19.46    |
#20 19.46 13 |         ctx: &Context<'_>,
#20 19.46    |         ^^^ help: if this is intentional, prefix it with an underscore: `_ctx`
#20 19.46 
#20 19.46 warning: unused variable: `ctx`
#20 19.46   --> src/graphql/mutation.rs:34:9
#20 19.46    |
#20 19.46 34 |         ctx: &Context<'_>,
#20 19.46    |         ^^^ help: if this is intentional, prefix it with an underscore: `_ctx`
#20 19.46 
#20 19.46 warning: unused variable: `ctx`
#20 19.46   --> src/graphql/mutation.rs:56:9
#20 19.46    |
#20 19.46 56 |         ctx: &Context<'_>,
#20 19.46    |         ^^^ help: if this is intentional, prefix it with an underscore: `_ctx`
#20 19.46 
#20 19.46 warning: unused variable: `uuid`
#20 19.46   --> src/graphql/mutation.rs:57:9
#20 19.46    |
#20 19.46 57 |         uuid: String
#20 19.46    |         ^^^^ help: if this is intentional, prefix it with an underscore: `_uuid`
#20 19.46 
#20 19.62 Some errors have detailed explanations: E0282, E0432, E0433.
#20 19.62 For more information about an error, try `rustc --explain E0282`.
#20 19.66 warning: `freeradical` (bin "freeradical") generated 189 warnings
#20 19.66 error: could not compile `freeradical` (bin "freeradical") due to 19 previous errors; 189 warnings emitted
#20 ERROR: process "/bin/sh -c cargo build --release" did not complete successfully: exit code: 101
------
 > [builder 13/13] RUN cargo build --release:
19.46 warning: unused variable: `uuid`
19.46   --> src/graphql/mutation.rs:57:9
19.46    |
19.46 57 |         uuid: String
19.46    |         ^^^^ help: if this is intentional, prefix it with an underscore: `_uuid`
19.46 
19.62 Some errors have detailed explanations: E0282, E0432, E0433.
19.62 For more information about an error, try `rustc --explain E0282`.
19.66 warning: `freeradical` (bin "freeradical") generated 189 warnings
19.66 error: could not compile `freeradical` (bin "freeradical") due to 19 previous errors; 189 warnings emitted
------
Dockerfile:34

--------------------

  32 |     

  33 |     # Build release (application)

  34 | >>> RUN cargo build --release

  35 |     

  36 |     # Runtime stage

--------------------

failed to solve: process "/bin/sh -c cargo build --release" did not complete successfully: exit code: 101

