#1 [internal] load local bake definitions
#1 reading from stdin 503B done
#1 DONE 0.0s

#2 [internal] load build definition from Dockerfile
#2 transferring dockerfile: 1.34kB done
#2 WARN: FromAsCasing: 'as' and 'FROM' keywords' casing do not match (line 1)
#2 DONE 0.0s

#3 [internal] load metadata for docker.io/rustlang/rust:nightly
#3 DONE 0.0s

#4 [internal] load metadata for docker.io/library/debian:sid-slim
#4 DONE 0.4s

#5 [internal] load .dockerignore
#5 transferring context: 66B done
#5 DONE 0.0s

#6 [stage-1 1/9] FROM docker.io/library/debian:sid-slim@sha256:c0f1b3716686ee452f7c62c82d8aee5f79feccba7402e967b79658100d5bd6cf
#6 DONE 0.0s

#7 [builder  1/13] FROM docker.io/rustlang/rust:nightly
#7 DONE 0.0s

#8 [internal] load build context
#8 transferring context: 30.57kB 0.0s done
#8 DONE 0.0s

#9 [builder  8/13] COPY src ./src
#9 CACHED

#10 [builder  6/13] RUN cargo build --release
#10 CACHED

#11 [builder  5/13] RUN mkdir src && echo "fn main() {}" > src/main.rs
#11 CACHED

#12 [builder  3/13] RUN apt-get update && apt-get install -y     python3-dev     python3-pip     pkg-config     && rm -rf /var/lib/apt/lists/*
#12 CACHED

#13 [builder 11/13] COPY static ./static
#13 CACHED

#14 [builder 10/13] COPY migrations_postgres ./migrations_postgres
#14 CACHED

#15 [builder  2/13] WORKDIR /app
#15 CACHED

#16 [builder  9/13] COPY migrations ./migrations
#16 CACHED

#17 [builder  4/13] COPY Cargo.toml Cargo.lock ./
#17 CACHED

#18 [builder  7/13] RUN rm -rf src
#18 CACHED

#19 [builder 12/13] RUN touch src/main.rs
#19 CACHED

#20 [builder 13/13] RUN cargo build --release
#20 0.315 warning: unused manifest key: dependencies.aws-types.aws-sdk-sesv2
#20 0.315 warning: unused manifest key: dependencies.aws-types.lettre
#20 1.233    Compiling freeradical v2.5.0 (/app)
#20 2.865 error[E0432]: unresolved import `aws_config::behavior_version`
#20 2.865  --> src/services/email_service.rs:9:17
#20 2.865   |
#20 2.865 9 | use aws_config::behavior_version::BehaviorVersion;
#20 2.865   |                 ^^^^^^^^^^^^^^^^ could not find `behavior_version` in `aws_config`
#20 2.865 
#20 2.865 error[E0433]: failed to resolve: use of unresolved module or unlinked crate `lettre`
#20 2.865  --> src/services/email_service.rs:6:5
#20 2.865   |
#20 2.865 6 | use lettre::{Message, SmtpTransport, Transport, transport::smtp::authentication::Credentials};
#20 2.865   |     ^^^^^^ use of unresolved module or unlinked crate `lettre`
#20 2.865   |
#20 2.865   = help: if you wanted to use a crate named `lettre`, use `cargo add lettre` to add it to your `Cargo.toml`
#20 2.865 
#20 2.865 error[E0432]: unresolved import `lettre`
#20 2.865  --> src/services/email_service.rs:6:5
#20 2.865   |
#20 2.865 6 | use lettre::{Message, SmtpTransport, Transport, transport::smtp::authentication::Credentials};
#20 2.865   |     ^^^^^^ use of unresolved module or unlinked crate `lettre`
#20 2.865   |
#20 2.865   = help: if you wanted to use a crate named `lettre`, use `cargo add lettre` to add it to your `Cargo.toml`
#20 2.865 
#20 2.868 error[E0432]: unresolved import `aws_sdk_sesv2`
#20 2.868  --> src/services/email_service.rs:7:5
#20 2.868   |
#20 2.868 7 | use aws_sdk_sesv2::Client as SesClient;
#20 2.868   |     ^^^^^^^^^^^^^ use of unresolved module or unlinked crate `aws_sdk_sesv2`
#20 2.868   |
#20 2.868 help: there is a crate or module with a similar name
#20 2.868   |
#20 2.868 7 - use aws_sdk_sesv2::Client as SesClient;
#20 2.868 7 + use aws_sdk_s3::Client as SesClient;
#20 2.868   |
#20 2.868 
#20 3.050 error[E0433]: failed to resolve: use of unresolved module or unlinked crate `lettre`
#20 3.050   --> src/services/email_service.rs:75:55
#20 3.050    |
#20 3.050 75 |             .from(self.from_email.parse().map_err(|e: lettre::address::AddressError| e.to_string())?)
#20 3.050    |                                                       ^^^^^^ use of unresolved module or unlinked crate `lettre`
#20 3.050    |
#20 3.050    = help: if you wanted to use a crate named `lettre`, use `cargo add lettre` to add it to your `Cargo.toml`
#20 3.050 
#20 3.064 error[E0433]: failed to resolve: use of unresolved module or unlinked crate `lettre`
#20 3.064   --> src/services/email_service.rs:76:40
#20 3.064    |
#20 3.064 76 |             .to(to.parse().map_err(|e: lettre::address::AddressError| e.to_string())?)
#20 3.064    |                                        ^^^^^^ use of unresolved module or unlinked crate `lettre`
#20 3.064    |
#20 3.064    = help: if you wanted to use a crate named `lettre`, use `cargo add lettre` to add it to your `Cargo.toml`
#20 3.064 
#20 3.099 error[E0433]: failed to resolve: use of unresolved module or unlinked crate `aws_sdk_sesv2`
#20 3.099    --> src/services/email_service.rs:115:41
#20 3.099     |
#20 3.099 115 |                     let email_content = aws_sdk_sesv2::types::EmailContent::builder()
#20 3.099     |                                         ^^^^^^^^^^^^^ use of unresolved module or unlinked crate `aws_sdk_sesv2`
#20 3.099     |
#20 3.099 help: there is a crate or module with a similar name
#20 3.099     |
#20 3.099 115 -                     let email_content = aws_sdk_sesv2::types::EmailContent::builder()
#20 3.099 115 +                     let email_content = aws_sdk_s3::types::EmailContent::builder()
#20 3.099     |
#20 3.099 
#20 3.535 error[E0433]: failed to resolve: use of unresolved module or unlinked crate `lettre`
#20 3.535   --> src/services/email_service.rs:78:21
#20 3.535    |
#20 3.535 78 |             .header(lettre::message::header::ContentType::TEXT_HTML)
#20 3.535    |                     ^^^^^^ use of unresolved module or unlinked crate `lettre`
#20 3.535    |
#20 3.535    = help: if you wanted to use a crate named `lettre`, use `cargo add lettre` to add it to your `Cargo.toml`
#20 3.535 help: consider importing one of these items
#20 3.535    |
#20 3.535  1 + use crate::services::content_calendar::ContentType;
#20 3.535    |
#20 3.535  1 + use actix_web::http::header::ContentType;
#20 3.535    |
#20 3.535 help: if you import `ContentType`, refer to it directly
#20 3.535    |
#20 3.535 78 -             .header(lettre::message::header::ContentType::TEXT_HTML)
#20 3.535 78 +             .header(ContentType::TEXT_HTML)
#20 3.535    |
#20 3.535 
#20 3.543 error[E0433]: failed to resolve: use of unresolved module or unlinked crate `aws_sdk_sesv2`
#20 3.543    --> src/services/email_service.rs:106:32
#20 3.543     |
#20 3.543 106 |                     let body = aws_sdk_sesv2::types::Body::builder()
#20 3.543     |                                ^^^^^^^^^^^^^ use of unresolved module or unlinked crate `aws_sdk_sesv2`
#20 3.543     |
#20 3.543 help: there is a crate or module with a similar name
#20 3.543     |
#20 3.543 106 -                     let body = aws_sdk_sesv2::types::Body::builder()
#20 3.543 106 +                     let body = aws_sdk_s3::types::Body::builder()
#20 3.543     |
#20 3.543 help: consider importing this struct
#20 3.543     |
#20 3.543   1 + use reqwest::Body;
#20 3.543     |
#20 3.543 help: if you import `Body`, refer to it directly
#20 3.543     |
#20 3.543 106 -                     let body = aws_sdk_sesv2::types::Body::builder()
#20 3.543 106 +                     let body = Body::builder()
#20 3.543     |
#20 3.543 
#20 3.551 error[E0433]: failed to resolve: use of unresolved module or unlinked crate `aws_sdk_sesv2`
#20 3.551    --> src/services/email_service.rs:107:31
#20 3.551     |
#20 3.551 107 | ...   .html(aws_sdk_sesv2::types::Content::builder().data(html_body).build().map_err(|e| e.to_string())?) // Fix: handle build error
#20 3.551     |             ^^^^^^^^^^^^^ use of unresolved module or unlinked crate `aws_sdk_sesv2`
#20 3.551     |
#20 3.551 help: there is a crate or module with a similar name
#20 3.551     |
#20 3.551 107 -                         .html(aws_sdk_sesv2::types::Content::builder().data(html_body).build().map_err(|e| e.to_string())?) // Fix: handle build error
#20 3.551 107 +                         .html(aws_sdk_s3::types::Content::builder().data(html_body).build().map_err(|e| e.to_string())?) // Fix: handle build error
#20 3.551     |
#20 3.551 help: consider importing this struct
#20 3.551     |
#20 3.551   1 + use utoipa::openapi::Content;
#20 3.551     |
#20 3.551 help: if you import `Content`, refer to it directly
#20 3.551     |
#20 3.551 107 -                         .html(aws_sdk_sesv2::types::Content::builder().data(html_body).build().map_err(|e| e.to_string())?) // Fix: handle build error
#20 3.551 107 +                         .html(Content::builder().data(html_body).build().map_err(|e| e.to_string())?) // Fix: handle build error
#20 3.551     |
#20 3.551 
#20 3.558 error[E0433]: failed to resolve: use of unresolved module or unlinked crate `aws_sdk_sesv2`
#20 3.558    --> src/services/email_service.rs:110:35
#20 3.558     |
#20 3.558 110 |                     let message = aws_sdk_sesv2::types::Message::builder()
#20 3.558     |                                   ^^^^^^^^^^^^^ use of unresolved module or unlinked crate `aws_sdk_sesv2`
#20 3.558     |
#20 3.558 help: there is a crate or module with a similar name
#20 3.558     |
#20 3.558 110 -                     let message = aws_sdk_sesv2::types::Message::builder()
#20 3.558 110 +                     let message = aws_sdk_s3::types::Message::builder()
#20 3.558     |
#20 3.558 help: consider importing this struct
#20 3.558     |
#20 3.558   1 + use aws_sdk_s3::primitives::event_stream::Message;
#20 3.558     |
#20 3.558 help: if you import `Message`, refer to it directly
#20 3.558     |
#20 3.558 110 -                     let message = aws_sdk_sesv2::types::Message::builder()
#20 3.558 110 +                     let message = Message::builder()
#20 3.558     |
#20 3.558 
#20 3.567 error[E0433]: failed to resolve: use of unresolved module or unlinked crate `aws_sdk_sesv2`
#20 3.567    --> src/services/email_service.rs:111:34
#20 3.567     |
#20 3.567 111 | ...   .subject(aws_sdk_sesv2::types::Content::builder().data(subject).build().map_err(|e| e.to_string())?) // Fix: handle build error
#20 3.567     |                ^^^^^^^^^^^^^ use of unresolved module or unlinked crate `aws_sdk_sesv2`
#20 3.567     |
#20 3.567 help: there is a crate or module with a similar name
#20 3.567     |
#20 3.567 111 -                         .subject(aws_sdk_sesv2::types::Content::builder().data(subject).build().map_err(|e| e.to_string())?) // Fix: handle build error
#20 3.567 111 +                         .subject(aws_sdk_s3::types::Content::builder().data(subject).build().map_err(|e| e.to_string())?) // Fix: handle build error
#20 3.567     |
#20 3.567 help: consider importing this struct
#20 3.567     |
#20 3.567   1 + use utoipa::openapi::Content;
#20 3.567     |
#20 3.567 help: if you import `Content`, refer to it directly
#20 3.567     |
#20 3.567 111 -                         .subject(aws_sdk_sesv2::types::Content::builder().data(subject).build().map_err(|e| e.to_string())?) // Fix: handle build error
#20 3.567 111 +                         .subject(Content::builder().data(subject).build().map_err(|e| e.to_string())?) // Fix: handle build error
#20 3.567     |
#20 3.567 
#20 3.575 error[E0433]: failed to resolve: use of unresolved module or unlinked crate `aws_sdk_sesv2`
#20 3.575    --> src/services/email_service.rs:119:32
#20 3.575     |
#20 3.575 119 |                     let dest = aws_sdk_sesv2::types::Destination::builder()
#20 3.575     |                                ^^^^^^^^^^^^^ use of unresolved module or unlinked crate `aws_sdk_sesv2`
#20 3.575     |
#20 3.575 help: there is a crate or module with a similar name
#20 3.575     |
#20 3.575 119 -                     let dest = aws_sdk_sesv2::types::Destination::builder()
#20 3.575 119 +                     let dest = aws_sdk_s3::types::Destination::builder()
#20 3.575     |
#20 3.575 help: consider importing this struct
#20 3.575     |
#20 3.575   1 + use aws_sdk_s3::types::Destination;
#20 3.575     |
#20 3.575 help: if you import `Destination`, refer to it directly
#20 3.575     |
#20 3.575 119 -                     let dest = aws_sdk_sesv2::types::Destination::builder()
#20 3.575 119 +                     let dest = Destination::builder()
#20 3.575     |
#20 3.575 
#20 3.613 warning: unused imports: `ConnectionManager` and `Pool`
#20 3.613  --> src/main.rs:6:20
#20 3.613   |
#20 3.613 6 | use diesel::r2d2::{ConnectionManager, Pool};
#20 3.613   |                    ^^^^^^^^^^^^^^^^^  ^^^^
#20 3.613   |
#20 3.613   = note: `#[warn(unused_imports)]` (part of `#[warn(unused)]`) on by default
#20 3.613 
#20 3.613 warning: unused import: `handlebars::Handlebars`
#20 3.613  --> src/main.rs:8:5
#20 3.613   |
#20 3.613 8 | use handlebars::Handlebars;
#20 3.613   |     ^^^^^^^^^^^^^^^^^^^^^^
#20 3.613 
#20 3.613 warning: unused import: `std::sync::Mutex`
#20 3.613  --> src/main.rs:9:5
#20 3.613   |
#20 3.613 9 | use std::sync::Mutex;
#20 3.613   |     ^^^^^^^^^^^^^^^^
#20 3.613 
#20 3.613 warning: unused import: `std::time::Duration`
#20 3.613   --> src/main.rs:10:5
#20 3.613    |
#20 3.613 10 | use std::time::Duration;
#20 3.613    |     ^^^^^^^^^^^^^^^^^^^
#20 3.613 
#20 3.613 warning: unused import: `crate::services::auth_service::Claims`
#20 3.613   --> src/controllers/page_controllers.rs:12:5
#20 3.613    |
#20 3.613 12 | use crate::services::auth_service::Claims;
#20 3.613    |     ^^^^^^^^^^^^^^^^^^^^^^^^^^^^^^^^^^^^^
#20 3.613 
#20 3.614 warning: unused import: `crate::models::PooledDatabaseConnection`
#20 3.614   --> src/controllers/product_controller.rs:38:9
#20 3.614    |
#20 3.614 38 |     use crate::models::PooledDatabaseConnection;
#20 3.614    |         ^^^^^^^^^^^^^^^^^^^^^^^^^^^^^^^^^^^^^^^
#20 3.614 
#20 3.614 warning: unused import: `crate::models::PooledDatabaseConnection`
#20 3.614   --> src/controllers/product_controller.rs:76:9
#20 3.614    |
#20 3.614 76 |     use crate::models::PooledDatabaseConnection;
#20 3.614    |         ^^^^^^^^^^^^^^^^^^^^^^^^^^^^^^^^^^^^^^^
#20 3.614 
#20 3.614 warning: unused import: `crate::models::PooledDatabaseConnection`
#20 3.614   --> src/controllers/product_controller.rs:98:9
#20 3.614    |
#20 3.614 98 |     use crate::models::PooledDatabaseConnection;
#20 3.614    |         ^^^^^^^^^^^^^^^^^^^^^^^^^^^^^^^^^^^^^^^
#20 3.614 
#20 3.614 warning: unnecessary trailing semicolon
#20 3.614    --> src/controllers/product_controller.rs:153:9
#20 3.614     |
#20 3.614 153 |         ;
#20 3.614     |         ^ help: remove this semicolon
#20 3.614     |
#20 3.614     = note: `#[warn(redundant_semicolons)]` (part of `#[warn(unused)]`) on by default
#20 3.614 
#20 3.614 warning: unused import: `crate::models::PooledDatabaseConnection`
#20 3.614    --> src/controllers/product_controller.rs:133:9
#20 3.614     |
#20 3.614 133 |     use crate::models::PooledDatabaseConnection;
#20 3.614     |         ^^^^^^^^^^^^^^^^^^^^^^^^^^^^^^^^^^^^^^^
#20 3.614 
#20 3.614 warning: unnecessary trailing semicolon
#20 3.614    --> src/controllers/product_controller.rs:189:9
#20 3.614     |
#20 3.614 189 |         ;
#20 3.614     |         ^ help: remove this semicolon
#20 3.614 
#20 3.614 warning: unused import: `crate::models::PooledDatabaseConnection`
#20 3.614    --> src/controllers/product_controller.rs:172:9
#20 3.614     |
#20 3.614 172 |     use crate::models::PooledDatabaseConnection;
#20 3.614     |         ^^^^^^^^^^^^^^^^^^^^^^^^^^^^^^^^^^^^^^^
#20 3.614 
#20 3.614 warning: unused import: `chrono::NaiveDateTime`
#20 3.614  --> src/controllers/order_controller.rs:5:5
#20 3.614   |
#20 3.614 5 | use chrono::NaiveDateTime;
#20 3.614   |     ^^^^^^^^^^^^^^^^^^^^^
#20 3.614 
#20 3.614 warning: unused import: `PooledDatabaseConnection`
#20 3.614  --> src/controllers/order_controller.rs:7:49
#20 3.614   |
#20 3.614 7 | use crate::models::{pool_handler, DatabasePool, PooledDatabaseConnection};
#20 3.614   |                                                 ^^^^^^^^^^^^^^^^^^^^^^^^
#20 3.614 
#20 3.614 warning: unused import: `OrderItem`
#20 3.614  --> src/controllers/order_controller.rs:8:45
#20 3.614   |
#20 3.614 8 | use crate::models::commerce_models::{Order, OrderItem, NewOrder, NewOrderItem, Product};
#20 3.614   |                                             ^^^^^^^^^
#20 3.614 
#20 3.614 warning: unused import: `std::fs`
#20 3.614  --> src/controllers/media_controller.rs:5:5
#20 3.614   |
#20 3.614 5 | use std::fs;
#20 3.614   |     ^^^^^^^
#20 3.614 
#20 3.614 warning: unused import: `std::io::Write`
#20 3.614  --> src/controllers/media_controller.rs:6:5
#20 3.614   |
#20 3.614 6 | use std::io::Write;
#20 3.614   |     ^^^^^^^^^^^^^^
#20 3.614 
#20 3.615 warning: unused import: `pool_handler`
#20 3.615  --> src/controllers/relationship_controller.rs:6:35
#20 3.615   |
#20 3.615 6 | use crate::models::{DatabasePool, pool_handler};
#20 3.615   |                                   ^^^^^^^^^^^^
#20 3.615 
#20 3.615 warning: unused import: `Serialize`
#20 3.615  --> src/controllers/webhook_controller.rs:2:26
#20 3.615   |
#20 3.615 2 | use serde::{Deserialize, Serialize};
#20 3.615   |                          ^^^^^^^^^
#20 3.615 
#20 3.615 warning: unused import: `web`
#20 3.615  --> src/controllers/backup_controller.rs:1:28
#20 3.615   |
#20 3.615 1 | use actix_web::{get, post, web, HttpResponse, Responder};
#20 3.615   |                            ^^^
#20 3.615 
#20 3.615 warning: unused import: `Serialize`
#20 3.615  --> src/controllers/payment_controller.rs:6:26
#20 3.615   |
#20 3.615 6 | use serde::{Deserialize, Serialize};
#20 3.615   |                          ^^^^^^^^^
#20 3.615 
#20 3.616 warning: unused import: `async_graphql::http`
#20 3.616  --> src/controllers/graphql_controller.rs:5:5
#20 3.616   |
#20 3.616 5 | use async_graphql::http;
#20 3.616   |     ^^^^^^^^^^^^^^^^^^^
#20 3.616 
#20 3.616 warning: unused import: `Serialize`
#20 3.616  --> src/controllers/graphql_controller.rs:7:26
#20 3.616   |
#20 3.616 7 | use serde::{Deserialize, Serialize};
#20 3.616   |                          ^^^^^^^^^
#20 3.616 
#20 3.616 warning: unused import: `pool_handler`
#20 3.616  --> src/controllers/search_controller.rs:3:35
#20 3.616   |
#20 3.616 3 | use crate::models::{DatabasePool, pool_handler};
#20 3.616   |                                   ^^^^^^^^^^^^
#20 3.616 
#20 3.616 warning: unused imports: `delete` and `put`
#20 3.616  --> src/controllers/i18n_controller.rs:1:58
#20 3.616   |
#20 3.616 1 | use actix_web::{web, HttpResponse, Responder, get, post, put, delete};
#20 3.616   |                                                          ^^^  ^^^^^^
#20 3.616 
#20 3.616 warning: unused import: `Language`
#20 3.616  --> src/controllers/i18n_controller.rs:5:58
#20 3.616   |
#20 3.616 5 | use crate::services::language_service::{LanguageService, Language, NewLanguage};
#20 3.616   |                                                          ^^^^^^^^
#20 3.616 
#20 3.616 warning: unused import: `post`
#20 3.616  --> src/controllers/oauth_controller.rs:1:52
#20 3.616   |
#20 3.616 1 | use actix_web::{web, HttpResponse, Responder, get, post};
#20 3.616   |                                                    ^^^^
#20 3.616 
#20 3.616 warning: unused import: `Serialize`
#20 3.616  --> src/controllers/oauth_controller.rs:2:26
#20 3.616   |
#20 3.616 2 | use serde::{Deserialize, Serialize};
#20 3.616   |                          ^^^^^^^^^
#20 3.616 
#20 3.616 warning: unused import: `User`
#20 3.616  --> src/controllers/oauth_callback_controller.rs:5:34
#20 3.616   |
#20 3.616 5 | use crate::models::user_models::{User, MutUser};
#20 3.616   |                                  ^^^^
#20 3.616 
#20 3.616 warning: unused import: `crate::models::Model`
#20 3.616  --> src/controllers/oauth_callback_controller.rs:6:5
#20 3.616   |
#20 3.616 6 | use crate::models::Model;
#20 3.616   |     ^^^^^^^^^^^^^^^^^^^^
#20 3.616 
#20 3.617 warning: unused import: `crate::models::PooledDatabaseConnection`
#20 3.617   --> src/controllers/oauth_callback_controller.rs:63:9
#20 3.617    |
#20 3.617 63 |     use crate::models::PooledDatabaseConnection;
#20 3.617    |         ^^^^^^^^^^^^^^^^^^^^^^^^^^^^^^^^^^^^^^^
#20 3.617 
#20 3.617 warning: unused import: `crate::models::PooledDatabaseConnection`
#20 3.617    --> src/controllers/oauth_callback_controller.rs:184:9
#20 3.617     |
#20 3.617 184 |     use crate::models::PooledDatabaseConnection;
#20 3.617     |         ^^^^^^^^^^^^^^^^^^^^^^^^^^^^^^^^^^^^^^^
#20 3.617 
#20 3.617 warning: unused import: `web`
#20 3.617  --> src/controllers/dashboard_controller.rs:1:47
#20 3.617   |
#20 3.617 1 | use actix_web::{get, HttpResponse, Responder, web};
#20 3.617   |                                               ^^^
#20 3.617 
#20 3.617 warning: unused import: `Deserialize`
#20 3.617  --> src/controllers/dashboard_controller.rs:2:24
#20 3.617   |
#20 3.617 2 | use serde::{Serialize, Deserialize};
#20 3.617   |                        ^^^^^^^^^^^
#20 3.617 
#20 3.617 warning: unused import: `UserContext`
#20 3.617  --> src/controllers/survey_controller.rs:3:60
#20 3.617   |
#20 3.617 3 | use crate::middleware::auth_middleware::{get_user_context, UserContext};
#20 3.617   |                                                            ^^^^^^^^^^^
#20 3.617 
#20 3.617 warning: unused import: `crate::schema::tenants`
#20 3.617  --> src/helpers/tenant_helper.rs:4:5
#20 3.617   |
#20 3.617 4 | use crate::schema::tenants;
#20 3.617   |     ^^^^^^^^^^^^^^^^^^^^^^
#20 3.617 
#20 3.618 warning: unused import: `std::time::Duration`
#20 3.618  --> src/services/cache_service.rs:2:5
#20 3.618   |
#20 3.618 2 | use std::time::Duration;
#20 3.618   |     ^^^^^^^^^^^^^^^^^^^
#20 3.618 
#20 3.618 warning: unused import: `chrono::NaiveDateTime`
#20 3.618  --> src/services/analytics_service.rs:2:5
#20 3.618   |
#20 3.618 2 | use chrono::NaiveDateTime;
#20 3.618   |     ^^^^^^^^^^^^^^^^^^^^^
#20 3.618 
#20 3.618 warning: unused imports: `Duration` and `Timelike`
#20 3.618   --> src/services/analytics_service.rs:83:27
#20 3.618    |
#20 3.618 83 |         use chrono::{Utc, Duration, Timelike};
#20 3.618    |                           ^^^^^^^^  ^^^^^^^^
#20 3.618 
#20 3.618 warning: unused import: `Timelike`
#20 3.618    --> src/services/analytics_service.rs:128:27
#20 3.618     |
#20 3.618 128 |         use chrono::{Utc, Timelike};
#20 3.618     |                           ^^^^^^^^
#20 3.618 
#20 3.618 warning: unused import: `actix_web::http::header::HeaderValue`
#20 3.618  --> src/services/auth_service.rs:1:5
#20 3.618   |
#20 3.618 1 | use actix_web::http::header::HeaderValue;
#20 3.618   |     ^^^^^^^^^^^^^^^^^^^^^^^^^^^^^^^^^^^^
#20 3.618 
#20 3.618 warning: unused imports: `PasswordHash` and `PasswordVerifier`
#20 3.618  --> src/services/auth_service.rs:4:33
#20 3.618   |
#20 3.618 4 | use password_hash::{SaltString, PasswordHash, PasswordVerifier};
#20 3.618   |                                 ^^^^^^^^^^^^  ^^^^^^^^^^^^^^^^
#20 3.618 
#20 3.618 warning: unused import: `diesel::prelude::*`
#20 3.618  --> src/services/auth_service.rs:5:5
#20 3.618   |
#20 3.618 5 | use diesel::prelude::*;
#20 3.618   |     ^^^^^^^^^^^^^^^^^^
#20 3.618 
#20 3.620 warning: unused import: `pool_handler`
#20 3.620   --> src/services/auth_service.rs:13:21
#20 3.620    |
#20 3.620 13 | use crate::models::{pool_handler, user_models, Model, DatabasePool};
#20 3.620    |                     ^^^^^^^^^^^^
#20 3.620 
#20 3.620 warning: unused imports: `page_revisions` and `pages`
#20 3.620  --> src/services/revision_service.rs:5:21
#20 3.620   |
#20 3.620 5 | use crate::schema::{pages, page_revisions};
#20 3.620   |                     ^^^^^  ^^^^^^^^^^^^^^
#20 3.620 
#20 3.620 warning: unused import: `chrono::Utc`
#20 3.620  --> src/services/inventory_service.rs:5:5
#20 3.620   |
#20 3.620 5 | use chrono::Utc;
#20 3.620   |     ^^^^^^^^^^^
#20 3.620 
#20 3.620 warning: unused import: `uuid::Uuid`
#20 3.620  --> src/services/inventory_service.rs:6:5
#20 3.620   |
#20 3.620 6 | use uuid::Uuid;
#20 3.620   |     ^^^^^^^^^^
#20 3.620 
#20 3.620 warning: unused import: `actix_web::web`
#20 3.620  --> src/services/ai_scope_service.rs:1:5
#20 3.620   |
#20 3.620 1 | use actix_web::web;
#20 3.620   |     ^^^^^^^^^^^^^^
#20 3.620 
#20 3.620 warning: unused import: `diesel::prelude::*`
#20 3.620  --> src/services/ai_scope_service.rs:2:5
#20 3.620   |
#20 3.620 2 | use diesel::prelude::*;
#20 3.620   |     ^^^^^^^^^^^^^^^^^^
#20 3.620 
#20 3.620 warning: unused import: `crate::models::DbPool`
#20 3.620  --> src/services/ai_scope_service.rs:4:5
#20 3.620   |
#20 3.620 4 | use crate::models::DbPool;
#20 3.620   |     ^^^^^^^^^^^^^^^^^^^^^
#20 3.620 
#20 3.620 warning: unused import: `HttpResponse`
#20 3.620  --> src/services/ai_authorization_service.rs:1:35
#20 3.620   |
#20 3.620 1 | use actix_web::{web, HttpRequest, HttpResponse};
#20 3.620   |                                   ^^^^^^^^^^^^
#20 3.620 
#20 3.620 warning: unused import: `diesel::prelude::*`
#20 3.620  --> src/services/ai_authorization_service.rs:3:5
#20 3.620   |
#20 3.620 3 | use diesel::prelude::*;
#20 3.620   |     ^^^^^^^^^^^^^^^^^^
#20 3.620 
#20 3.620 warning: unused import: `crate::schema::pages`
#20 3.620   --> src/services/ai_authorization_service.rs:92:9
#20 3.620    |
#20 3.620 92 |     use crate::schema::pages;
#20 3.620    |         ^^^^^^^^^^^^^^^^^^^^
#20 3.620 
#20 3.620 warning: unused import: `crate::schema::pages`
#20 3.620    --> src/services/ai_authorization_service.rs:127:9
#20 3.620     |
#20 3.620 127 |     use crate::schema::pages;
#20 3.620     |         ^^^^^^^^^^^^^^^^^^^^
#20 3.620 
#20 3.621 warning: unused import: `pgvector::Vector`
#20 3.621  --> src/services/semantic_search_service.rs:6:5
#20 3.621   |
#20 3.621 6 | use pgvector::Vector; 
#20 3.621   |     ^^^^^^^^^^^^^^^^
#20 3.621 
#20 3.621 warning: unused import: `crate::models::ai_provider_models::AIProviderConfig`
#20 3.621  --> src/services/semantic_search_service.rs:9:5
#20 3.621   |
#20 3.621 9 | use crate::models::ai_provider_models::AIProviderConfig;
#20 3.621   |     ^^^^^^^^^^^^^^^^^^^^^^^^^^^^^^^^^^^^^^^^^^^^^^^^^^^
#20 3.621 
#20 3.621 warning: unused imports: `ai_provider_configs` and `search_history`
#20 3.621   --> src/services/semantic_search_service.rs:10:21
#20 3.621    |
#20 3.621 10 | use crate::schema::{ai_provider_configs, content_embeddings, search_history};
#20 3.621    |                     ^^^^^^^^^^^^^^^^^^^                      ^^^^^^^^^^^^^^
#20 3.621 
#20 3.621 warning: unused import: `BigInt`
#20 3.621  --> src/services/recommendation_service.rs:4:25
#20 3.621   |
#20 3.621 4 | use diesel::sql_types::{BigInt, Text, Float4, Integer};
#20 3.621   |                         ^^^^^^
#20 3.621 
#20 3.621 warning: unused import: `pgvector::Vector`
#20 3.621  --> src/services/recommendation_service.rs:5:5
#20 3.621   |
#20 3.621 5 | use pgvector::Vector;
#20 3.621   |     ^^^^^^^^^^^^^^^^
#20 3.621 
#20 3.621 warning: unused import: `content_embeddings`
#20 3.621  --> src/services/recommendation_service.rs:8:28
#20 3.621   |
#20 3.621 8 | use crate::schema::{pages, content_embeddings};
#20 3.621   |                            ^^^^^^^^^^^^^^^^^^
#20 3.621 
#20 3.623 warning: unused import: `error`
#20 3.623  --> src/services/ai_command_executor.rs:2:17
#20 3.623   |
#20 3.623 2 | use log::{info, error};
#20 3.623   |                 ^^^^^
#20 3.623 
#20 3.623 warning: unused import: `error`
#20 3.623  --> src/services/ai_response_handler.rs:1:23
#20 3.623   |
#20 3.623 1 | use log::{info, warn, error};
#20 3.623   |                       ^^^^^
#20 3.623 
#20 3.623 warning: unused imports: `error` and `warn`
#20 3.623  --> src/services/workflow_orchestrator.rs:3:17
#20 3.623   |
#20 3.623 3 | use log::{info, warn, error};
#20 3.623   |                 ^^^^  ^^^^^
#20 3.623 
#20 3.624 warning: unused imports: `Duration` and `sleep`
#20 3.624  --> src/services/content_scheduler.rs:3:19
#20 3.624   |
#20 3.624 3 | use tokio::time::{sleep, Duration};
#20 3.624   |                   ^^^^^  ^^^^^^^^
#20 3.624 
#20 3.626 warning: unused import: `serde_json::Value`
#20 3.626  --> src/services/schema_markup.rs:2:5
#20 3.626   |
#20 3.626 2 | use serde_json::Value;
#20 3.626   |     ^^^^^^^^^^^^^^^^^
#20 3.626 
#20 3.626 warning: unused import: `std::collections::HashMap`
#20 3.626  --> src/services/link_builder.rs:3:5
#20 3.626   |
#20 3.626 3 | use std::collections::HashMap;
#20 3.626   |     ^^^^^^^^^^^^^^^^^^^^^^^^^
#20 3.626 
#20 3.627 warning: unused import: `std::collections::HashMap`
#20 3.627  --> src/services/competitor_analyzer.rs:3:5
#20 3.627   |
#20 3.627 3 | use std::collections::HashMap;
#20 3.627   |     ^^^^^^^^^^^^^^^^^^^^^^^^^
#20 3.627 
#20 3.629 warning: unused import: `std::collections::HashMap`
#20 3.629  --> src/services/inventory_analytics.rs:3:5
#20 3.629   |
#20 3.629 3 | use std::collections::HashMap;
#20 3.629   |     ^^^^^^^^^^^^^^^^^^^^^^^^^
#20 3.629 
#20 3.632 warning: unused import: `roles`
#20 3.632   --> src/services/permission_service.rs:77:37
#20 3.632    |
#20 3.632 77 |     use crate::schema::{user_roles, roles};
#20 3.632    |                                     ^^^^^
#20 3.632 
#20 3.632 warning: unused import: `crate::schema::pages`
#20 3.632    --> src/services/permission_service.rs:123:9
#20 3.632     |
#20 3.632 123 |     use crate::schema::pages;
#20 3.632     |         ^^^^^^^^^^^^^^^^^^^^
#20 3.632 
#20 3.632 warning: unused import: `Client`
#20 3.632  --> src/services/cache_service_v2.rs:4:52
#20 3.632   |
#20 3.632 4 | use redis::{cluster::ClusterClient, AsyncCommands, Client};
#20 3.632   |                                                    ^^^^^^
#20 3.632 
#20 3.632 warning: unused import: `HttpResponse`
#20 3.632  --> src/services/plugin_service/mod.rs:1:38
#20 3.632   |
#20 3.632 1 | use actix_web::{dev::ServiceRequest, HttpResponse};
#20 3.632   |                                      ^^^^^^^^^^^^
#20 3.632 
#20 3.632 warning: unused import: `body::BoxBody`
#20 3.632  --> src/services/plugin_service/middleware.rs:2:24
#20 3.632   |
#20 3.632 2 | use actix_web::{Error, body::BoxBody};
#20 3.632   |                        ^^^^^^^^^^^^^
#20 3.632 
#20 3.632 warning: unused import: `std::path::Path`
#20 3.632  --> src/services/template_service.rs:1:5
#20 3.632   |
#20 3.632 1 | use std::path::Path;
#20 3.632   |     ^^^^^^^^^^^^^^^
#20 3.632 
#20 3.632 warning: unused import: `Template`
#20 3.632  --> src/services/template_service.rs:4:37
#20 3.632   |
#20 3.632 4 | use liquid::{Parser, ParserBuilder, Template};
#20 3.632   |                                     ^^^^^^^^
#20 3.632 
#20 3.634 warning: unused imports: `Deserialize` and `Serialize`
#20 3.634  --> src/services/language_service.rs:2:13
#20 3.634   |
#20 3.634 2 | use serde::{Deserialize, Serialize};
#20 3.634   |             ^^^^^^^^^^^  ^^^^^^^^^
#20 3.634 
#20 3.634 warning: unused import: `diesel::prelude::*`
#20 3.634  --> src/services/analytics_service_v2.rs:1:5
#20 3.634   |
#20 3.634 1 | use diesel::prelude::*;
#20 3.634   |     ^^^^^^^^^^^^^^^^^^
#20 3.634 
#20 3.634 warning: unused import: `Deserialize`
#20 3.634  --> src/services/analytics_service_v2.rs:2:13
#20 3.634   |
#20 3.634 2 | use serde::{Deserialize, Serialize};
#20 3.634   |             ^^^^^^^^^^^
#20 3.634 
#20 3.634 warning: unused import: `crate::services::language_service::LanguageService`
#20 3.634  --> src/services/hreflang_service.rs:1:5
#20 3.634   |
#20 3.634 1 | use crate::services::language_service::LanguageService;
#20 3.634   |     ^^^^^^^^^^^^^^^^^^^^^^^^^^^^^^^^^^^^^^^^^^^^^^^^^^
#20 3.634 
#20 3.634 warning: unused import: `warn`
#20 3.634  --> src/services/email_service.rs:5:24
#20 3.634   |
#20 3.634 5 | use log::{info, error, warn};
#20 3.634   |                        ^^^^
#20 3.634 
#20 3.634 warning: unused imports: `crm_segments` and `users`
#20 3.634  --> src/services/crm_service.rs:9:54
#20 3.634   |
#20 3.634 9 | use crate::schema::{crm_customers, crm_interactions, crm_segments, crm_tasks, crm_notes, users};
#20 3.634   |                                                      ^^^^^^^^^^^^                        ^^^^^
#20 3.634 
#20 3.634 warning: unused imports: `Deserialize` and `Serialize`
#20 3.634  --> src/models/config_models.rs:1:13
#20 3.634   |
#20 3.634 1 | use serde::{Deserialize, Serialize};
#20 3.634   |             ^^^^^^^^^^^  ^^^^^^^^^
#20 3.634 
#20 3.636 warning: unused import: `std::io::Write`
#20 3.636  --> src/models/status_enum.rs:8:5
#20 3.636   |
#20 3.636 8 | use std::io::Write;
#20 3.636   |     ^^^^^^^^^^^^^^
#20 3.636 
#20 3.638 warning: unused import: `diesel::serialize::ToSql`
#20 3.638  --> src/models/revision_models.rs:6:5
#20 3.638   |
#20 3.638 6 | use diesel::serialize::ToSql;
#20 3.638   |     ^^^^^^^^^^^^^^^^^^^^^^^^
#20 3.638 
#20 3.638 warning: unused import: `diesel::deserialize::FromSql`
#20 3.638  --> src/models/revision_models.rs:7:5
#20 3.638   |
#20 3.638 7 | use diesel::deserialize::FromSql;
#20 3.638   |     ^^^^^^^^^^^^^^^^^^^^^^^^^^^^
#20 3.638 
#20 3.639 warning: unused imports: `Jsonb` and `Numeric`
#20 3.639  --> src/models/inventory_models.rs:3:25
#20 3.639   |
#20 3.639 3 | use diesel::sql_types::{Jsonb, Numeric};
#20 3.639   |                         ^^^^^  ^^^^^^^
#20 3.639 
#20 3.643 warning: unused import: `PooledConnection`
#20 3.643   --> src/models/mod.rs:29:99
#20 3.643    |
#20 3.643 29 | use diesel::{PgConnection, query_builder::AsChangeset, r2d2::{ConnectionManager, Pool, PoolError, PooledConnection}};
#20 3.643    |                                                                                                   ^^^^^^^^^^^^^^^^
#20 3.643 
#20 3.674 warning: unused import: `pgvector::sql_types::Vector`
#20 3.674  --> src/sql_types.rs:1:9
#20 3.674   |
#20 3.674 1 | pub use pgvector::sql_types::Vector;
#20 3.674   |         ^^^^^^^^^^^^^^^^^^^^^^^^^^^
#20 3.674 
#20 3.674 warning: unused import: `crate::models::DatabasePool`
#20 3.674  --> src/graphql/query.rs:5:5
#20 3.674   |
#20 3.674 5 | use crate::models::DatabasePool;
#20 3.674   |     ^^^^^^^^^^^^^^^^^^^^^^^^^^^
#20 3.674 
#20 3.675 warning: unused import: `HttpResponse`
#20 3.675  --> src/middleware/rate_limit.rs:5:12
#20 3.675   |
#20 3.675 5 |     Error, HttpResponse,
#20 3.675   |            ^^^^^^^^^^^^
#20 3.675 
#20 3.675 warning: unused import: `get_user_context`
#20 3.675  --> src/middleware/mod.rs:5:43
#20 3.675   |
#20 3.675 5 | pub use auth_middleware::{AuthMiddleware, get_user_context};
#20 3.675   |                                           ^^^^^^^^^^^^^^^^
#20 3.675 
#20 3.675 warning: unused imports: `Claims`, `UserContext`, and `create_jwt_token`
#20 3.675  --> src/middleware/mod.rs:6:41
#20 3.675   |
#20 3.675 6 | pub use crate::services::auth_service::{Claims, UserContext, create_jwt_token};
#20 3.675   |                                         ^^^^^^  ^^^^^^^^^^^  ^^^^^^^^^^^^^^^^
#20 3.675 
#20 4.153 warning: use of deprecated type alias `diesel::dsl::count_distinct`
#20 4.153    --> src/services/analytics_service.rs:129:26
#20 4.153     |
#20 4.153 129 |         use diesel::dsl::count_distinct;
#20 4.153     |                          ^^^^^^^^^^^^^^
#20 4.153     |
#20 4.153     = note: `#[warn(deprecated)]` on by default
#20 4.153 
#20 4.153 warning: use of deprecated function `diesel::dsl::count_distinct`: Use `AggregateExpressionMethods::aggregate_distinct` instead
#20 4.153    --> src/services/analytics_service.rs:129:26
#20 4.153     |
#20 4.153 129 |         use diesel::dsl::count_distinct;
#20 4.153     |                          ^^^^^^^^^^^^^^
#20 4.153 
#20 4.153 warning: use of deprecated function `diesel::dsl::count_distinct`: Use `AggregateExpressionMethods::aggregate_distinct` instead
#20 4.153    --> src/services/analytics_service.rs:136:21
#20 4.153     |
#20 4.153 136 |             .select(count_distinct(dsl::user_id))
#20 4.153     |                     ^^^^^^^^^^^^^^
#20 4.153 
#20 4.155 warning: use of deprecated function `aws_config::from_env`: Use the `aws_config::defaults` function. If you don't care about future default behavior changes, you can continue to use this function by enabling the `behavior-version-latest` feature. Doing so will make this deprecation notice go away.
#20 4.155   --> src/services/storage_service.rs:78:34
#20 4.155    |
#20 4.155 78 |         let config = aws_config::from_env()
#20 4.155    |                                  ^^^^^^^^
#20 4.155 
#20 4.167 warning: use of deprecated function `base64::encode`: Use Engine::encode
#20 4.167    --> src/services/payment_service/square.rs:237:32
#20 4.167     |
#20 4.167 237 |         let expected = base64::encode(mac.finalize().into_bytes());
#20 4.167     |                                ^^^^^^
#20 4.167 
#20 4.171 warning: use of deprecated type alias `diesel::backend::RawValue`: Use `Backend::RawValue` directly
#20 4.171   --> src/models/status_enum.rs:34:41
#20 4.171    |
#20 4.171 34 |     fn from_sql(bytes: diesel::backend::RawValue<Pg>) -> deserialize::Result<Self> {
#20 4.171    |                                         ^^^^^^^^
#20 4.171 
#20 8.610 warning: use of deprecated method `actix_web::HttpResponseBuilder::set_header`: Replaced with `insert_header((key, value))`. Will be removed in v5.
#20 8.610   --> src/controllers/sitemap_controller.rs:64:26
#20 8.610    |
#20 8.610 64 |                         .set_header("Content-Encoding", "gzip")
#20 8.610    |                          ^^^^^^^^^^
#20 8.610 
#20 8.611 warning: use of deprecated method `actix_web::HttpResponseBuilder::set_header`: Replaced with `insert_header((key, value))`. Will be removed in v5.
#20 8.611   --> src/controllers/sitemap_controller.rs:65:26
#20 8.611    |
#20 8.611 65 |                         .set_header("X-Sitemap-Count", page_count.to_string())
#20 8.611    |                          ^^^^^^^^^^
#20 8.611 
#20 8.613 warning: use of deprecated method `actix_web::HttpResponseBuilder::set_header`: Replaced with `insert_header((key, value))`. Will be removed in v5.
#20 8.613   --> src/controllers/sitemap_controller.rs:71:30
#20 8.613    |
#20 8.613 71 | ...                   .set_header("X-Sitemap-Count", page_count.to_string())
#20 8.613    |                        ^^^^^^^^^^
#20 8.613 
#20 8.613 warning: use of deprecated method `actix_web::HttpResponseBuilder::set_header`: Replaced with `insert_header((key, value))`. Will be removed in v5.
#20 8.613   --> src/controllers/sitemap_controller.rs:79:22
#20 8.613    |
#20 8.613 79 |                     .set_header("X-Sitemap-Count", page_count.to_string())
#20 8.613    |                      ^^^^^^^^^^
#20 8.613 
#20 9.096 warning: variable does not need to be mutable
#20 9.096    --> src/services/ai_authorization_service.rs:133:13
#20 9.096     |
#20 9.096 133 |         let mut conn = pool.get().map_err(|_| diesel::result::Error::DatabaseError(
#20 9.096     |             ----^^^^
#20 9.096     |             |
#20 9.096     |             help: remove this `mut`
#20 9.096     |
#20 9.096     = note: `#[warn(unused_mut)]` (part of `#[warn(unused)]`) on by default
#20 9.096 
#20 9.393 warning: variable does not need to be mutable
#20 9.393   --> src/services/aeo_service.rs:79:13
#20 9.393    |
#20 9.393 79 |         let mut pairs = vec![
#20 9.393    |             ----^^^^^
#20 9.393    |             |
#20 9.393    |             help: remove this `mut`
#20 9.393 
#20 9.723 error[E0282]: type annotations needed
#20 9.723   --> src/services/email_service.rs:90:27
#20 9.723    |
#20 9.723 90 |                     match transport.send(&email) {
#20 9.723    |                           ^^^^^^^^^ cannot infer type
#20 9.723 
#20 9.724 error[E0282]: type annotations needed
#20 9.724   --> src/services/email_service.rs:97:33
#20 9.724    |
#20 9.724 97 | ...                   Err(e.to_string())
#20 9.724    |                           ^ cannot infer type
#20 9.724 
#20 9.724 error[E0282]: type annotations needed
#20 9.724    --> src/services/email_service.rs:107:105
#20 9.724     |
#20 9.724 107 | ...   .html(aws_sdk_sesv2::types::Content::builder().data(html_body).build().map_err(|e| e.to_string())?) // Fix: handle build error
#20 9.724     |                                                                                       ^  - type must be known at this point
#20 9.724     |
#20 9.724 help: consider giving this closure parameter an explicit type
#20 9.724     |
#20 9.724 107 |                         .html(aws_sdk_sesv2::types::Content::builder().data(html_body).build().map_err(|e: /* Type */| e.to_string())?) // Fix: handle build error
#20 9.724     |                                                                                                          ++++++++++++
#20 9.724 
#20 9.725 error[E0282]: type annotations needed
#20 9.725    --> src/services/email_service.rs:111:106
#20 9.725     |
#20 9.725 111 | ...   .subject(aws_sdk_sesv2::types::Content::builder().data(subject).build().map_err(|e| e.to_string())?) // Fix: handle build error
#20 9.725     |                                                                                        ^  - type must be known at this point
#20 9.725     |
#20 9.725 help: consider giving this closure parameter an explicit type
#20 9.725     |
#20 9.725 111 |                         .subject(aws_sdk_sesv2::types::Content::builder().data(subject).build().map_err(|e: /* Type */| e.to_string())?) // Fix: handle build error
#20 9.725     |                                                                                                           ++++++++++++
#20 9.725 
#20 9.725 error[E0282]: type annotations needed
#20 9.725    --> src/services/email_service.rs:123:27
#20 9.725     |
#20 9.725 123 |                     match client.send_email()
#20 9.725     |                           ^^^^^^ cannot infer type
#20 9.725 
#20 9.725 error[E0282]: type annotations needed
#20 9.725    --> src/services/email_service.rs:136:33
#20 9.725     |
#20 9.725 136 | ...                   Err(e.to_string())
#20 9.725     |                           ^ cannot infer type
#20 9.725 
#20 10.16 warning: use of deprecated associated function `handlebars::RenderError::new`: Use RenderErrorReason instead
#20 10.16   --> src/helpers/default.rs:17:29
#20 10.16    |
#20 10.16 17 |         .ok_or(RenderError::new(
#20 10.16    |                             ^^^
#20 10.16 
#20 10.16 warning: use of deprecated associated function `handlebars::RenderError::new`: Use RenderErrorReason instead
#20 10.16   --> src/helpers/default.rs:28:33
#20 10.16    |
#20 10.16 28 |             .ok_or(RenderError::new("No fields exist on this page."))?
#20 10.16    |                                 ^^^
#20 10.16 
#20 10.16 warning: use of deprecated associated function `handlebars::RenderError::new`: Use RenderErrorReason instead
#20 10.16   --> src/helpers/default.rs:30:33
#20 10.16    |
#20 10.16 30 |             .ok_or(RenderError::new(&format!(
#20 10.16    |                                 ^^^
#20 10.16 
#20 10.17 warning: use of deprecated associated function `handlebars::RenderError::new`: Use RenderErrorReason instead
#20 10.17   --> src/helpers/default.rs:61:33
#20 10.17    |
#20 10.17 61 |             .ok_or(RenderError::new(
#20 10.17    |                                 ^^^
#20 10.17 
#20 10.17 warning: use of deprecated associated function `handlebars::RenderError::new`: Use RenderErrorReason instead
#20 10.17   --> src/helpers/default.rs:70:37
#20 10.17    |
#20 10.17 70 |                 .ok_or(RenderError::new("No fields exist on this page."))?
#20 10.17    |                                     ^^^
#20 10.17 
#20 10.17 warning: use of deprecated associated function `handlebars::RenderError::new`: Use RenderErrorReason instead
#20 10.17   --> src/helpers/default.rs:72:37
#20 10.17    |
#20 10.17 72 |                 .ok_or(RenderError::new(&format!(
#20 10.17    |                                     ^^^
#20 10.17 
#20 10.19 warning: use of deprecated method `chrono::DateTime::<Tz>::date`: Use `date_naive()` instead
#20 10.19   --> src/services/analytics_service.rs:86:38
#20 10.19    |
#20 10.19 86 |         let today_start = Utc::now().date().and_hms(0, 0, 0).naive_utc();
#20 10.19    |                                      ^^^^
#20 10.19 
#20 10.22 warning: use of deprecated method `chrono::Date::<Tz>::and_hms`: Use and_hms_opt() instead
#20 10.22   --> src/services/analytics_service.rs:86:45
#20 10.22    |
#20 10.22 86 |         let today_start = Utc::now().date().and_hms(0, 0, 0).naive_utc();
#20 10.22    |                                             ^^^^^^^
#20 10.22 
#20 10.22 warning: use of deprecated method `chrono::DateTime::<Tz>::date`: Use `date_naive()` instead
#20 10.22    --> src/services/analytics_service.rs:132:38
#20 10.22     |
#20 10.22 132 |         let today_start = Utc::now().date().and_hms(0, 0, 0).naive_utc();
#20 10.22     |                                      ^^^^
#20 10.22 
#20 10.22 warning: use of deprecated method `chrono::Date::<Tz>::and_hms`: Use and_hms_opt() instead
#20 10.22    --> src/services/analytics_service.rs:132:45
#20 10.22     |
#20 10.22 132 |         let today_start = Utc::now().date().and_hms(0, 0, 0).naive_utc();
#20 10.22     |                                             ^^^^^^^
#20 10.22 
#20 11.20 error[E0639]: cannot create non-exhaustive struct using struct expression
#20 11.20   --> src/services/email_template_service.rs:24:28
#20 11.20    |
#20 11.20 24 |                let options = DirectorySourceOptions {
#20 11.20    |  ____________________________^
#20 11.20 25 | |                  hidden: false,
#20 11.20 26 | |                  temporary: false,
#20 11.20 27 | |              };
#20 11.20    | |______________^
#20 11.20 
#20 11.29 error[E0061]: this method takes 2 arguments but 3 arguments were supplied
#20 11.29    --> src/services/email_template_service.rs:28:41
#20 11.29     |
#20 11.29  28 |              if let Err(e) = handlebars.register_templates_directory(".hbs", &template_dir, options) {
#20 11.29     |                                         ^^^^^^^^^^^^^^^^^^^^^^^^^^^^         ------------- unexpected argument #2 of type `&PathBuf`
#20 11.29     |
#20 11.29 note: method defined here
#20 11.29    --> /usr/local/cargo/registry/src/index.crates.io-1949cf8c6b5b557f/handlebars-6.3.2/src/registry.rs:344:12
#20 11.29     |
#20 11.29 344 |     pub fn register_templates_directory<P>(
#20 11.29     |            ^^^^^^^^^^^^^^^^^^^^^^^^^^^^
#20 11.29 help: remove the extra argument
#20 11.29     |
#20 11.29  28 -              if let Err(e) = handlebars.register_templates_directory(".hbs", &template_dir, options) {
#20 11.29  28 +              if let Err(e) = handlebars.register_templates_directory(".hbs", options) {
#20 11.29     |
#20 11.29 
#20 11.29 error[E0639]: cannot create non-exhaustive struct using struct expression
#20 11.29   --> src/services/email_template_service.rs:62:28
#20 11.29    |
#20 11.29 62 |                let options = DirectorySourceOptions {
#20 11.29    |  ____________________________^
#20 11.29 63 | |                  hidden: false,
#20 11.29 64 | |                  temporary: false,
#20 11.29 65 | |              };
#20 11.29    | |______________^
#20 11.29 
#20 11.32 error[E0061]: this method takes 2 arguments but 3 arguments were supplied
#20 11.32    --> src/services/email_template_service.rs:66:25
#20 11.32     |
#20 11.32  66 |              handlebars.register_templates_directory(".hbs", &template_dir, options).map_err(|e| e.to_string())?;
#20 11.32     |                         ^^^^^^^^^^^^^^^^^^^^^^^^^^^^         ------------- unexpected argument #2 of type `&PathBuf`
#20 11.32     |
#20 11.32 note: method defined here
#20 11.32    --> /usr/local/cargo/registry/src/index.crates.io-1949cf8c6b5b557f/handlebars-6.3.2/src/registry.rs:344:12
#20 11.32     |
#20 11.32 344 |     pub fn register_templates_directory<P>(
#20 11.32     |            ^^^^^^^^^^^^^^^^^^^^^^^^^^^^
#20 11.32 help: remove the extra argument
#20 11.32     |
#20 11.32  66 -              handlebars.register_templates_directory(".hbs", &template_dir, options).map_err(|e| e.to_string())?;
#20 11.32  66 +              handlebars.register_templates_directory(".hbs", options).map_err(|e| e.to_string())?;
#20 11.32     |
#20 11.32 
#20 14.34 warning: unused import: `diesel::prelude`
#20 14.34  --> src/controllers/i18n_controller.rs:2:5
#20 14.34   |
#20 14.34 2 | use diesel::prelude::*;
#20 14.34   |     ^^^^^^^^^^^^^^^
#20 14.34 
#20 14.34 warning: unused import: `Digest`
#20 14.34  --> src/services/webhook_service.rs:5:20
#20 14.34   |
#20 14.34 5 | use sha2::{Sha256, Digest};
#20 14.34   |                    ^^^^^^
#20 14.34 
#20 14.46 warning: variable `caption` is assigned to, but never used
#20 14.46    --> src/controllers/media_controller.rs:114:9
#20 14.46     |
#20 14.46 114 |     let mut caption = None;
#20 14.46     |         ^^^^^^^^^^^
#20 14.46     |
#20 14.46     = note: consider using `_caption` instead
#20 14.46     = note: `#[warn(unused_variables)]` (part of `#[warn(unused)]`) on by default
#20 14.46 
#20 14.46 warning: variable `folder` is assigned to, but never used
#20 14.46    --> src/controllers/media_controller.rs:115:9
#20 14.46     |
#20 14.46 115 |     let mut folder = None;
#20 14.46     |         ^^^^^^^^^^
#20 14.46     |
#20 14.46     = note: consider using `_folder` instead
#20 14.46 
#20 14.46 warning: value assigned to `caption` is never read
#20 14.46    --> src/controllers/media_controller.rs:171:21
#20 14.46     |
#20 14.46 171 |                     caption = Some(value);
#20 14.46     |                     ^^^^^^^
#20 14.46     |
#20 14.46     = help: maybe it is overwritten before being read?
#20 14.46     = note: `#[warn(unused_assignments)]` (part of `#[warn(unused)]`) on by default
#20 14.46 
#20 14.46 warning: value assigned to `folder` is never read
#20 14.46    --> src/controllers/media_controller.rs:182:21
#20 14.46     |
#20 14.46 182 |                     folder = Some(value);
#20 14.46     |                     ^^^^^^
#20 14.46     |
#20 14.46     = help: maybe it is overwritten before being read?
#20 14.46 
#20 14.49 warning: unused variable: `req`
#20 14.49   --> src/controllers/theme_controller.rs:13:5
#20 14.49    |
#20 14.49 13 |     req: HttpRequest,
#20 14.49    |     ^^^ help: if this is intentional, prefix it with an underscore: `_req`
#20 14.49 
#20 14.56 warning: unused variable: `pool`
#20 14.56   --> src/controllers/relationship_controller.rs:34:5
#20 14.56    |
#20 14.56 34 |     pool: web::Data<DatabasePool>
#20 14.56    |     ^^^^ help: if this is intentional, prefix it with an underscore: `_pool`
#20 14.56 
#20 14.56 warning: unused variable: `pool`
#20 14.56   --> src/controllers/relationship_controller.rs:52:5
#20 14.56    |
#20 14.56 52 |     pool: web::Data<DatabasePool>
#20 14.56    |     ^^^^ help: if this is intentional, prefix it with an underscore: `_pool`
#20 14.56 
#20 14.56 warning: unused variable: `id`
#20 14.56   --> src/controllers/relationship_controller.rs:67:5
#20 14.56    |
#20 14.56 67 |     id: web::Path<i64>,
#20 14.56    |     ^^ help: if this is intentional, prefix it with an underscore: `_id`
#20 14.56 
#20 14.56 warning: unused variable: `pool`
#20 14.56   --> src/controllers/relationship_controller.rs:68:5
#20 14.56    |
#20 14.56 68 |     pool: web::Data<DatabasePool>
#20 14.56    |     ^^^^ help: if this is intentional, prefix it with an underscore: `_pool`
#20 14.56 
#20 14.70 warning: unused variable: `e`
#20 14.70    --> src/services/crm_service.rs:179:15
#20 14.70     |
#20 14.70 179 |     .map_err(|e| CustomHttpError::NotFound("Customer not found".to_string()))?;
#20 14.70     |               ^ help: if this is intentional, prefix it with an underscore: `_e`
#20 14.70 
#20 14.83 warning: unused variable: `uuid_str`
#20 14.83    --> src/controllers/oauth_callback_controller.rs:101:21
#20 14.83     |
#20 14.83 101 |         if let Some(uuid_str) = user_uuid_option {
#20 14.83     |                     ^^^^^^^^ help: if this is intentional, prefix it with an underscore: `_uuid_str`
#20 14.83 
#20 14.90 warning: unused variable: `user_ctx`
#20 14.90    --> src/controllers/tenant_controller.rs:214:9
#20 14.90     |
#20 14.90 214 |     let user_ctx = match get_user_context(&req) {
#20 14.90     |         ^^^^^^^^ help: if this is intentional, prefix it with an underscore: `_user_ctx`
#20 14.90 
#20 14.97 warning: unused variable: `page_url`
#20 14.97   --> src/services/analytics_service.rs:44:9
#20 14.97    |
#20 14.97 44 |         page_url: String,
#20 14.97    |         ^^^^^^^^ help: if this is intentional, prefix it with an underscore: `_page_url`
#20 14.97 
#20 14.97 warning: unused variable: `page_uuid`
#20 14.97   --> src/services/analytics_service.rs:45:9
#20 14.97    |
#20 14.97 45 |         page_uuid: Option<String>,
#20 14.97    |         ^^^^^^^^^ help: if this is intentional, prefix it with an underscore: `_page_uuid`
#20 14.97 
#20 14.97 warning: unused variable: `page_url`
#20 14.97   --> src/services/analytics_service.rs:68:27
#20 14.97    |
#20 14.97 68 |     pub fn get_page_views(page_url: &str) -> i64 {
#20 14.97    |                           ^^^^^^^^ help: if this is intentional, prefix it with an underscore: `_page_url`
#20 14.97 
#20 15.04 warning: unused variable: `reason`
#20 15.04    --> src/services/inventory_service.rs:128:9
#20 15.04     |
#20 15.04 128 |     let reason = payload.reason.clone();
#20 15.04     |         ^^^^^^ help: if this is intentional, prefix it with an underscore: `_reason`
#20 15.04 
#20 15.05 warning: unused variable: `team_role`
#20 15.05   --> src/services/ai_scope_service.rs:70:25
#20 15.05    |
#20 15.05 70 |             if let Some(team_role) = &user.team_role {
#20 15.05    |                         ^^^^^^^^^ help: if this is intentional, prefix it with an underscore: `_team_role`
#20 15.05 
#20 15.07 warning: unused variable: `payload`
#20 15.07    --> src/services/ai_provider_service.rs:137:5
#20 15.07     |
#20 15.07 137 |     payload: web::Json<UpdateProviderRequest>,
#20 15.07     |     ^^^^^^^ help: if this is intentional, prefix it with an underscore: `_payload`
#20 15.07 
#20 15.17 warning: variable does not need to be mutable
#20 15.17   --> src/services/ai_authorization_service.rs:94:9
#20 15.17    |
#20 15.17 94 |     let mut conn = pool.get().map_err(|_| diesel::result::Error::DatabaseError(
#20 15.17    |         ----^^^^
#20 15.17    |         |
#20 15.17    |         help: remove this `mut`
#20 15.17 
#20 15.17 warning: unused variable: `conn`
#20 15.17   --> src/services/ai_authorization_service.rs:94:9
#20 15.17    |
#20 15.17 94 |     let mut conn = pool.get().map_err(|_| diesel::result::Error::DatabaseError(
#20 15.17    |         ^^^^^^^^ help: if this is intentional, prefix it with an underscore: `_conn`
#20 15.17 
#20 15.17 warning: unused variable: `conn`
#20 15.17    --> src/services/ai_authorization_service.rs:133:13
#20 15.17     |
#20 15.17 133 |         let mut conn = pool.get().map_err(|_| diesel::result::Error::DatabaseError(
#20 15.17     |             ^^^^^^^^ help: if this is intentional, prefix it with an underscore: `_conn`
#20 15.17 
#20 15.17 warning: unused variable: `page_id`
#20 15.17    --> src/services/ai_authorization_service.rs:124:5
#20 15.17     |
#20 15.17 124 |     page_id: i64,
#20 15.17     |     ^^^^^^^ help: if this is intentional, prefix it with an underscore: `_page_id`
#20 15.17 
#20 15.17 warning: unused variable: `user_id`
#20 15.17    --> src/services/ai_authorization_service.rs:129:9
#20 15.17     |
#20 15.17 129 |     let user_id = user.user_id;
#20 15.17     |         ^^^^^^^ help: if this is intentional, prefix it with an underscore: `_user_id`
#20 15.17 
#20 15.46 warning: unused variable: `parameters`
#20 15.46    --> src/services/mcp_client.rs:131:9
#20 15.46     |
#20 15.46 131 |         parameters: serde_json::Value
#20 15.46     |         ^^^^^^^^^^ help: if this is intentional, prefix it with an underscore: `_parameters`
#20 15.46 
#20 15.84 warning: unused variable: `api_key`
#20 15.84    --> src/services/command_router.rs:101:13
#20 15.84     |
#20 15.84 101 |         let api_key = self.key_manager
#20 15.84     |             ^^^^^^^ help: if this is intentional, prefix it with an underscore: `_api_key`
#20 15.84 
#20 15.84 warning: unused variable: `prompt`
#20 15.84    --> src/services/command_router.rs:111:13
#20 15.84     |
#20 15.84 111 |         let prompt = format!(
#20 15.84     |             ^^^^^^ help: if this is intentional, prefix it with an underscore: `_prompt`
#20 15.84 
#20 15.84 warning: unused variable: `api_key`
#20 15.84    --> src/services/command_router.rs:155:13
#20 15.84     |
#20 15.84 155 |         let api_key = self.key_manager
#20 15.84     |             ^^^^^^^ help: if this is intentional, prefix it with an underscore: `_api_key`
#20 15.84 
#20 15.84 warning: unused variable: `api_key`
#20 15.84    --> src/services/command_router.rs:206:13
#20 15.84     |
#20 15.84 206 |         let api_key = self.key_manager
#20 15.84     |             ^^^^^^^ help: if this is intentional, prefix it with an underscore: `_api_key`
#20 15.84 
#20 15.84 warning: unused variable: `api_key`
#20 15.84    --> src/services/command_router.rs:257:13
#20 15.84     |
#20 15.84 257 |         let api_key = self.key_manager
#20 15.84     |             ^^^^^^^ help: if this is intentional, prefix it with an underscore: `_api_key`
#20 15.84 
#20 15.85 warning: unused variable: `api_key`
#20 15.85    --> src/services/command_router.rs:303:13
#20 15.85     |
#20 15.85 303 |         let api_key = self.key_manager
#20 15.85     |             ^^^^^^^ help: if this is intentional, prefix it with an underscore: `_api_key`
#20 15.85 
#20 16.19 warning: unused variable: `domain`
#20 16.19   --> src/services/geo_service.rs:32:9
#20 16.19    |
#20 16.19 32 |         domain: &str,
#20 16.19    |         ^^^^^^ help: if this is intentional, prefix it with an underscore: `_domain`
#20 16.19 
#20 16.19 warning: unused variable: `content`
#20 16.19   --> src/services/geo_service.rs:60:42
#20 16.19    |
#20 16.19 60 |     async fn extract_attributions(&self, content: &str) -> Result<Vec<SourceAttribution>, String> {
#20 16.19    |                                          ^^^^^^^ help: if this is intentional, prefix it with an underscore: `_content`
#20 16.19 
#20 16.22 warning: unused variable: `content`
#20 16.22   --> src/services/seo_meta_generator.rs:47:36
#20 16.22    |
#20 16.22 47 |     async fn generate_title(&self, content: &str, keyword: &str) -> Result<String, String> {
#20 16.22    |                                    ^^^^^^^ help: if this is intentional, prefix it with an underscore: `_content`
#20 16.22 
#20 16.22 warning: unused variable: `content`
#20 16.22   --> src/services/seo_meta_generator.rs:54:42
#20 16.22    |
#20 16.22 54 |     async fn generate_description(&self, content: &str, keyword: &str) -> Result<String, String> {
#20 16.22    |                                          ^^^^^^^ help: if this is intentional, prefix it with an underscore: `_content`
#20 16.22 
#20 16.22 warning: unused variable: `content`
#20 16.22   --> src/services/seo_meta_generator.rs:61:38
#20 16.22    |
#20 16.22 61 |     async fn extract_keywords(&self, content: &str) -> Result<Vec<String>, String> {
#20 16.22    |                                      ^^^^^^^ help: if this is intentional, prefix it with an underscore: `_content`
#20 16.22 
#20 16.26 warning: unused variable: `content`
#20 16.26   --> src/services/content_quality.rs:81:34
#20 16.26    |
#20 16.26 81 |     fn syllables_per_word(&self, content: &str) -> f64 {
#20 16.26    |                                  ^^^^^^^ help: if this is intentional, prefix it with an underscore: `_content`
#20 16.26 
#20 16.29 warning: unused variable: `words`
#20 16.29    --> src/services/link_builder.rs:165:13
#20 16.29     |
#20 16.29 165 |         let words: Vec<&str> = content.split_whitespace().collect();
#20 16.29     |             ^^^^^ help: if this is intentional, prefix it with an underscore: `_words`
#20 16.29 
#20 16.55 warning: unused variable: `total`
#20 16.55    --> src/services/content_calendar.rs:163:13
#20 16.55     |
#20 16.55 163 |         let total = schedule.len() as f64;
#20 16.55     |             ^^^^^ help: if this is intentional, prefix it with an underscore: `_total`
#20 16.55 
#20 16.58 warning: unused variable: `keyword`
#20 16.58   --> src/services/rank_tracker.rs:66:34
#20 16.58    |
#20 16.58 66 |     async fn get_rankings(&self, keyword: &str, url: &str) -> Result<Vec<RankingSnapshot>, String> {
#20 16.58    |                                  ^^^^^^^ help: if this is intentional, prefix it with an underscore: `_keyword`
#20 16.58 
#20 16.89 warning: unused variable: `product_name`
#20 16.89   --> src/services/wishlist.rs:49:9
#20 16.89    |
#20 16.89 49 |         product_name: String,
#20 16.89    |         ^^^^^^^^^^^^ help: if this is intentional, prefix it with an underscore: `_product_name`
#20 16.89 
#20 16.89 warning: unused variable: `price`
#20 16.89   --> src/services/wishlist.rs:50:9
#20 16.89    |
#20 16.89 50 |         price: f64,
#20 16.89    |         ^^^^^ help: if this is intentional, prefix it with an underscore: `_price`
#20 16.89 
#20 17.09 warning: unused variable: `required_permission`
#20 17.09   --> src/services/permission_service.rs:74:5
#20 17.09    |
#20 17.09 74 |     required_permission: &str,
#20 17.09    |     ^^^^^^^^^^^^^^^^^^^ help: if this is intentional, prefix it with an underscore: `_required_permission`
#20 17.09 
#20 17.22 warning: unused variable: `quality`
#20 17.22   --> src/services/image_service.rs:92:44
#20 17.22    |
#20 17.22 92 | pub fn convert_to_webp(img: &DynamicImage, quality: u8) -> Result<Vec<u8>, String> {
#20 17.22    |                                            ^^^^^^^ help: if this is intentional, prefix it with an underscore: `_quality`
#20 17.22 
#20 17.23 warning: unused variable: `content_type`
#20 17.23   --> src/services/plugin_service/mod.rs:28:37
#20 17.23    |
#20 17.23 28 |     async fn on_save_content(&self, content_type: &str, data: &serde_json::Value) -> Result<(), String> {
#20 17.23    |                                     ^^^^^^^^^^^^ help: if this is intentional, prefix it with an underscore: `_content_type`
#20 17.23 
#20 17.23 warning: unused variable: `data`
#20 17.23   --> src/services/plugin_service/mod.rs:28:57
#20 17.23    |
#20 17.23 28 |     async fn on_save_content(&self, content_type: &str, data: &serde_json::Value) -> Result<(), String> {
#20 17.23    |                                                         ^^^^ help: if this is intentional, prefix it with an underscore: `_data`
#20 17.23 
#20 17.53 warning: unused variable: `payload`
#20 17.53    --> src/services/payment_service/paypal.rs:242:40
#20 17.53     |
#20 17.53 242 |     fn verify_webhook_signature(&self, payload: &[u8], signature: &str) -> Result<bool, String> {
#20 17.53     |                                        ^^^^^^^ help: if this is intentional, prefix it with an underscore: `_payload`
#20 17.53 
#20 17.71 warning: variable does not need to be mutable
#20 17.71   --> src/services/encryption_service.rs:79:23
#20 17.71    |
#20 17.71 79 |     let (nonce_bytes, mut ciphertext) = combined.split_at(NONCE_LEN);
#20 17.71    |                       ----^^^^^^^^^^
#20 17.71    |                       |
#20 17.71    |                       help: remove this `mut`
#20 17.71 
#20 17.72 warning: unused variable: `session_id`
#20 17.72   --> src/services/analytics_service_v2.rs:24:9
#20 17.72    |
#20 17.72 24 |         session_id: String,
#20 17.72    |         ^^^^^^^^^^ help: if this is intentional, prefix it with an underscore: `_session_id`
#20 17.72 
#20 17.72 warning: unused variable: `user_agent`
#20 17.72   --> src/services/analytics_service_v2.rs:26:9
#20 17.72    |
#20 17.72 26 |         user_agent: String,
#20 17.72    |         ^^^^^^^^^^ help: if this is intentional, prefix it with an underscore: `_user_agent`
#20 17.72 
#20 17.72 warning: unused variable: `referer`
#20 17.72   --> src/services/analytics_service_v2.rs:27:9
#20 17.72    |
#20 17.72 27 |         referer: Option<String>
#20 17.72    |         ^^^^^^^ help: if this is intentional, prefix it with an underscore: `_referer`
#20 17.72 
#20 17.72 warning: unused variable: `page_uuid`
#20 17.72   --> src/services/analytics_service_v2.rs:36:9
#20 17.72    |
#20 17.72 36 |         page_uuid: Option<String>,
#20 17.72    |         ^^^^^^^^^ help: if this is intentional, prefix it with an underscore: `_page_uuid`
#20 17.72 
#20 17.72 warning: unused variable: `metadata`
#20 17.72   --> src/services/analytics_service_v2.rs:37:9
#20 17.72    |
#20 17.72 37 |         metadata: Option<serde_json::Value>
#20 17.72    |         ^^^^^^^^ help: if this is intentional, prefix it with an underscore: `_metadata`
#20 17.72 
#20 17.72 warning: unused variable: `page_uuid`
#20 17.72   --> src/services/analytics_service_v2.rs:44:9
#20 17.72    |
#20 17.72 44 |         page_uuid: &str,
#20 17.72    |         ^^^^^^^^^ help: if this is intentional, prefix it with an underscore: `_page_uuid`
#20 17.72 
#20 17.72 warning: unused variable: `from_date`
#20 17.72   --> src/services/analytics_service_v2.rs:45:9
#20 17.72    |
#20 17.72 45 |         from_date: NaiveDateTime,
#20 17.72    |         ^^^^^^^^^ help: if this is intentional, prefix it with an underscore: `_from_date`
#20 17.72 
#20 17.72 warning: unused variable: `to_date`
#20 17.72   --> src/services/analytics_service_v2.rs:46:9
#20 17.72    |
#20 17.72 46 |         to_date: NaiveDateTime
#20 17.72    |         ^^^^^^^ help: if this is intentional, prefix it with an underscore: `_to_date`
#20 17.72 
#20 17.74 warning: unused variable: `current_lang`
#20 17.74  --> src/services/hreflang_service.rs:6:5
#20 17.74   |
#20 17.74 6 |     current_lang: &str,  
#20 17.74   |     ^^^^^^^^^^^^ help: if this is intentional, prefix it with an underscore: `_current_lang`
#20 17.74 
#20 18.25 warning: variable does not need to be mutable
#20 18.25    --> src/models/page_models.rs:279:13
#20 18.25     |
#20 18.25 279 |         let mut page_dto: PageModuleDTO = filtered_page.into();
#20 18.25     |             ----^^^^^^^^
#20 18.25     |             |
#20 18.25     |             help: remove this `mut`
#20 18.25 
#20 18.25 warning: unused variable: `module_dto`
#20 18.25    --> src/models/page_models.rs:274:13
#20 18.25     |
#20 18.25 274 |         let module_dto = FieldsDTO {
#20 18.25     |             ^^^^^^^^^^ help: if this is intentional, prefix it with an underscore: `_module_dto`
#20 18.25 
#20 20.14 warning: unused variable: `pool`
#20 20.14   --> src/models/db_connection.rs:43:33
#20 20.14    |
#20 20.14 43 | pub fn get_database_type_string(pool: &DatabasePool) -> &'static str {
#20 20.14    |                                 ^^^^ help: if this is intentional, prefix it with an underscore: `_pool`
#20 20.14 
#20 21.10 warning: unused variable: `ctx`
#20 21.10   --> src/graphql/query.rs:12:26
#20 21.10    |
#20 21.10 12 |     async fn page(&self, ctx: &Context<'_>, uuid: String) -> Result<Option<GqlPage>> {
#20 21.10    |                          ^^^ help: if this is intentional, prefix it with an underscore: `_ctx`
#20 21.10 
#20 21.10 warning: unused variable: `ctx`
#20 21.10   --> src/graphql/query.rs:31:9
#20 21.10    |
#20 21.10 31 |         ctx: &Context<'_>,
#20 21.10    |         ^^^ help: if this is intentional, prefix it with an underscore: `_ctx`
#20 21.10 
#20 21.10 warning: unused variable: `page`
#20 21.10   --> src/graphql/query.rs:34:13
#20 21.10    |
#20 21.10 34 |         let page = pagination.as_ref().and_then(|p| p.page).unwrap_or(1);
#20 21.10    |             ^^^^ help: if this is intentional, prefix it with an underscore: `_page`
#20 21.10 
#20 21.10 warning: unused variable: `per_page`
#20 21.10   --> src/graphql/query.rs:35:13
#20 21.10    |
#20 21.10 35 |         let per_page = pagination.as_ref().and_then(|p| p.per_page).unwrap_or(20);
#20 21.10    |             ^^^^^^^^ help: if this is intentional, prefix it with an underscore: `_per_page`
#20 21.10 
#20 21.10 warning: unused variable: `ctx`
#20 21.10   --> src/graphql/query.rs:64:9
#20 21.10    |
#20 21.10 64 |         ctx: &Context<'_>,
#20 21.10    |         ^^^ help: if this is intentional, prefix it with an underscore: `_ctx`
#20 21.10 
#20 21.10 warning: unused variable: `resources`
#20 21.10   --> src/graphql/query.rs:66:9
#20 21.10    |
#20 21.10 66 |         resources: Option<Vec<String>>
#20 21.10    |         ^^^^^^^^^ help: if this is intentional, prefix it with an underscore: `_resources`
#20 21.10 
#20 21.10 warning: unused variable: `ctx`
#20 21.10   --> src/graphql/query.rs:82:9
#20 21.10    |
#20 21.10 82 |         ctx: &Context<'_>,
#20 21.10    |         ^^^ help: if this is intentional, prefix it with an underscore: `_ctx`
#20 21.10 
#20 21.10 warning: unused variable: `ctx`
#20 21.10    --> src/graphql/query.rs:100:9
#20 21.10     |
#20 21.10 100 |         ctx: &Context<'_>,
#20 21.10     |         ^^^ help: if this is intentional, prefix it with an underscore: `_ctx`
#20 21.10 
#20 21.10 warning: unused variable: `pagination`
#20 21.10    --> src/graphql/query.rs:101:9
#20 21.10     |
#20 21.10 101 |         pagination: Option<PaginationInput>
#20 21.10     |         ^^^^^^^^^^ help: if this is intentional, prefix it with an underscore: `_pagination`
#20 21.10 
#20 21.12 warning: unused variable: `ctx`
#20 21.12   --> src/graphql/mutation.rs:13:9
#20 21.12    |
#20 21.12 13 |         ctx: &Context<'_>,
#20 21.12    |         ^^^ help: if this is intentional, prefix it with an underscore: `_ctx`
#20 21.12 
#20 21.12 warning: unused variable: `ctx`
#20 21.12   --> src/graphql/mutation.rs:34:9
#20 21.12    |
#20 21.12 34 |         ctx: &Context<'_>,
#20 21.12    |         ^^^ help: if this is intentional, prefix it with an underscore: `_ctx`
#20 21.12 
#20 21.12 warning: unused variable: `ctx`
#20 21.12   --> src/graphql/mutation.rs:56:9
#20 21.12    |
#20 21.12 56 |         ctx: &Context<'_>,
#20 21.12    |         ^^^ help: if this is intentional, prefix it with an underscore: `_ctx`
#20 21.12 
#20 21.12 warning: unused variable: `uuid`
#20 21.12   --> src/graphql/mutation.rs:57:9
#20 21.12    |
#20 21.12 57 |         uuid: String
#20 21.12    |         ^^^^ help: if this is intentional, prefix it with an underscore: `_uuid`
#20 21.12 
#20 21.27 Some errors have detailed explanations: E0061, E0282, E0432, E0433, E0639.
#20 21.27 For more information about an error, try `rustc --explain E0061`.
#20 21.31 warning: `freeradical` (bin "freeradical") generated 188 warnings
#20 21.31 error: could not compile `freeradical` (bin "freeradical") due to 23 previous errors; 188 warnings emitted
#20 ERROR: process "/bin/sh -c cargo build --release" did not complete successfully: exit code: 101
------
 > [builder 13/13] RUN cargo build --release:
21.12 warning: unused variable: `uuid`
21.12   --> src/graphql/mutation.rs:57:9
21.12    |
21.12 57 |         uuid: String
21.12    |         ^^^^ help: if this is intentional, prefix it with an underscore: `_uuid`
21.12 
21.27 Some errors have detailed explanations: E0061, E0282, E0432, E0433, E0639.
21.27 For more information about an error, try `rustc --explain E0061`.
21.31 warning: `freeradical` (bin "freeradical") generated 188 warnings
21.31 error: could not compile `freeradical` (bin "freeradical") due to 23 previous errors; 188 warnings emitted
------
Dockerfile:34

--------------------

  32 |     

  33 |     # Build release (application)

  34 | >>> RUN cargo build --release

  35 |     

  36 |     # Runtime stage

--------------------

failed to solve: process "/bin/sh -c cargo build --release" did not complete successfully: exit code: 101

