#1 [internal] load local bake definitions
#1 reading from stdin 503B done
#1 DONE 0.0s

#2 [internal] load build definition from Dockerfile
#2 transferring dockerfile: 1.34kB done
#2 WARN: FromAsCasing: 'as' and 'FROM' keywords' casing do not match (line 1)
#2 DONE 0.0s

#3 [internal] load metadata for docker.io/rustlang/rust:nightly
#3 DONE 0.0s

#4 [internal] load metadata for docker.io/library/debian:sid-slim
#4 DONE 0.8s

#5 [builder  1/13] FROM docker.io/rustlang/rust:nightly
#5 DONE 0.0s

#6 [stage-1 1/9] FROM docker.io/library/debian:sid-slim@sha256:c0f1b3716686ee452f7c62c82d8aee5f79feccba7402e967b79658100d5bd6cf
#6 DONE 0.0s

#7 [internal] load .dockerignore
#7 transferring context: 66B done
#7 DONE 0.0s

#8 [internal] load build context
#8 transferring context: 4.88MB 0.9s done
#8 DONE 0.9s

#9 [builder 12/13] RUN touch src/main.rs
#9 CACHED

#10 [builder 13/13] RUN cargo build --release
#10 1.302    Compiling freeradical v2.5.0 (/app)
#10 2.656 error[E0432]: unresolved import `aws_config::behavior_version`
#10 2.656  --> src/services/email_service.rs:9:17
#10 2.656   |
#10 2.656 9 | use aws_config::behavior_version::BehaviorVersion;
#10 2.656   |                 ^^^^^^^^^^^^^^^^ could not find `behavior_version` in `aws_config`
#10 2.656 
#10 3.146 warning: unused imports: `ConnectionManager` and `Pool`
#10 3.146  --> src/main.rs:6:20
#10 3.146   |
#10 3.146 6 | use diesel::r2d2::{ConnectionManager, Pool};
#10 3.146   |                    ^^^^^^^^^^^^^^^^^  ^^^^
#10 3.146   |
#10 3.146   = note: `#[warn(unused_imports)]` (part of `#[warn(unused)]`) on by default
#10 3.146 
#10 3.146 warning: unused import: `handlebars::Handlebars`
#10 3.146  --> src/main.rs:8:5
#10 3.146   |
#10 3.146 8 | use handlebars::Handlebars;
#10 3.146   |     ^^^^^^^^^^^^^^^^^^^^^^
#10 3.146 
#10 3.146 warning: unused import: `std::sync::Mutex`
#10 3.146  --> src/main.rs:9:5
#10 3.146   |
#10 3.146 9 | use std::sync::Mutex;
#10 3.146   |     ^^^^^^^^^^^^^^^^
#10 3.146 
#10 3.146 warning: unused import: `std::time::Duration`
#10 3.146   --> src/main.rs:10:5
#10 3.146    |
#10 3.146 10 | use std::time::Duration;
#10 3.146    |     ^^^^^^^^^^^^^^^^^^^
#10 3.146 
#10 3.146 warning: unused import: `crate::services::auth_service::Claims`
#10 3.146   --> src/controllers/page_controllers.rs:12:5
#10 3.146    |
#10 3.146 12 | use crate::services::auth_service::Claims;
#10 3.146    |     ^^^^^^^^^^^^^^^^^^^^^^^^^^^^^^^^^^^^^
#10 3.146 
#10 3.147 warning: unused import: `crate::models::PooledDatabaseConnection`
#10 3.147   --> src/controllers/product_controller.rs:38:9
#10 3.147    |
#10 3.147 38 |     use crate::models::PooledDatabaseConnection;
#10 3.147    |         ^^^^^^^^^^^^^^^^^^^^^^^^^^^^^^^^^^^^^^^
#10 3.147 
#10 3.147 warning: unused import: `crate::models::PooledDatabaseConnection`
#10 3.147   --> src/controllers/product_controller.rs:76:9
#10 3.147    |
#10 3.147 76 |     use crate::models::PooledDatabaseConnection;
#10 3.147    |         ^^^^^^^^^^^^^^^^^^^^^^^^^^^^^^^^^^^^^^^
#10 3.147 
#10 3.147 warning: unused import: `crate::models::PooledDatabaseConnection`
#10 3.147   --> src/controllers/product_controller.rs:98:9
#10 3.147    |
#10 3.147 98 |     use crate::models::PooledDatabaseConnection;
#10 3.147    |         ^^^^^^^^^^^^^^^^^^^^^^^^^^^^^^^^^^^^^^^
#10 3.147 
#10 3.147 warning: unnecessary trailing semicolon
#10 3.147    --> src/controllers/product_controller.rs:153:9
#10 3.147     |
#10 3.147 153 |         ;
#10 3.147     |         ^ help: remove this semicolon
#10 3.147     |
#10 3.147     = note: `#[warn(redundant_semicolons)]` (part of `#[warn(unused)]`) on by default
#10 3.147 
#10 3.147 warning: unused import: `crate::models::PooledDatabaseConnection`
#10 3.147    --> src/controllers/product_controller.rs:133:9
#10 3.147     |
#10 3.147 133 |     use crate::models::PooledDatabaseConnection;
#10 3.147     |         ^^^^^^^^^^^^^^^^^^^^^^^^^^^^^^^^^^^^^^^
#10 3.147 
#10 3.147 warning: unnecessary trailing semicolon
#10 3.147    --> src/controllers/product_controller.rs:189:9
#10 3.147     |
#10 3.147 189 |         ;
#10 3.147     |         ^ help: remove this semicolon
#10 3.147 
#10 3.147 warning: unused import: `crate::models::PooledDatabaseConnection`
#10 3.147    --> src/controllers/product_controller.rs:172:9
#10 3.147     |
#10 3.147 172 |     use crate::models::PooledDatabaseConnection;
#10 3.147     |         ^^^^^^^^^^^^^^^^^^^^^^^^^^^^^^^^^^^^^^^
#10 3.147 
#10 3.147 warning: unused import: `chrono::NaiveDateTime`
#10 3.147  --> src/controllers/order_controller.rs:5:5
#10 3.147   |
#10 3.147 5 | use chrono::NaiveDateTime;
#10 3.147   |     ^^^^^^^^^^^^^^^^^^^^^
#10 3.147 
#10 3.147 warning: unused import: `PooledDatabaseConnection`
#10 3.147  --> src/controllers/order_controller.rs:7:49
#10 3.147   |
#10 3.147 7 | use crate::models::{pool_handler, DatabasePool, PooledDatabaseConnection};
#10 3.147   |                                                 ^^^^^^^^^^^^^^^^^^^^^^^^
#10 3.147 
#10 3.147 warning: unused import: `OrderItem`
#10 3.147  --> src/controllers/order_controller.rs:8:45
#10 3.147   |
#10 3.147 8 | use crate::models::commerce_models::{Order, OrderItem, NewOrder, NewOrderItem, Product};
#10 3.147   |                                             ^^^^^^^^^
#10 3.147 
#10 3.147 warning: unused import: `std::fs`
#10 3.147  --> src/controllers/media_controller.rs:5:5
#10 3.147   |
#10 3.147 5 | use std::fs;
#10 3.147   |     ^^^^^^^
#10 3.147 
#10 3.147 warning: unused import: `std::io::Write`
#10 3.147  --> src/controllers/media_controller.rs:6:5
#10 3.147   |
#10 3.147 6 | use std::io::Write;
#10 3.147   |     ^^^^^^^^^^^^^^
#10 3.147 
#10 3.147 warning: unused import: `pool_handler`
#10 3.147  --> src/controllers/relationship_controller.rs:6:35
#10 3.147   |
#10 3.147 6 | use crate::models::{DatabasePool, pool_handler};
#10 3.147   |                                   ^^^^^^^^^^^^
#10 3.147 
#10 3.148 warning: unused import: `Serialize`
#10 3.148  --> src/controllers/webhook_controller.rs:2:26
#10 3.148   |
#10 3.148 2 | use serde::{Deserialize, Serialize};
#10 3.148   |                          ^^^^^^^^^
#10 3.148 
#10 3.148 warning: unused import: `web`
#10 3.148  --> src/controllers/backup_controller.rs:1:28
#10 3.148   |
#10 3.148 1 | use actix_web::{get, post, web, HttpResponse, Responder};
#10 3.148   |                            ^^^
#10 3.148 
#10 3.148 warning: unused import: `Serialize`
#10 3.148  --> src/controllers/payment_controller.rs:6:26
#10 3.148   |
#10 3.148 6 | use serde::{Deserialize, Serialize};
#10 3.148   |                          ^^^^^^^^^
#10 3.148 
#10 3.148 warning: unused import: `async_graphql::http`
#10 3.148  --> src/controllers/graphql_controller.rs:5:5
#10 3.148   |
#10 3.148 5 | use async_graphql::http;
#10 3.148   |     ^^^^^^^^^^^^^^^^^^^
#10 3.148 
#10 3.148 warning: unused import: `Serialize`
#10 3.148  --> src/controllers/graphql_controller.rs:7:26
#10 3.148   |
#10 3.148 7 | use serde::{Deserialize, Serialize};
#10 3.148   |                          ^^^^^^^^^
#10 3.148 
#10 3.148 warning: unused import: `pool_handler`
#10 3.148  --> src/controllers/search_controller.rs:3:35
#10 3.148   |
#10 3.148 3 | use crate::models::{DatabasePool, pool_handler};
#10 3.148   |                                   ^^^^^^^^^^^^
#10 3.148 
#10 3.148 warning: unused imports: `delete` and `put`
#10 3.148  --> src/controllers/i18n_controller.rs:1:58
#10 3.148   |
#10 3.148 1 | use actix_web::{web, HttpResponse, Responder, get, post, put, delete};
#10 3.148   |                                                          ^^^  ^^^^^^
#10 3.148 
#10 3.148 warning: unused import: `Language`
#10 3.148  --> src/controllers/i18n_controller.rs:5:58
#10 3.148   |
#10 3.148 5 | use crate::services::language_service::{LanguageService, Language, NewLanguage};
#10 3.148   |                                                          ^^^^^^^^
#10 3.148 
#10 3.149 warning: unused import: `post`
#10 3.149  --> src/controllers/oauth_controller.rs:1:52
#10 3.149   |
#10 3.149 1 | use actix_web::{web, HttpResponse, Responder, get, post};
#10 3.149   |                                                    ^^^^
#10 3.149 
#10 3.149 warning: unused import: `Serialize`
#10 3.149  --> src/controllers/oauth_controller.rs:2:26
#10 3.149   |
#10 3.149 2 | use serde::{Deserialize, Serialize};
#10 3.149   |                          ^^^^^^^^^
#10 3.149 
#10 3.149 warning: unused import: `User`
#10 3.149  --> src/controllers/oauth_callback_controller.rs:5:34
#10 3.149   |
#10 3.149 5 | use crate::models::user_models::{User, MutUser};
#10 3.149   |                                  ^^^^
#10 3.149 
#10 3.149 warning: unused import: `crate::models::Model`
#10 3.149  --> src/controllers/oauth_callback_controller.rs:6:5
#10 3.149   |
#10 3.149 6 | use crate::models::Model;
#10 3.149   |     ^^^^^^^^^^^^^^^^^^^^
#10 3.149 
#10 3.149 warning: unused import: `crate::models::PooledDatabaseConnection`
#10 3.149   --> src/controllers/oauth_callback_controller.rs:63:9
#10 3.149    |
#10 3.149 63 |     use crate::models::PooledDatabaseConnection;
#10 3.149    |         ^^^^^^^^^^^^^^^^^^^^^^^^^^^^^^^^^^^^^^^
#10 3.149 
#10 3.149 warning: unused import: `crate::models::PooledDatabaseConnection`
#10 3.149    --> src/controllers/oauth_callback_controller.rs:184:9
#10 3.149     |
#10 3.149 184 |     use crate::models::PooledDatabaseConnection;
#10 3.149     |         ^^^^^^^^^^^^^^^^^^^^^^^^^^^^^^^^^^^^^^^
#10 3.149 
#10 3.149 warning: unused import: `web`
#10 3.149  --> src/controllers/dashboard_controller.rs:1:47
#10 3.149   |
#10 3.149 1 | use actix_web::{get, HttpResponse, Responder, web};
#10 3.149   |                                               ^^^
#10 3.149 
#10 3.149 warning: unused import: `Deserialize`
#10 3.149  --> src/controllers/dashboard_controller.rs:2:24
#10 3.149   |
#10 3.149 2 | use serde::{Serialize, Deserialize};
#10 3.149   |                        ^^^^^^^^^^^
#10 3.149 
#10 3.150 warning: unused import: `UserContext`
#10 3.150  --> src/controllers/survey_controller.rs:3:60
#10 3.150   |
#10 3.150 3 | use crate::middleware::auth_middleware::{get_user_context, UserContext};
#10 3.150   |                                                            ^^^^^^^^^^^
#10 3.150 
#10 3.150 warning: unused import: `crate::schema::tenants`
#10 3.150  --> src/helpers/tenant_helper.rs:4:5
#10 3.150   |
#10 3.150 4 | use crate::schema::tenants;
#10 3.150   |     ^^^^^^^^^^^^^^^^^^^^^^
#10 3.150 
#10 3.150 warning: unused import: `std::time::Duration`
#10 3.150  --> src/services/cache_service.rs:2:5
#10 3.150   |
#10 3.150 2 | use std::time::Duration;
#10 3.150   |     ^^^^^^^^^^^^^^^^^^^
#10 3.150 
#10 3.150 warning: unused import: `chrono::NaiveDateTime`
#10 3.150  --> src/services/analytics_service.rs:2:5
#10 3.150   |
#10 3.150 2 | use chrono::NaiveDateTime;
#10 3.150   |     ^^^^^^^^^^^^^^^^^^^^^
#10 3.150 
#10 3.150 warning: unused imports: `Duration` and `Timelike`
#10 3.150   --> src/services/analytics_service.rs:83:27
#10 3.150    |
#10 3.150 83 |         use chrono::{Utc, Duration, Timelike};
#10 3.150    |                           ^^^^^^^^  ^^^^^^^^
#10 3.150 
#10 3.150 warning: unused import: `Timelike`
#10 3.150    --> src/services/analytics_service.rs:128:27
#10 3.150     |
#10 3.150 128 |         use chrono::{Utc, Timelike};
#10 3.150     |                           ^^^^^^^^
#10 3.150 
#10 3.151 warning: unused import: `actix_web::http::header::HeaderValue`
#10 3.151  --> src/services/auth_service.rs:1:5
#10 3.151   |
#10 3.151 1 | use actix_web::http::header::HeaderValue;
#10 3.151   |     ^^^^^^^^^^^^^^^^^^^^^^^^^^^^^^^^^^^^
#10 3.151 
#10 3.151 warning: unused imports: `PasswordHash` and `PasswordVerifier`
#10 3.151  --> src/services/auth_service.rs:4:33
#10 3.151   |
#10 3.151 4 | use password_hash::{SaltString, PasswordHash, PasswordVerifier};
#10 3.151   |                                 ^^^^^^^^^^^^  ^^^^^^^^^^^^^^^^
#10 3.151 
#10 3.151 warning: unused import: `diesel::prelude::*`
#10 3.151  --> src/services/auth_service.rs:5:5
#10 3.151   |
#10 3.151 5 | use diesel::prelude::*;
#10 3.151   |     ^^^^^^^^^^^^^^^^^^
#10 3.151 
#10 3.151 warning: unused import: `pool_handler`
#10 3.151   --> src/services/auth_service.rs:13:21
#10 3.151    |
#10 3.151 13 | use crate::models::{pool_handler, user_models, Model, DatabasePool};
#10 3.151    |                     ^^^^^^^^^^^^
#10 3.151 
#10 3.151 warning: unused imports: `page_revisions` and `pages`
#10 3.151  --> src/services/revision_service.rs:5:21
#10 3.151   |
#10 3.151 5 | use crate::schema::{pages, page_revisions};
#10 3.151   |                     ^^^^^  ^^^^^^^^^^^^^^
#10 3.151 
#10 3.151 warning: unused import: `chrono::Utc`
#10 3.151  --> src/services/inventory_service.rs:5:5
#10 3.151   |
#10 3.151 5 | use chrono::Utc;
#10 3.151   |     ^^^^^^^^^^^
#10 3.151 
#10 3.151 warning: unused import: `uuid::Uuid`
#10 3.151  --> src/services/inventory_service.rs:6:5
#10 3.151   |
#10 3.151 6 | use uuid::Uuid;
#10 3.151   |     ^^^^^^^^^^
#10 3.151 
#10 3.151 warning: unused import: `actix_web::web`
#10 3.151  --> src/services/ai_scope_service.rs:1:5
#10 3.151   |
#10 3.151 1 | use actix_web::web;
#10 3.151   |     ^^^^^^^^^^^^^^
#10 3.151 
#10 3.151 warning: unused import: `diesel::prelude::*`
#10 3.151  --> src/services/ai_scope_service.rs:2:5
#10 3.151   |
#10 3.151 2 | use diesel::prelude::*;
#10 3.151   |     ^^^^^^^^^^^^^^^^^^
#10 3.151 
#10 3.151 warning: unused import: `crate::models::DbPool`
#10 3.151  --> src/services/ai_scope_service.rs:4:5
#10 3.151   |
#10 3.151 4 | use crate::models::DbPool;
#10 3.151   |     ^^^^^^^^^^^^^^^^^^^^^
#10 3.151 
#10 3.152 warning: unused import: `HttpResponse`
#10 3.152  --> src/services/ai_authorization_service.rs:1:35
#10 3.152   |
#10 3.152 1 | use actix_web::{web, HttpRequest, HttpResponse};
#10 3.152   |                                   ^^^^^^^^^^^^
#10 3.152 
#10 3.152 warning: unused import: `diesel::prelude::*`
#10 3.152  --> src/services/ai_authorization_service.rs:3:5
#10 3.152   |
#10 3.152 3 | use diesel::prelude::*;
#10 3.152   |     ^^^^^^^^^^^^^^^^^^
#10 3.152 
#10 3.152 warning: unused import: `crate::schema::pages`
#10 3.152   --> src/services/ai_authorization_service.rs:92:9
#10 3.152    |
#10 3.152 92 |     use crate::schema::pages;
#10 3.152    |         ^^^^^^^^^^^^^^^^^^^^
#10 3.152 
#10 3.152 warning: unused import: `crate::schema::pages`
#10 3.152    --> src/services/ai_authorization_service.rs:127:9
#10 3.152     |
#10 3.152 127 |     use crate::schema::pages;
#10 3.152     |         ^^^^^^^^^^^^^^^^^^^^
#10 3.152 
#10 3.152 warning: unused import: `pgvector::Vector`
#10 3.152  --> src/services/semantic_search_service.rs:6:5
#10 3.152   |
#10 3.152 6 | use pgvector::Vector; 
#10 3.152   |     ^^^^^^^^^^^^^^^^
#10 3.152 
#10 3.153 warning: unused import: `crate::models::ai_provider_models::AIProviderConfig`
#10 3.153  --> src/services/semantic_search_service.rs:9:5
#10 3.153   |
#10 3.153 9 | use crate::models::ai_provider_models::AIProviderConfig;
#10 3.153   |     ^^^^^^^^^^^^^^^^^^^^^^^^^^^^^^^^^^^^^^^^^^^^^^^^^^^
#10 3.153 
#10 3.153 warning: unused imports: `ai_provider_configs` and `search_history`
#10 3.153   --> src/services/semantic_search_service.rs:10:21
#10 3.153    |
#10 3.153 10 | use crate::schema::{ai_provider_configs, content_embeddings, search_history};
#10 3.153    |                     ^^^^^^^^^^^^^^^^^^^                      ^^^^^^^^^^^^^^
#10 3.153 
#10 3.153 warning: unused import: `BigInt`
#10 3.153  --> src/services/recommendation_service.rs:4:25
#10 3.153   |
#10 3.153 4 | use diesel::sql_types::{BigInt, Text, Float4, Integer};
#10 3.153   |                         ^^^^^^
#10 3.153 
#10 3.153 warning: unused import: `pgvector::Vector`
#10 3.153  --> src/services/recommendation_service.rs:5:5
#10 3.153   |
#10 3.153 5 | use pgvector::Vector;
#10 3.153   |     ^^^^^^^^^^^^^^^^
#10 3.153 
#10 3.153 warning: unused import: `content_embeddings`
#10 3.153  --> src/services/recommendation_service.rs:8:28
#10 3.153   |
#10 3.153 8 | use crate::schema::{pages, content_embeddings};
#10 3.153   |                            ^^^^^^^^^^^^^^^^^^
#10 3.153 
#10 3.154 warning: unused import: `error`
#10 3.154  --> src/services/ai_command_executor.rs:2:17
#10 3.154   |
#10 3.154 2 | use log::{info, error};
#10 3.154   |                 ^^^^^
#10 3.154 
#10 3.154 warning: unused import: `error`
#10 3.154  --> src/services/ai_response_handler.rs:1:23
#10 3.154   |
#10 3.154 1 | use log::{info, warn, error};
#10 3.154   |                       ^^^^^
#10 3.154 
#10 3.154 warning: unused imports: `error` and `warn`
#10 3.154  --> src/services/workflow_orchestrator.rs:3:17
#10 3.154   |
#10 3.154 3 | use log::{info, warn, error};
#10 3.154   |                 ^^^^  ^^^^^
#10 3.154 
#10 3.155 warning: unused imports: `Duration` and `sleep`
#10 3.155  --> src/services/content_scheduler.rs:3:19
#10 3.155   |
#10 3.155 3 | use tokio::time::{sleep, Duration};
#10 3.155   |                   ^^^^^  ^^^^^^^^
#10 3.155 
#10 3.157 warning: unused import: `serde_json::Value`
#10 3.157  --> src/services/schema_markup.rs:2:5
#10 3.157   |
#10 3.157 2 | use serde_json::Value;
#10 3.157   |     ^^^^^^^^^^^^^^^^^
#10 3.157 
#10 3.157 warning: unused import: `std::collections::HashMap`
#10 3.157  --> src/services/link_builder.rs:3:5
#10 3.157   |
#10 3.157 3 | use std::collections::HashMap;
#10 3.157   |     ^^^^^^^^^^^^^^^^^^^^^^^^^
#10 3.157 
#10 3.158 warning: unused import: `std::collections::HashMap`
#10 3.158  --> src/services/competitor_analyzer.rs:3:5
#10 3.158   |
#10 3.158 3 | use std::collections::HashMap;
#10 3.158   |     ^^^^^^^^^^^^^^^^^^^^^^^^^
#10 3.158 
#10 3.160 warning: unused import: `std::collections::HashMap`
#10 3.160  --> src/services/inventory_analytics.rs:3:5
#10 3.160   |
#10 3.160 3 | use std::collections::HashMap;
#10 3.160   |     ^^^^^^^^^^^^^^^^^^^^^^^^^
#10 3.160 
#10 3.162 warning: unused import: `roles`
#10 3.162   --> src/services/permission_service.rs:77:37
#10 3.162    |
#10 3.162 77 |     use crate::schema::{user_roles, roles};
#10 3.162    |                                     ^^^^^
#10 3.162 
#10 3.162 warning: unused import: `crate::schema::pages`
#10 3.162    --> src/services/permission_service.rs:123:9
#10 3.162     |
#10 3.162 123 |     use crate::schema::pages;
#10 3.162     |         ^^^^^^^^^^^^^^^^^^^^
#10 3.162 
#10 3.163 warning: unused import: `Client`
#10 3.163  --> src/services/cache_service_v2.rs:4:52
#10 3.163   |
#10 3.163 4 | use redis::{cluster::ClusterClient, AsyncCommands, Client};
#10 3.163   |                                                    ^^^^^^
#10 3.163 
#10 3.163 warning: unused import: `HttpResponse`
#10 3.163  --> src/services/plugin_service/mod.rs:1:38
#10 3.163   |
#10 3.163 1 | use actix_web::{dev::ServiceRequest, HttpResponse};
#10 3.163   |                                      ^^^^^^^^^^^^
#10 3.163 
#10 3.163 warning: unused import: `body::BoxBody`
#10 3.163  --> src/services/plugin_service/middleware.rs:2:24
#10 3.163   |
#10 3.163 2 | use actix_web::{Error, body::BoxBody};
#10 3.163   |                        ^^^^^^^^^^^^^
#10 3.163 
#10 3.163 warning: unused import: `std::path::Path`
#10 3.163  --> src/services/template_service.rs:1:5
#10 3.163   |
#10 3.163 1 | use std::path::Path;
#10 3.163   |     ^^^^^^^^^^^^^^^
#10 3.163 
#10 3.163 warning: unused import: `Template`
#10 3.163  --> src/services/template_service.rs:4:37
#10 3.163   |
#10 3.163 4 | use liquid::{Parser, ParserBuilder, Template};
#10 3.163   |                                     ^^^^^^^^
#10 3.163 
#10 3.164 warning: unused imports: `Deserialize` and `Serialize`
#10 3.164  --> src/services/language_service.rs:2:13
#10 3.164   |
#10 3.164 2 | use serde::{Deserialize, Serialize};
#10 3.164   |             ^^^^^^^^^^^  ^^^^^^^^^
#10 3.164 
#10 3.164 warning: unused import: `diesel::prelude::*`
#10 3.164  --> src/services/analytics_service_v2.rs:1:5
#10 3.164   |
#10 3.164 1 | use diesel::prelude::*;
#10 3.164   |     ^^^^^^^^^^^^^^^^^^
#10 3.164 
#10 3.164 warning: unused import: `Deserialize`
#10 3.164  --> src/services/analytics_service_v2.rs:2:13
#10 3.164   |
#10 3.164 2 | use serde::{Deserialize, Serialize};
#10 3.164   |             ^^^^^^^^^^^
#10 3.164 
#10 3.165 warning: unused import: `crate::services::language_service::LanguageService`
#10 3.165  --> src/services/hreflang_service.rs:1:5
#10 3.165   |
#10 3.165 1 | use crate::services::language_service::LanguageService;
#10 3.165   |     ^^^^^^^^^^^^^^^^^^^^^^^^^^^^^^^^^^^^^^^^^^^^^^^^^^
#10 3.165 
#10 3.165 warning: unused import: `warn`
#10 3.165  --> src/services/email_service.rs:5:24
#10 3.165   |
#10 3.165 5 | use log::{info, error, warn};
#10 3.165   |                        ^^^^
#10 3.165 
#10 3.165 warning: unused import: `DirectorySourceOptions`
#10 3.165  --> src/services/email_template_service.rs:1:30
#10 3.165   |
#10 3.165 1 | use handlebars::{Handlebars, DirectorySourceOptions};
#10 3.165   |                              ^^^^^^^^^^^^^^^^^^^^^^
#10 3.165 
#10 3.165 warning: unused imports: `crm_segments` and `users`
#10 3.165  --> src/services/crm_service.rs:9:54
#10 3.165   |
#10 3.165 9 | use crate::schema::{crm_customers, crm_interactions, crm_segments, crm_tasks, crm_notes, users};
#10 3.165   |                                                      ^^^^^^^^^^^^                        ^^^^^
#10 3.165 
#10 3.165 warning: unused imports: `Deserialize` and `Serialize`
#10 3.165  --> src/models/config_models.rs:1:13
#10 3.165   |
#10 3.165 1 | use serde::{Deserialize, Serialize};
#10 3.165   |             ^^^^^^^^^^^  ^^^^^^^^^
#10 3.165 
#10 3.166 warning: unused import: `std::io::Write`
#10 3.166  --> src/models/status_enum.rs:8:5
#10 3.166   |
#10 3.166 8 | use std::io::Write;
#10 3.166   |     ^^^^^^^^^^^^^^
#10 3.166 
#10 3.169 warning: unused import: `diesel::serialize::ToSql`
#10 3.169  --> src/models/revision_models.rs:6:5
#10 3.169   |
#10 3.169 6 | use diesel::serialize::ToSql;
#10 3.169   |     ^^^^^^^^^^^^^^^^^^^^^^^^
#10 3.169 
#10 3.169 warning: unused import: `diesel::deserialize::FromSql`
#10 3.169  --> src/models/revision_models.rs:7:5
#10 3.169   |
#10 3.169 7 | use diesel::deserialize::FromSql;
#10 3.169   |     ^^^^^^^^^^^^^^^^^^^^^^^^^^^^
#10 3.169 
#10 3.169 warning: unused imports: `Jsonb` and `Numeric`
#10 3.169  --> src/models/inventory_models.rs:3:25
#10 3.169   |
#10 3.169 3 | use diesel::sql_types::{Jsonb, Numeric};
#10 3.169   |                         ^^^^^  ^^^^^^^
#10 3.169 
#10 3.173 warning: unused import: `PooledConnection`
#10 3.173   --> src/models/mod.rs:29:99
#10 3.173    |
#10 3.173 29 | use diesel::{PgConnection, query_builder::AsChangeset, r2d2::{ConnectionManager, Pool, PoolError, PooledConnection}};
#10 3.173    |                                                                                                   ^^^^^^^^^^^^^^^^
#10 3.173 
#10 3.205 warning: unused import: `pgvector::sql_types::Vector`
#10 3.205  --> src/sql_types.rs:1:9
#10 3.205   |
#10 3.205 1 | pub use pgvector::sql_types::Vector;
#10 3.205   |         ^^^^^^^^^^^^^^^^^^^^^^^^^^^
#10 3.205 
#10 3.206 warning: unused import: `crate::models::DatabasePool`
#10 3.206  --> src/graphql/query.rs:5:5
#10 3.206   |
#10 3.206 5 | use crate::models::DatabasePool;
#10 3.206   |     ^^^^^^^^^^^^^^^^^^^^^^^^^^^
#10 3.206 
#10 3.206 warning: unused import: `HttpResponse`
#10 3.206  --> src/middleware/rate_limit.rs:5:12
#10 3.206   |
#10 3.206 5 |     Error, HttpResponse,
#10 3.206   |            ^^^^^^^^^^^^
#10 3.206 
#10 3.206 warning: unused import: `get_user_context`
#10 3.206  --> src/middleware/mod.rs:5:43
#10 3.206   |
#10 3.206 5 | pub use auth_middleware::{AuthMiddleware, get_user_context};
#10 3.206   |                                           ^^^^^^^^^^^^^^^^
#10 3.206 
#10 3.206 warning: unused imports: `Claims`, `UserContext`, and `create_jwt_token`
#10 3.206  --> src/middleware/mod.rs:6:41
#10 3.206   |
#10 3.206 6 | pub use crate::services::auth_service::{Claims, UserContext, create_jwt_token};
#10 3.206   |                                         ^^^^^^  ^^^^^^^^^^^  ^^^^^^^^^^^^^^^^
#10 3.206 
#10 3.770 warning: use of deprecated type alias `diesel::dsl::count_distinct`
#10 3.770    --> src/services/analytics_service.rs:129:26
#10 3.770     |
#10 3.770 129 |         use diesel::dsl::count_distinct;
#10 3.770     |                          ^^^^^^^^^^^^^^
#10 3.770     |
#10 3.770     = note: `#[warn(deprecated)]` on by default
#10 3.770 
#10 3.770 warning: use of deprecated function `diesel::dsl::count_distinct`: Use `AggregateExpressionMethods::aggregate_distinct` instead
#10 3.770    --> src/services/analytics_service.rs:129:26
#10 3.770     |
#10 3.770 129 |         use diesel::dsl::count_distinct;
#10 3.770     |                          ^^^^^^^^^^^^^^
#10 3.770 
#10 3.770 warning: use of deprecated function `diesel::dsl::count_distinct`: Use `AggregateExpressionMethods::aggregate_distinct` instead
#10 3.770    --> src/services/analytics_service.rs:136:21
#10 3.770     |
#10 3.770 136 |             .select(count_distinct(dsl::user_id))
#10 3.770     |                     ^^^^^^^^^^^^^^
#10 3.770 
#10 3.773 warning: use of deprecated function `aws_config::from_env`: Use the `aws_config::defaults` function. If you don't care about future default behavior changes, you can continue to use this function by enabling the `behavior-version-latest` feature. Doing so will make this deprecation notice go away.
#10 3.773   --> src/services/storage_service.rs:78:34
#10 3.773    |
#10 3.773 78 |         let config = aws_config::from_env()
#10 3.773    |                                  ^^^^^^^^
#10 3.773 
#10 3.786 warning: use of deprecated function `base64::encode`: Use Engine::encode
#10 3.786    --> src/services/payment_service/square.rs:237:32
#10 3.786     |
#10 3.786 237 |         let expected = base64::encode(mac.finalize().into_bytes());
#10 3.786     |                                ^^^^^^
#10 3.786 
#10 3.789 warning: use of deprecated type alias `diesel::backend::RawValue`: Use `Backend::RawValue` directly
#10 3.789   --> src/models/status_enum.rs:34:41
#10 3.789    |
#10 3.789 34 |     fn from_sql(bytes: diesel::backend::RawValue<Pg>) -> deserialize::Result<Self> {
#10 3.789    |                                         ^^^^^^^^
#10 3.789 
#10 8.129 warning: use of deprecated method `actix_web::HttpResponseBuilder::set_header`: Replaced with `insert_header((key, value))`. Will be removed in v5.
#10 8.129   --> src/controllers/sitemap_controller.rs:64:26
#10 8.129    |
#10 8.129 64 |                         .set_header("Content-Encoding", "gzip")
#10 8.129    |                          ^^^^^^^^^^
#10 8.129 
#10 8.129 warning: use of deprecated method `actix_web::HttpResponseBuilder::set_header`: Replaced with `insert_header((key, value))`. Will be removed in v5.
#10 8.129   --> src/controllers/sitemap_controller.rs:65:26
#10 8.129    |
#10 8.129 65 |                         .set_header("X-Sitemap-Count", page_count.to_string())
#10 8.129    |                          ^^^^^^^^^^
#10 8.129 
#10 8.131 warning: use of deprecated method `actix_web::HttpResponseBuilder::set_header`: Replaced with `insert_header((key, value))`. Will be removed in v5.
#10 8.131   --> src/controllers/sitemap_controller.rs:71:30
#10 8.131    |
#10 8.131 71 | ...                   .set_header("X-Sitemap-Count", page_count.to_string())
#10 8.131    |                        ^^^^^^^^^^
#10 8.131 
#10 8.131 warning: use of deprecated method `actix_web::HttpResponseBuilder::set_header`: Replaced with `insert_header((key, value))`. Will be removed in v5.
#10 8.131   --> src/controllers/sitemap_controller.rs:79:22
#10 8.131    |
#10 8.131 79 |                     .set_header("X-Sitemap-Count", page_count.to_string())
#10 8.131    |                      ^^^^^^^^^^
#10 8.131 
#10 8.547 warning: variable does not need to be mutable
#10 8.547    --> src/services/ai_authorization_service.rs:133:13
#10 8.547     |
#10 8.547 133 |         let mut conn = pool.get().map_err(|_| diesel::result::Error::DatabaseError(
#10 8.547     |             ----^^^^
#10 8.547     |             |
#10 8.547     |             help: remove this `mut`
#10 8.547     |
#10 8.547     = note: `#[warn(unused_mut)]` (part of `#[warn(unused)]`) on by default
#10 8.547 
#10 8.778 warning: variable does not need to be mutable
#10 8.778   --> src/services/aeo_service.rs:79:13
#10 8.778    |
#10 8.778 79 |         let mut pairs = vec![
#10 8.778    |             ----^^^^^
#10 8.778    |             |
#10 8.778    |             help: remove this `mut`
#10 8.778 
#10 9.595 warning: use of deprecated associated function `handlebars::RenderError::new`: Use RenderErrorReason instead
#10 9.595   --> src/helpers/default.rs:17:29
#10 9.595    |
#10 9.595 17 |         .ok_or(RenderError::new(
#10 9.595    |                             ^^^
#10 9.595 
#10 9.596 warning: use of deprecated associated function `handlebars::RenderError::new`: Use RenderErrorReason instead
#10 9.596   --> src/helpers/default.rs:28:33
#10 9.596    |
#10 9.596 28 |             .ok_or(RenderError::new("No fields exist on this page."))?
#10 9.596    |                                 ^^^
#10 9.596 
#10 9.596 warning: use of deprecated associated function `handlebars::RenderError::new`: Use RenderErrorReason instead
#10 9.596   --> src/helpers/default.rs:30:33
#10 9.596    |
#10 9.596 30 |             .ok_or(RenderError::new(&format!(
#10 9.596    |                                 ^^^
#10 9.596 
#10 9.597 warning: use of deprecated associated function `handlebars::RenderError::new`: Use RenderErrorReason instead
#10 9.597   --> src/helpers/default.rs:61:33
#10 9.597    |
#10 9.597 61 |             .ok_or(RenderError::new(
#10 9.597    |                                 ^^^
#10 9.597 
#10 9.598 warning: use of deprecated associated function `handlebars::RenderError::new`: Use RenderErrorReason instead
#10 9.598   --> src/helpers/default.rs:70:37
#10 9.598    |
#10 9.598 70 |                 .ok_or(RenderError::new("No fields exist on this page."))?
#10 9.598    |                                     ^^^
#10 9.598 
#10 9.598 warning: use of deprecated associated function `handlebars::RenderError::new`: Use RenderErrorReason instead
#10 9.598   --> src/helpers/default.rs:72:37
#10 9.598    |
#10 9.598 72 |                 .ok_or(RenderError::new(&format!(
#10 9.598    |                                     ^^^
#10 9.598 
#10 9.660 warning: use of deprecated method `chrono::DateTime::<Tz>::date`: Use `date_naive()` instead
#10 9.660   --> src/services/analytics_service.rs:86:38
#10 9.660    |
#10 9.660 86 |         let today_start = Utc::now().date().and_hms(0, 0, 0).naive_utc();
#10 9.660    |                                      ^^^^
#10 9.660 
#10 9.660 warning: use of deprecated method `chrono::Date::<Tz>::and_hms`: Use and_hms_opt() instead
#10 9.660   --> src/services/analytics_service.rs:86:45
#10 9.660    |
#10 9.660 86 |         let today_start = Utc::now().date().and_hms(0, 0, 0).naive_utc();
#10 9.660    |                                             ^^^^^^^
#10 9.660 
#10 9.663 warning: use of deprecated method `chrono::DateTime::<Tz>::date`: Use `date_naive()` instead
#10 9.663    --> src/services/analytics_service.rs:132:38
#10 9.663     |
#10 9.663 132 |         let today_start = Utc::now().date().and_hms(0, 0, 0).naive_utc();
#10 9.663     |                                      ^^^^
#10 9.663 
#10 9.663 warning: use of deprecated method `chrono::Date::<Tz>::and_hms`: Use and_hms_opt() instead
#10 9.663    --> src/services/analytics_service.rs:132:45
#10 9.663     |
#10 9.663 132 |         let today_start = Utc::now().date().and_hms(0, 0, 0).naive_utc();
#10 9.663     |                                             ^^^^^^^
#10 9.663 
#10 13.18 warning: unused import: `diesel::prelude`
#10 13.18  --> src/controllers/i18n_controller.rs:2:5
#10 13.18   |
#10 13.18 2 | use diesel::prelude::*;
#10 13.18   |     ^^^^^^^^^^^^^^^
#10 13.18 
#10 13.18 warning: unused import: `Digest`
#10 13.18  --> src/services/webhook_service.rs:5:20
#10 13.18   |
#10 13.18 5 | use sha2::{Sha256, Digest};
#10 13.18   |                    ^^^^^^
#10 13.18 
#10 13.34 warning: variable `caption` is assigned to, but never used
#10 13.34    --> src/controllers/media_controller.rs:114:9
#10 13.34     |
#10 13.34 114 |     let mut caption = None;
#10 13.34     |         ^^^^^^^^^^^
#10 13.34     |
#10 13.34     = note: consider using `_caption` instead
#10 13.34     = note: `#[warn(unused_variables)]` (part of `#[warn(unused)]`) on by default
#10 13.34 
#10 13.34 warning: variable `folder` is assigned to, but never used
#10 13.34    --> src/controllers/media_controller.rs:115:9
#10 13.34     |
#10 13.34 115 |     let mut folder = None;
#10 13.34     |         ^^^^^^^^^^
#10 13.34     |
#10 13.34     = note: consider using `_folder` instead
#10 13.34 
#10 13.34 warning: value assigned to `caption` is never read
#10 13.34    --> src/controllers/media_controller.rs:171:21
#10 13.34     |
#10 13.34 171 |                     caption = Some(value);
#10 13.34     |                     ^^^^^^^
#10 13.34     |
#10 13.34     = help: maybe it is overwritten before being read?
#10 13.34     = note: `#[warn(unused_assignments)]` (part of `#[warn(unused)]`) on by default
#10 13.34 
#10 13.34 warning: value assigned to `folder` is never read
#10 13.34    --> src/controllers/media_controller.rs:182:21
#10 13.34     |
#10 13.34 182 |                     folder = Some(value);
#10 13.34     |                     ^^^^^^
#10 13.34     |
#10 13.34     = help: maybe it is overwritten before being read?
#10 13.34 
#10 13.40 warning: unused variable: `req`
#10 13.40   --> src/controllers/theme_controller.rs:13:5
#10 13.40    |
#10 13.40 13 |     req: HttpRequest,
#10 13.40    |     ^^^ help: if this is intentional, prefix it with an underscore: `_req`
#10 13.40 
#10 13.46 warning: unused variable: `pool`
#10 13.46   --> src/controllers/relationship_controller.rs:34:5
#10 13.46    |
#10 13.46 34 |     pool: web::Data<DatabasePool>
#10 13.46    |     ^^^^ help: if this is intentional, prefix it with an underscore: `_pool`
#10 13.46 
#10 13.46 warning: unused variable: `pool`
#10 13.46   --> src/controllers/relationship_controller.rs:52:5
#10 13.46    |
#10 13.46 52 |     pool: web::Data<DatabasePool>
#10 13.46    |     ^^^^ help: if this is intentional, prefix it with an underscore: `_pool`
#10 13.46 
#10 13.46 warning: unused variable: `id`
#10 13.46   --> src/controllers/relationship_controller.rs:67:5
#10 13.46    |
#10 13.46 67 |     id: web::Path<i64>,
#10 13.46    |     ^^ help: if this is intentional, prefix it with an underscore: `_id`
#10 13.46 
#10 13.46 warning: unused variable: `pool`
#10 13.46   --> src/controllers/relationship_controller.rs:68:5
#10 13.46    |
#10 13.46 68 |     pool: web::Data<DatabasePool>
#10 13.46    |     ^^^^ help: if this is intentional, prefix it with an underscore: `_pool`
#10 13.46 
#10 13.56 warning: unused variable: `e`
#10 13.56    --> src/services/crm_service.rs:179:15
#10 13.56     |
#10 13.56 179 |     .map_err(|e| CustomHttpError::NotFound("Customer not found".to_string()))?;
#10 13.56     |               ^ help: if this is intentional, prefix it with an underscore: `_e`
#10 13.56 
#10 13.67 warning: unused variable: `uuid_str`
#10 13.67    --> src/controllers/oauth_callback_controller.rs:101:21
#10 13.67     |
#10 13.67 101 |         if let Some(uuid_str) = user_uuid_option {
#10 13.67     |                     ^^^^^^^^ help: if this is intentional, prefix it with an underscore: `_uuid_str`
#10 13.67 
#10 13.73 warning: unused variable: `user_ctx`
#10 13.73    --> src/controllers/tenant_controller.rs:214:9
#10 13.73     |
#10 13.73 214 |     let user_ctx = match get_user_context(&req) {
#10 13.73     |         ^^^^^^^^ help: if this is intentional, prefix it with an underscore: `_user_ctx`
#10 13.73 
#10 13.81 warning: unused variable: `page_url`
#10 13.81   --> src/services/analytics_service.rs:44:9
#10 13.81    |
#10 13.81 44 |         page_url: String,
#10 13.81    |         ^^^^^^^^ help: if this is intentional, prefix it with an underscore: `_page_url`
#10 13.81 
#10 13.81 warning: unused variable: `page_uuid`
#10 13.81   --> src/services/analytics_service.rs:45:9
#10 13.81    |
#10 13.81 45 |         page_uuid: Option<String>,
#10 13.81    |         ^^^^^^^^^ help: if this is intentional, prefix it with an underscore: `_page_uuid`
#10 13.81 
#10 13.81 warning: unused variable: `page_url`
#10 13.81   --> src/services/analytics_service.rs:68:27
#10 13.81    |
#10 13.81 68 |     pub fn get_page_views(page_url: &str) -> i64 {
#10 13.81    |                           ^^^^^^^^ help: if this is intentional, prefix it with an underscore: `_page_url`
#10 13.81 
#10 13.90 warning: unused variable: `reason`
#10 13.90    --> src/services/inventory_service.rs:128:9
#10 13.90     |
#10 13.90 128 |     let reason = payload.reason.clone();
#10 13.90     |         ^^^^^^ help: if this is intentional, prefix it with an underscore: `_reason`
#10 13.90 
#10 13.90 warning: unused variable: `team_role`
#10 13.90   --> src/services/ai_scope_service.rs:70:25
#10 13.90    |
#10 13.90 70 |             if let Some(team_role) = &user.team_role {
#10 13.90    |                         ^^^^^^^^^ help: if this is intentional, prefix it with an underscore: `_team_role`
#10 13.90 
#10 13.93 warning: unused variable: `payload`
#10 13.93    --> src/services/ai_provider_service.rs:137:5
#10 13.93     |
#10 13.93 137 |     payload: web::Json<UpdateProviderRequest>,
#10 13.93     |     ^^^^^^^ help: if this is intentional, prefix it with an underscore: `_payload`
#10 13.93 
#10 14.03 warning: variable does not need to be mutable
#10 14.03   --> src/services/ai_authorization_service.rs:94:9
#10 14.03    |
#10 14.03 94 |     let mut conn = pool.get().map_err(|_| diesel::result::Error::DatabaseError(
#10 14.03    |         ----^^^^
#10 14.03    |         |
#10 14.03    |         help: remove this `mut`
#10 14.03 
#10 14.03 warning: unused variable: `conn`
#10 14.03   --> src/services/ai_authorization_service.rs:94:9
#10 14.03    |
#10 14.03 94 |     let mut conn = pool.get().map_err(|_| diesel::result::Error::DatabaseError(
#10 14.03    |         ^^^^^^^^ help: if this is intentional, prefix it with an underscore: `_conn`
#10 14.03 
#10 14.04 warning: unused variable: `conn`
#10 14.04    --> src/services/ai_authorization_service.rs:133:13
#10 14.04     |
#10 14.04 133 |         let mut conn = pool.get().map_err(|_| diesel::result::Error::DatabaseError(
#10 14.04     |             ^^^^^^^^ help: if this is intentional, prefix it with an underscore: `_conn`
#10 14.04 
#10 14.04 warning: unused variable: `page_id`
#10 14.04    --> src/services/ai_authorization_service.rs:124:5
#10 14.04     |
#10 14.04 124 |     page_id: i64,
#10 14.04     |     ^^^^^^^ help: if this is intentional, prefix it with an underscore: `_page_id`
#10 14.04 
#10 14.04 warning: unused variable: `user_id`
#10 14.04    --> src/services/ai_authorization_service.rs:129:9
#10 14.04     |
#10 14.04 129 |     let user_id = user.user_id;
#10 14.04     |         ^^^^^^^ help: if this is intentional, prefix it with an underscore: `_user_id`
#10 14.04 
#10 14.27 warning: unused variable: `parameters`
#10 14.27    --> src/services/mcp_client.rs:131:9
#10 14.27     |
#10 14.27 131 |         parameters: serde_json::Value
#10 14.27     |         ^^^^^^^^^^ help: if this is intentional, prefix it with an underscore: `_parameters`
#10 14.27 
#10 14.64 warning: unused variable: `api_key`
#10 14.64    --> src/services/command_router.rs:101:13
#10 14.64     |
#10 14.64 101 |         let api_key = self.key_manager
#10 14.64     |             ^^^^^^^ help: if this is intentional, prefix it with an underscore: `_api_key`
#10 14.64 
#10 14.64 warning: unused variable: `prompt`
#10 14.64    --> src/services/command_router.rs:111:13
#10 14.64     |
#10 14.64 111 |         let prompt = format!(
#10 14.64     |             ^^^^^^ help: if this is intentional, prefix it with an underscore: `_prompt`
#10 14.64 
#10 14.64 warning: unused variable: `api_key`
#10 14.64    --> src/services/command_router.rs:155:13
#10 14.64     |
#10 14.64 155 |         let api_key = self.key_manager
#10 14.64     |             ^^^^^^^ help: if this is intentional, prefix it with an underscore: `_api_key`
#10 14.64 
#10 14.64 warning: unused variable: `api_key`
#10 14.64    --> src/services/command_router.rs:206:13
#10 14.64     |
#10 14.64 206 |         let api_key = self.key_manager
#10 14.64     |             ^^^^^^^ help: if this is intentional, prefix it with an underscore: `_api_key`
#10 14.64 
#10 14.65 warning: unused variable: `api_key`
#10 14.65    --> src/services/command_router.rs:257:13
#10 14.65     |
#10 14.65 257 |         let api_key = self.key_manager
#10 14.65     |             ^^^^^^^ help: if this is intentional, prefix it with an underscore: `_api_key`
#10 14.65 
#10 14.65 warning: unused variable: `api_key`
#10 14.65    --> src/services/command_router.rs:303:13
#10 14.65     |
#10 14.65 303 |         let api_key = self.key_manager
#10 14.65     |             ^^^^^^^ help: if this is intentional, prefix it with an underscore: `_api_key`
#10 14.65 
#10 15.02 warning: unused variable: `domain`
#10 15.02   --> src/services/geo_service.rs:32:9
#10 15.02    |
#10 15.02 32 |         domain: &str,
#10 15.02    |         ^^^^^^ help: if this is intentional, prefix it with an underscore: `_domain`
#10 15.02 
#10 15.02 warning: unused variable: `content`
#10 15.02   --> src/services/geo_service.rs:60:42
#10 15.02    |
#10 15.02 60 |     async fn extract_attributions(&self, content: &str) -> Result<Vec<SourceAttribution>, String> {
#10 15.02    |                                          ^^^^^^^ help: if this is intentional, prefix it with an underscore: `_content`
#10 15.02 
#10 15.05 warning: unused variable: `content`
#10 15.05   --> src/services/seo_meta_generator.rs:47:36
#10 15.05    |
#10 15.05 47 |     async fn generate_title(&self, content: &str, keyword: &str) -> Result<String, String> {
#10 15.05    |                                    ^^^^^^^ help: if this is intentional, prefix it with an underscore: `_content`
#10 15.05 
#10 15.05 warning: unused variable: `content`
#10 15.05   --> src/services/seo_meta_generator.rs:54:42
#10 15.05    |
#10 15.05 54 |     async fn generate_description(&self, content: &str, keyword: &str) -> Result<String, String> {
#10 15.05    |                                          ^^^^^^^ help: if this is intentional, prefix it with an underscore: `_content`
#10 15.05 
#10 15.05 warning: unused variable: `content`
#10 15.05   --> src/services/seo_meta_generator.rs:61:38
#10 15.05    |
#10 15.05 61 |     async fn extract_keywords(&self, content: &str) -> Result<Vec<String>, String> {
#10 15.05    |                                      ^^^^^^^ help: if this is intentional, prefix it with an underscore: `_content`
#10 15.05 
#10 15.09 warning: unused variable: `content`
#10 15.09   --> src/services/content_quality.rs:81:34
#10 15.09    |
#10 15.09 81 |     fn syllables_per_word(&self, content: &str) -> f64 {
#10 15.09    |                                  ^^^^^^^ help: if this is intentional, prefix it with an underscore: `_content`
#10 15.09 
#10 15.10 warning: unused variable: `words`
#10 15.10    --> src/services/link_builder.rs:165:13
#10 15.10     |
#10 15.10 165 |         let words: Vec<&str> = content.split_whitespace().collect();
#10 15.10     |             ^^^^^ help: if this is intentional, prefix it with an underscore: `_words`
#10 15.10 
#10 15.39 warning: unused variable: `total`
#10 15.39    --> src/services/content_calendar.rs:163:13
#10 15.39     |
#10 15.39 163 |         let total = schedule.len() as f64;
#10 15.39     |             ^^^^^ help: if this is intentional, prefix it with an underscore: `_total`
#10 15.39 
#10 15.42 warning: unused variable: `keyword`
#10 15.42   --> src/services/rank_tracker.rs:66:34
#10 15.42    |
#10 15.42 66 |     async fn get_rankings(&self, keyword: &str, url: &str) -> Result<Vec<RankingSnapshot>, String> {
#10 15.42    |                                  ^^^^^^^ help: if this is intentional, prefix it with an underscore: `_keyword`
#10 15.42 
#10 15.66 warning: unused variable: `product_name`
#10 15.66   --> src/services/wishlist.rs:49:9
#10 15.66    |
#10 15.66 49 |         product_name: String,
#10 15.66    |         ^^^^^^^^^^^^ help: if this is intentional, prefix it with an underscore: `_product_name`
#10 15.66 
#10 15.66 warning: unused variable: `price`
#10 15.66   --> src/services/wishlist.rs:50:9
#10 15.66    |
#10 15.66 50 |         price: f64,
#10 15.66    |         ^^^^^ help: if this is intentional, prefix it with an underscore: `_price`
#10 15.66 
#10 15.86 warning: unused variable: `required_permission`
#10 15.86   --> src/services/permission_service.rs:74:5
#10 15.86    |
#10 15.86 74 |     required_permission: &str,
#10 15.86    |     ^^^^^^^^^^^^^^^^^^^ help: if this is intentional, prefix it with an underscore: `_required_permission`
#10 15.86 
#10 15.92 warning: unused variable: `quality`
#10 15.92   --> src/services/image_service.rs:92:44
#10 15.92    |
#10 15.92 92 | pub fn convert_to_webp(img: &DynamicImage, quality: u8) -> Result<Vec<u8>, String> {
#10 15.92    |                                            ^^^^^^^ help: if this is intentional, prefix it with an underscore: `_quality`
#10 15.92 
#10 15.94 warning: unused variable: `content_type`
#10 15.94   --> src/services/plugin_service/mod.rs:28:37
#10 15.94    |
#10 15.94 28 |     async fn on_save_content(&self, content_type: &str, data: &serde_json::Value) -> Result<(), String> {
#10 15.94    |                                     ^^^^^^^^^^^^ help: if this is intentional, prefix it with an underscore: `_content_type`
#10 15.94 
#10 15.94 warning: unused variable: `data`
#10 15.94   --> src/services/plugin_service/mod.rs:28:57
#10 15.94    |
#10 15.94 28 |     async fn on_save_content(&self, content_type: &str, data: &serde_json::Value) -> Result<(), String> {
#10 15.94    |                                                         ^^^^ help: if this is intentional, prefix it with an underscore: `_data`
#10 15.94 
#10 16.27 warning: unused variable: `payload`
#10 16.27    --> src/services/payment_service/paypal.rs:242:40
#10 16.27     |
#10 16.27 242 |     fn verify_webhook_signature(&self, payload: &[u8], signature: &str) -> Result<bool, String> {
#10 16.27     |                                        ^^^^^^^ help: if this is intentional, prefix it with an underscore: `_payload`
#10 16.27 
#10 16.45 warning: variable does not need to be mutable
#10 16.45   --> src/services/encryption_service.rs:79:23
#10 16.45    |
#10 16.45 79 |     let (nonce_bytes, mut ciphertext) = combined.split_at(NONCE_LEN);
#10 16.45    |                       ----^^^^^^^^^^
#10 16.45    |                       |
#10 16.45    |                       help: remove this `mut`
#10 16.45 
#10 16.46 warning: unused variable: `session_id`
#10 16.46   --> src/services/analytics_service_v2.rs:24:9
#10 16.46    |
#10 16.46 24 |         session_id: String,
#10 16.46    |         ^^^^^^^^^^ help: if this is intentional, prefix it with an underscore: `_session_id`
#10 16.46 
#10 16.46 warning: unused variable: `user_agent`
#10 16.46   --> src/services/analytics_service_v2.rs:26:9
#10 16.46    |
#10 16.46 26 |         user_agent: String,
#10 16.46    |         ^^^^^^^^^^ help: if this is intentional, prefix it with an underscore: `_user_agent`
#10 16.46 
#10 16.46 warning: unused variable: `referer`
#10 16.46   --> src/services/analytics_service_v2.rs:27:9
#10 16.46    |
#10 16.46 27 |         referer: Option<String>
#10 16.46    |         ^^^^^^^ help: if this is intentional, prefix it with an underscore: `_referer`
#10 16.46 
#10 16.46 warning: unused variable: `page_uuid`
#10 16.46   --> src/services/analytics_service_v2.rs:36:9
#10 16.46    |
#10 16.46 36 |         page_uuid: Option<String>,
#10 16.46    |         ^^^^^^^^^ help: if this is intentional, prefix it with an underscore: `_page_uuid`
#10 16.46 
#10 16.46 warning: unused variable: `metadata`
#10 16.46   --> src/services/analytics_service_v2.rs:37:9
#10 16.46    |
#10 16.46 37 |         metadata: Option<serde_json::Value>
#10 16.46    |         ^^^^^^^^ help: if this is intentional, prefix it with an underscore: `_metadata`
#10 16.46 
#10 16.46 warning: unused variable: `page_uuid`
#10 16.46   --> src/services/analytics_service_v2.rs:44:9
#10 16.46    |
#10 16.46 44 |         page_uuid: &str,
#10 16.46    |         ^^^^^^^^^ help: if this is intentional, prefix it with an underscore: `_page_uuid`
#10 16.46 
#10 16.46 warning: unused variable: `from_date`
#10 16.46   --> src/services/analytics_service_v2.rs:45:9
#10 16.46    |
#10 16.46 45 |         from_date: NaiveDateTime,
#10 16.46    |         ^^^^^^^^^ help: if this is intentional, prefix it with an underscore: `_from_date`
#10 16.46 
#10 16.46 warning: unused variable: `to_date`
#10 16.46   --> src/services/analytics_service_v2.rs:46:9
#10 16.46    |
#10 16.46 46 |         to_date: NaiveDateTime
#10 16.46    |         ^^^^^^^ help: if this is intentional, prefix it with an underscore: `_to_date`
#10 16.46 
#10 16.48 warning: unused variable: `current_lang`
#10 16.48  --> src/services/hreflang_service.rs:6:5
#10 16.48   |
#10 16.48 6 |     current_lang: &str,  
#10 16.48   |     ^^^^^^^^^^^^ help: if this is intentional, prefix it with an underscore: `_current_lang`
#10 16.48 
#10 16.99 warning: variable does not need to be mutable
#10 16.99    --> src/models/page_models.rs:279:13
#10 16.99     |
#10 16.99 279 |         let mut page_dto: PageModuleDTO = filtered_page.into();
#10 16.99     |             ----^^^^^^^^
#10 16.99     |             |
#10 16.99     |             help: remove this `mut`
#10 16.99 
#10 16.99 warning: unused variable: `module_dto`
#10 16.99    --> src/models/page_models.rs:274:13
#10 16.99     |
#10 16.99 274 |         let module_dto = FieldsDTO {
#10 16.99     |             ^^^^^^^^^^ help: if this is intentional, prefix it with an underscore: `_module_dto`
#10 16.99 
#10 20.03 warning: unused variable: `pool`
#10 20.03   --> src/models/db_connection.rs:43:33
#10 20.03    |
#10 20.03 43 | pub fn get_database_type_string(pool: &DatabasePool) -> &'static str {
#10 20.03    |                                 ^^^^ help: if this is intentional, prefix it with an underscore: `_pool`
#10 20.03 
#10 21.25 warning: unused variable: `ctx`
#10 21.25   --> src/graphql/query.rs:12:26
#10 21.25    |
#10 21.25 12 |     async fn page(&self, ctx: &Context<'_>, uuid: String) -> Result<Option<GqlPage>> {
#10 21.25    |                          ^^^ help: if this is intentional, prefix it with an underscore: `_ctx`
#10 21.25 
#10 21.25 warning: unused variable: `ctx`
#10 21.25   --> src/graphql/query.rs:31:9
#10 21.25    |
#10 21.25 31 |         ctx: &Context<'_>,
#10 21.25    |         ^^^ help: if this is intentional, prefix it with an underscore: `_ctx`
#10 21.25 
#10 21.25 warning: unused variable: `page`
#10 21.25   --> src/graphql/query.rs:34:13
#10 21.25    |
#10 21.25 34 |         let page = pagination.as_ref().and_then(|p| p.page).unwrap_or(1);
#10 21.25    |             ^^^^ help: if this is intentional, prefix it with an underscore: `_page`
#10 21.25 
#10 21.25 warning: unused variable: `per_page`
#10 21.25   --> src/graphql/query.rs:35:13
#10 21.25    |
#10 21.25 35 |         let per_page = pagination.as_ref().and_then(|p| p.per_page).unwrap_or(20);
#10 21.25    |             ^^^^^^^^ help: if this is intentional, prefix it with an underscore: `_per_page`
#10 21.25 
#10 21.25 warning: unused variable: `ctx`
#10 21.25   --> src/graphql/query.rs:64:9
#10 21.25    |
#10 21.25 64 |         ctx: &Context<'_>,
#10 21.25    |         ^^^ help: if this is intentional, prefix it with an underscore: `_ctx`
#10 21.25 
#10 21.25 warning: unused variable: `resources`
#10 21.25   --> src/graphql/query.rs:66:9
#10 21.25    |
#10 21.25 66 |         resources: Option<Vec<String>>
#10 21.25    |         ^^^^^^^^^ help: if this is intentional, prefix it with an underscore: `_resources`
#10 21.25 
#10 21.25 warning: unused variable: `ctx`
#10 21.25   --> src/graphql/query.rs:82:9
#10 21.25    |
#10 21.25 82 |         ctx: &Context<'_>,
#10 21.25    |         ^^^ help: if this is intentional, prefix it with an underscore: `_ctx`
#10 21.25 
#10 21.25 warning: unused variable: `ctx`
#10 21.25    --> src/graphql/query.rs:100:9
#10 21.25     |
#10 21.25 100 |         ctx: &Context<'_>,
#10 21.25     |         ^^^ help: if this is intentional, prefix it with an underscore: `_ctx`
#10 21.25 
#10 21.25 warning: unused variable: `pagination`
#10 21.25    --> src/graphql/query.rs:101:9
#10 21.25     |
#10 21.25 101 |         pagination: Option<PaginationInput>
#10 21.25     |         ^^^^^^^^^^ help: if this is intentional, prefix it with an underscore: `_pagination`
#10 21.25 
#10 21.26 warning: unused variable: `ctx`
#10 21.26   --> src/graphql/mutation.rs:13:9
#10 21.26    |
#10 21.26 13 |         ctx: &Context<'_>,
#10 21.26    |         ^^^ help: if this is intentional, prefix it with an underscore: `_ctx`
#10 21.26 
#10 21.26 warning: unused variable: `ctx`
#10 21.26   --> src/graphql/mutation.rs:34:9
#10 21.26    |
#10 21.26 34 |         ctx: &Context<'_>,
#10 21.26    |         ^^^ help: if this is intentional, prefix it with an underscore: `_ctx`
#10 21.26 
#10 21.26 warning: unused variable: `ctx`
#10 21.26   --> src/graphql/mutation.rs:56:9
#10 21.26    |
#10 21.26 56 |         ctx: &Context<'_>,
#10 21.26    |         ^^^ help: if this is intentional, prefix it with an underscore: `_ctx`
#10 21.26 
#10 21.26 warning: unused variable: `uuid`
#10 21.26   --> src/graphql/mutation.rs:57:9
#10 21.26    |
#10 21.26 57 |         uuid: String
#10 21.26    |         ^^^^ help: if this is intentional, prefix it with an underscore: `_uuid`
#10 21.26 
#10 21.53 For more information about this error, try `rustc --explain E0432`.
#10 21.58 warning: `freeradical` (bin "freeradical") generated 189 warnings
#10 21.58 error: could not compile `freeradical` (bin "freeradical") due to 1 previous error; 189 warnings emitted
#10 ERROR: process "/bin/sh -c cargo build --release" did not complete successfully: exit code: 101
------
 > [builder 13/13] RUN cargo build --release:
21.26 
21.26 warning: unused variable: `uuid`
21.26   --> src/graphql/mutation.rs:57:9
21.26    |
21.26 57 |         uuid: String
21.26    |         ^^^^ help: if this is intentional, prefix it with an underscore: `_uuid`
21.26 
21.53 For more information about this error, try `rustc --explain E0432`.
21.58 warning: `freeradical` (bin "freeradical") generated 189 warnings
21.58 error: could not compile `freeradical` (bin "freeradical") due to 1 previous error; 189 warnings emitted
------
failed to solve: process "/bin/sh -c cargo build --release" did not complete successfully: exit code: 101

